mode: set
courier-service/internal/core/config.go:29.36,34.71 3 0
courier-service/internal/core/config.go:34.71,36.3 1 0
courier-service/internal/core/config.go:37.2,46.17 8 0
courier-service/internal/core/config.go:49.39,61.61 1 0
courier-service/internal/core/config.go:61.61,61.75 1 0
courier-service/internal/core/config.go:65.40,67.15 2 0
courier-service/internal/core/config.go:67.15,69.3 1 0
courier-service/internal/core/config.go:70.2,78.3 1 0
courier-service/internal/core/config.go:81.35,87.2 2 0
courier-service/internal/core/config.go:89.32,111.2 10 0
courier-service/internal/core/config.go:113.55,114.42 1 0
courier-service/internal/core/config.go:114.42,116.3 1 0
courier-service/internal/core/config.go:117.2,117.21 1 0
courier-service/internal/core/database.go:11.35,14.16 3 0
courier-service/internal/core/database.go:14.16,16.3 1 0
courier-service/internal/core/database.go:18.2,27.16 8 0
courier-service/internal/core/database.go:27.16,29.3 1 0
courier-service/internal/core/database.go:31.2,33.40 3 0
courier-service/internal/core/database.go:33.40,37.21 4 0
courier-service/internal/core/database.go:37.21,38.9 1 0
courier-service/internal/core/database.go:40.3,41.27 2 0
courier-service/internal/core/database.go:41.27,43.4 1 0
courier-service/internal/core/database.go:46.2,46.20 1 0
courier-service/internal/core/database.go:46.20,48.3 1 0
courier-service/internal/core/database.go:49.2,51.13 2 0
courier-service/internal/core/server.go:17.73,25.12 4 0
courier-service/internal/core/server.go:25.12,26.86 1 0
courier-service/internal/core/server.go:26.86,29.4 2 0
courier-service/internal/core/server.go:32.2,34.33 2 0
courier-service/internal/core/server.go:37.91,43.9 4 0
courier-service/internal/core/server.go:44.20,45.40 1 0
courier-service/internal/core/server.go:46.26,47.48 1 0
courier-service/internal/core/server.go:50.2,55.50 4 0
courier-service/internal/core/server.go:55.50,57.3 1 0
courier-service/internal/core/server.go:57.8,59.3 1 0
courier-service/internal/core/server.go:60.2,62.33 3 0
courier-service/internal/handlers/mocks/usecase_mock.go:27.75,31.2 3 0
courier-service/internal/handlers/mocks/usecase_mock.go:34.73,36.2 1 0
courier-service/internal/handlers/mocks/usecase_mock.go:39.114,45.2 5 0
courier-service/internal/handlers/mocks/usecase_mock.go:48.93,51.2 2 0
courier-service/internal/handlers/mocks/usecase_mock.go:54.92,60.2 5 0
courier-service/internal/handlers/mocks/usecase_mock.go:63.89,66.2 2 0
courier-service/internal/handlers/mocks/usecase_mock.go:69.101,75.2 5 0
courier-service/internal/handlers/mocks/usecase_mock.go:78.93,81.2 2 0
courier-service/internal/handlers/mocks/usecase_mock.go:84.105,89.2 4 0
courier-service/internal/handlers/mocks/usecase_mock.go:92.93,95.2 2 0
courier-service/internal/handlers/mocks/usecase_mock.go:109.75,113.2 3 0
courier-service/internal/handlers/mocks/usecase_mock.go:116.73,118.2 1 0
courier-service/internal/handlers/mocks/usecase_mock.go:121.139,127.2 5 0
courier-service/internal/handlers/mocks/usecase_mock.go:130.94,133.2 2 0
courier-service/internal/handlers/mocks/usecase_mock.go:136.145,142.2 5 0
courier-service/internal/handlers/mocks/usecase_mock.go:145.96,148.2 2 0
courier-service/internal/usecase/mocks/repository_mock.go:27.81,31.2 3 0
courier-service/internal/usecase/mocks/repository_mock.go:34.79,36.2 1 0
courier-service/internal/usecase/mocks/repository_mock.go:39.110,45.2 5 0
courier-service/internal/usecase/mocks/repository_mock.go:48.100,51.2 2 0
courier-service/internal/usecase/mocks/repository_mock.go:54.104,60.2 5 0
courier-service/internal/usecase/mocks/repository_mock.go:63.105,66.2 2 0
courier-service/internal/usecase/mocks/repository_mock.go:69.102,75.2 5 0
courier-service/internal/usecase/mocks/repository_mock.go:78.98,81.2 2 0
courier-service/internal/usecase/mocks/repository_mock.go:84.86,89.2 4 0
courier-service/internal/usecase/mocks/repository_mock.go:92.102,95.2 2 0
courier-service/internal/usecase/mocks/repository_mock.go:98.97,104.2 5 0
courier-service/internal/usecase/mocks/repository_mock.go:107.92,110.2 2 0
courier-service/internal/usecase/mocks/repository_mock.go:113.106,119.2 5 0
courier-service/internal/usecase/mocks/repository_mock.go:122.96,125.2 2 0
courier-service/internal/usecase/mocks/repository_mock.go:128.101,133.2 4 0
courier-service/internal/usecase/mocks/repository_mock.go:136.100,139.2 2 0
courier-service/internal/usecase/mocks/repository_mock.go:153.81,157.2 3 0
courier-service/internal/usecase/mocks/repository_mock.go:160.79,162.2 1 0
courier-service/internal/usecase/mocks/repository_mock.go:165.115,171.2 5 0
courier-service/internal/usecase/mocks/repository_mock.go:174.103,177.2 2 0
courier-service/internal/usecase/mocks/repository_mock.go:180.123,186.2 5 0
courier-service/internal/usecase/mocks/repository_mock.go:189.102,192.2 2 0
courier-service/internal/usecase/mocks/repository_mock.go:195.92,200.2 4 0
courier-service/internal/usecase/mocks/repository_mock.go:203.101,206.2 2 0
courier-service/internal/usecase/mocks/repository_mock.go:220.61,224.2 3 0
courier-service/internal/usecase/mocks/repository_mock.go:227.59,229.2 1 0
courier-service/internal/usecase/mocks/repository_mock.go:232.87,237.2 4 0
courier-service/internal/usecase/mocks/repository_mock.go:240.75,243.2 2 0
courier-service/internal/routing/courier.go:9.73,11.41 2 0
courier-service/internal/routing/courier.go:11.41,15.3 3 0
courier-service/internal/routing/delivery.go:8.75,9.42 1 0
courier-service/internal/routing/delivery.go:9.42,12.3 2 0
courier-service/internal/routing/root.go:12.12,18.2 5 0
courier-service/internal/core/config.go:29.36,34.71 3 0
courier-service/internal/core/config.go:34.71,36.3 1 0
courier-service/internal/core/config.go:37.2,46.17 8 0
courier-service/internal/core/config.go:49.39,61.61 1 0
courier-service/internal/core/config.go:61.61,61.75 1 0
courier-service/internal/core/config.go:65.40,67.15 2 0
courier-service/internal/core/config.go:67.15,69.3 1 0
courier-service/internal/core/config.go:70.2,78.3 1 0
courier-service/internal/core/config.go:81.35,87.2 2 0
courier-service/internal/core/config.go:89.32,111.2 10 0
courier-service/internal/core/config.go:113.55,114.42 1 0
courier-service/internal/core/config.go:114.42,116.3 1 0
courier-service/internal/core/config.go:117.2,117.21 1 0
courier-service/internal/core/database.go:11.35,14.16 3 0
courier-service/internal/core/database.go:14.16,16.3 1 0
courier-service/internal/core/database.go:18.2,27.16 8 0
courier-service/internal/core/database.go:27.16,29.3 1 0
courier-service/internal/core/database.go:31.2,33.40 3 0
courier-service/internal/core/database.go:33.40,37.21 4 0
courier-service/internal/core/database.go:37.21,38.9 1 0
courier-service/internal/core/database.go:40.3,41.27 2 0
courier-service/internal/core/database.go:41.27,43.4 1 0
courier-service/internal/core/database.go:46.2,46.20 1 0
courier-service/internal/core/database.go:46.20,48.3 1 0
courier-service/internal/core/database.go:49.2,51.13 2 0
courier-service/internal/core/server.go:17.73,25.12 4 0
courier-service/internal/core/server.go:25.12,26.86 1 0
courier-service/internal/core/server.go:26.86,29.4 2 0
courier-service/internal/core/server.go:32.2,34.33 2 0
courier-service/internal/core/server.go:37.91,43.9 4 0
courier-service/internal/core/server.go:44.20,45.40 1 0
courier-service/internal/core/server.go:46.26,47.48 1 0
courier-service/internal/core/server.go:50.2,55.50 4 0
courier-service/internal/core/server.go:55.50,57.3 1 0
courier-service/internal/core/server.go:57.8,59.3 1 0
courier-service/internal/core/server.go:60.2,62.33 3 0
courier-service/internal/handlers/common.go:9.51,12.2 2 1
courier-service/internal/handlers/common.go:14.58,16.2 1 1
courier-service/internal/handlers/courier.go:19.71,21.2 1 1
courier-service/internal/handlers/courier.go:23.84,26.16 3 1
courier-service/internal/handlers/courier.go:26.16,29.3 2 1
courier-service/internal/handlers/courier.go:31.2,32.16 2 1
courier-service/internal/handlers/courier.go:32.16,33.49 1 1
courier-service/internal/handlers/courier.go:33.49,36.4 2 1
courier-service/internal/handlers/courier.go:37.3,38.9 2 1
courier-service/internal/handlers/courier.go:40.2,40.44 1 1
courier-service/internal/handlers/courier.go:43.84,46.16 3 1
courier-service/internal/handlers/courier.go:46.16,49.3 2 1
courier-service/internal/handlers/courier.go:50.2,50.45 1 1
courier-service/internal/handlers/courier.go:53.83,56.61 3 1
courier-service/internal/handlers/courier.go:56.61,59.3 2 1
courier-service/internal/handlers/courier.go:61.2,62.16 2 1
courier-service/internal/handlers/courier.go:62.16,65.3 2 1
courier-service/internal/handlers/courier.go:67.2,70.4 1 1
courier-service/internal/handlers/courier.go:73.83,76.61 3 1
courier-service/internal/handlers/courier.go:76.61,79.3 2 1
courier-service/internal/handlers/courier.go:81.2,81.17 1 1
courier-service/internal/handlers/courier.go:81.17,84.3 2 1
courier-service/internal/handlers/courier.go:86.2,87.16 2 1
courier-service/internal/handlers/courier.go:87.16,90.3 2 1
courier-service/internal/handlers/courier.go:92.2,94.4 1 1
courier-service/internal/handlers/delivery.go:13.73,15.2 1 1
courier-service/internal/handlers/delivery.go:17.85,20.61 3 1
courier-service/internal/handlers/delivery.go:20.61,23.3 2 1
courier-service/internal/handlers/delivery.go:25.2,26.16 2 1
courier-service/internal/handlers/delivery.go:26.16,29.3 2 1
courier-service/internal/handlers/delivery.go:30.2,30.45 1 1
courier-service/internal/handlers/delivery.go:33.87,36.61 3 1
courier-service/internal/handlers/delivery.go:36.61,39.3 2 1
courier-service/internal/handlers/delivery.go:41.2,42.16 2 1
courier-service/internal/handlers/delivery.go:42.16,45.3 2 1
courier-service/internal/handlers/delivery.go:46.2,46.45 1 1
courier-service/internal/handlers/errors.go:25.67,28.2 2 1
courier-service/internal/handlers/errors.go:30.58,31.13 1 1
courier-service/internal/handlers/errors.go:32.32,33.71 1 1
courier-service/internal/handlers/errors.go:34.37,35.68 1 1
courier-service/internal/handlers/errors.go:36.39,37.70 1 1
courier-service/internal/handlers/errors.go:38.36,39.66 1 1
courier-service/internal/handlers/errors.go:40.10,41.37 1 1
courier-service/internal/handlers/errors.go:45.58,46.13 1 1
courier-service/internal/handlers/errors.go:47.32,48.71 1 1
courier-service/internal/handlers/errors.go:49.37,50.68 1 1
courier-service/internal/handlers/errors.go:51.39,52.70 1 1
courier-service/internal/handlers/errors.go:53.36,54.66 1 1
courier-service/internal/handlers/errors.go:55.34,56.63 1 1
courier-service/internal/handlers/errors.go:57.10,58.37 1 1
courier-service/internal/handlers/errors.go:62.66,63.13 1 1
courier-service/internal/handlers/errors.go:64.31,65.60 1 1
courier-service/internal/handlers/errors.go:66.28,67.71 1 1
courier-service/internal/handlers/errors.go:68.32,69.61 1 1
courier-service/internal/handlers/errors.go:70.10,71.37 1 1
courier-service/internal/handlers/errors.go:75.68,76.13 1 1
courier-service/internal/handlers/errors.go:77.28,78.71 1 1
courier-service/internal/handlers/errors.go:79.34,80.63 1 1
courier-service/internal/handlers/errors.go:81.10,82.37 1 1
courier-service/internal/handlers/utils.go:8.79,12.2 3 1
courier-service/internal/handlers/utils.go:14.78,16.2 1 1
courier-service/internal/handlers/mocks/usecase_mock.go:27.75,31.2 3 1
courier-service/internal/handlers/mocks/usecase_mock.go:34.73,36.2 1 1
courier-service/internal/handlers/mocks/usecase_mock.go:39.114,45.2 5 1
courier-service/internal/handlers/mocks/usecase_mock.go:48.93,51.2 2 1
courier-service/internal/handlers/mocks/usecase_mock.go:54.92,60.2 5 1
courier-service/internal/handlers/mocks/usecase_mock.go:63.89,66.2 2 1
courier-service/internal/handlers/mocks/usecase_mock.go:69.101,75.2 5 1
courier-service/internal/handlers/mocks/usecase_mock.go:78.93,81.2 2 1
courier-service/internal/handlers/mocks/usecase_mock.go:84.105,89.2 4 1
courier-service/internal/handlers/mocks/usecase_mock.go:92.93,95.2 2 1
courier-service/internal/handlers/mocks/usecase_mock.go:109.75,113.2 3 1
courier-service/internal/handlers/mocks/usecase_mock.go:116.73,118.2 1 1
courier-service/internal/handlers/mocks/usecase_mock.go:121.139,127.2 5 1
courier-service/internal/handlers/mocks/usecase_mock.go:130.94,133.2 2 1
courier-service/internal/handlers/mocks/usecase_mock.go:136.145,142.2 5 1
courier-service/internal/handlers/mocks/usecase_mock.go:145.96,148.2 2 1
courier-service/internal/repository/courier.go:22.66,24.2 1 0
courier-service/internal/repository/courier.go:26.101,35.16 3 0
courier-service/internal/repository/courier.go:35.16,37.3 1 0
courier-service/internal/repository/courier.go:39.2,45.35 3 0
courier-service/internal/repository/courier.go:45.35,47.3 1 0
courier-service/internal/repository/courier.go:48.2,48.16 1 0
courier-service/internal/repository/courier.go:48.16,50.3 1 0
courier-service/internal/repository/courier.go:52.2,52.16 1 0
courier-service/internal/repository/courier.go:55.92,62.16 3 0
courier-service/internal/repository/courier.go:62.16,64.3 1 0
courier-service/internal/repository/courier.go:66.2,67.16 2 0
courier-service/internal/repository/courier.go:67.16,69.3 1 0
courier-service/internal/repository/courier.go:71.2,74.18 3 0
courier-service/internal/repository/courier.go:74.18,77.17 3 0
courier-service/internal/repository/courier.go:77.17,79.4 1 0
courier-service/internal/repository/courier.go:80.3,80.33 1 0
courier-service/internal/repository/courier.go:82.2,82.22 1 0
courier-service/internal/repository/courier.go:85.105,95.16 4 0
courier-service/internal/repository/courier.go:95.16,97.3 1 0
courier-service/internal/repository/courier.go:99.2,100.16 2 0
courier-service/internal/repository/courier.go:100.16,101.59 1 0
courier-service/internal/repository/courier.go:101.59,103.4 1 0
courier-service/internal/repository/courier.go:104.3,104.50 1 0
courier-service/internal/repository/courier.go:107.2,107.16 1 0
courier-service/internal/repository/courier.go:110.96,112.24 2 0
courier-service/internal/repository/courier.go:112.24,114.3 1 0
courier-service/internal/repository/courier.go:115.2,115.25 1 0
courier-service/internal/repository/courier.go:115.25,117.3 1 0
courier-service/internal/repository/courier.go:118.2,118.26 1 0
courier-service/internal/repository/courier.go:118.26,120.3 1 0
courier-service/internal/repository/courier.go:121.2,121.33 1 0
courier-service/internal/repository/courier.go:121.33,123.3 1 0
courier-service/internal/repository/courier.go:124.2,124.20 1 0
courier-service/internal/repository/courier.go:124.20,126.3 1 0
courier-service/internal/repository/courier.go:127.2,135.16 3 0
courier-service/internal/repository/courier.go:135.16,137.3 1 0
courier-service/internal/repository/courier.go:139.2,140.16 2 0
courier-service/internal/repository/courier.go:140.16,142.3 1 0
courier-service/internal/repository/courier.go:144.2,144.32 1 0
courier-service/internal/repository/courier.go:144.32,146.3 1 0
courier-service/internal/repository/courier.go:148.2,148.12 1 0
courier-service/internal/repository/courier.go:151.97,163.16 3 0
courier-service/internal/repository/courier.go:163.16,165.3 1 0
courier-service/internal/repository/courier.go:167.2,170.16 3 0
courier-service/internal/repository/courier.go:170.16,171.36 1 0
courier-service/internal/repository/courier.go:171.36,173.4 1 0
courier-service/internal/repository/courier.go:174.3,174.18 1 0
courier-service/internal/repository/courier.go:177.2,177.16 1 0
courier-service/internal/repository/courier.go:180.81,206.16 4 0
courier-service/internal/repository/courier.go:206.16,208.3 1 0
courier-service/internal/repository/courier.go:210.2,211.16 2 0
courier-service/internal/repository/courier.go:211.16,213.3 1 0
courier-service/internal/repository/courier.go:215.2,216.12 2 0
courier-service/internal/repository/courier.go:219.99,227.16 3 0
courier-service/internal/repository/courier.go:227.16,229.3 1 0
courier-service/internal/repository/courier.go:231.2,233.16 3 0
courier-service/internal/repository/courier.go:233.16,235.3 1 0
courier-service/internal/repository/courier.go:236.2,236.23 1 0
courier-service/internal/repository/delivery.go:18.68,20.2 1 0
courier-service/internal/repository/delivery.go:22.119,31.16 3 0
courier-service/internal/repository/delivery.go:31.16,33.3 1 0
courier-service/internal/repository/delivery.go:35.2,39.16 2 0
courier-service/internal/repository/delivery.go:39.16,40.59 1 0
courier-service/internal/repository/delivery.go:40.59,42.4 1 0
courier-service/internal/repository/delivery.go:43.3,43.18 1 0
courier-service/internal/repository/delivery.go:46.2,47.18 2 0
courier-service/internal/repository/delivery.go:50.111,59.16 3 0
courier-service/internal/repository/delivery.go:59.16,61.3 1 0
courier-service/internal/repository/delivery.go:63.2,65.16 3 0
courier-service/internal/repository/delivery.go:65.16,66.36 1 0
courier-service/internal/repository/delivery.go:66.36,68.4 1 0
courier-service/internal/repository/delivery.go:69.3,69.18 1 0
courier-service/internal/repository/delivery.go:72.2,72.23 1 0
courier-service/internal/repository/delivery.go:75.88,82.16 3 0
courier-service/internal/repository/delivery.go:82.16,84.3 1 0
courier-service/internal/repository/delivery.go:86.2,87.16 2 0
courier-service/internal/repository/delivery.go:87.16,89.3 1 0
courier-service/internal/repository/delivery.go:91.2,91.32 1 0
courier-service/internal/repository/delivery.go:91.32,93.3 1 0
courier-service/internal/repository/delivery.go:95.2,95.12 1 0
courier-service/internal/repository/repository_test_suite.go:27.44,40.16 3 0
courier-service/internal/repository/repository_test_suite.go:40.16,42.3 1 0
courier-service/internal/repository/repository_test_suite.go:43.2,46.16 3 0
courier-service/internal/repository/repository_test_suite.go:46.16,48.3 1 0
courier-service/internal/repository/repository_test_suite.go:50.2,51.16 2 0
courier-service/internal/repository/repository_test_suite.go:51.16,53.3 1 0
courier-service/internal/repository/repository_test_suite.go:54.2,56.45 2 0
courier-service/internal/repository/repository_test_suite.go:56.45,58.3 1 0
courier-service/internal/repository/repository_test_suite.go:60.2,61.46 2 0
courier-service/internal/repository/repository_test_suite.go:64.47,67.19 2 0
courier-service/internal/repository/repository_test_suite.go:67.19,69.3 1 0
courier-service/internal/repository/repository_test_suite.go:71.2,71.26 1 0
courier-service/internal/repository/repository_test_suite.go:71.26,72.54 1 0
courier-service/internal/repository/repository_test_suite.go:72.54,74.4 1 0
courier-service/internal/repository/repository_test_suite.go:78.46,81.16 2 0
courier-service/internal/repository/repository_test_suite.go:81.16,83.3 1 0
courier-service/internal/repository/repository_test_suite.go:86.90,94.16 3 0
courier-service/internal/repository/repository_test_suite.go:94.16,96.3 1 0
courier-service/internal/repository/repository_test_suite.go:97.2,97.11 1 0
courier-service/internal/repository/repository_test_suite.go:100.72,104.16 3 0
courier-service/internal/repository/repository_test_suite.go:104.16,106.3 1 0
courier-service/internal/repository/repository_test_suite.go:108.2,108.39 1 0
courier-service/internal/repository/repository_test_suite.go:108.39,110.17 2 0
courier-service/internal/repository/repository_test_suite.go:110.17,112.4 1 0
courier-service/internal/repository/repository_test_suite.go:114.3,115.18 2 0
courier-service/internal/repository/repository_test_suite.go:115.18,116.12 1 0
courier-service/internal/repository/repository_test_suite.go:119.3,120.52 2 0
courier-service/internal/repository/repository_test_suite.go:120.52,122.4 1 0
courier-service/internal/repository/repository_test_suite.go:125.2,125.12 1 0
courier-service/internal/repository/repository_test_suite.go:128.48,134.29 5 0
courier-service/internal/repository/repository_test_suite.go:134.29,135.45 1 0
courier-service/internal/repository/repository_test_suite.go:135.45,137.12 2 0
courier-service/internal/repository/repository_test_suite.go:139.3,139.47 1 0
courier-service/internal/repository/repository_test_suite.go:139.47,140.9 1 0
courier-service/internal/repository/repository_test_suite.go:142.3,142.57 1 0
courier-service/internal/repository/repository_test_suite.go:142.57,144.12 2 0
courier-service/internal/repository/repository_test_suite.go:146.3,146.55 1 0
courier-service/internal/repository/repository_test_suite.go:146.55,148.12 2 0
courier-service/internal/repository/repository_test_suite.go:150.3,150.26 1 0
courier-service/internal/repository/repository_test_suite.go:150.26,152.4 1 0
courier-service/internal/repository/repository_test_suite.go:155.2,155.53 1 0
courier-service/internal/repository/txrunner.go:12.51,14.2 1 0
courier-service/internal/repository/txrunner.go:16.90,18.19 2 0
courier-service/internal/repository/txrunner.go:18.19,20.6 1 0
courier-service/internal/repository/txrunner.go:22.5,24.37 2 0
courier-service/internal/repository/txrunner.go:24.37,27.6 2 0
courier-service/internal/repository/txrunner.go:28.5,28.26 1 0
courier-service/internal/routing/courier.go:9.73,11.41 2 0
courier-service/internal/routing/courier.go:11.41,15.3 3 0
courier-service/internal/routing/delivery.go:8.75,9.42 1 0
courier-service/internal/routing/delivery.go:9.42,12.3 2 0
courier-service/internal/routing/root.go:12.12,18.2 5 0
courier-service/internal/usecase/courier.go:18.71,20.2 1 0
courier-service/internal/usecase/courier.go:22.64,24.2 1 0
courier-service/internal/usecase/courier.go:26.100,30.6 3 0
courier-service/internal/usecase/courier.go:30.6,31.10 1 0
courier-service/internal/usecase/courier.go:32.21,33.10 1 0
courier-service/internal/usecase/courier.go:34.24,35.69 1 0
courier-service/internal/usecase/courier.go:35.69,37.5 1 0
courier-service/internal/usecase/courier.go:38.4,38.69 1 0
courier-service/internal/usecase/courier.go:43.95,46.16 2 0
courier-service/internal/usecase/courier.go:46.16,47.52 1 0
courier-service/internal/usecase/courier.go:47.52,49.4 1 0
courier-service/internal/usecase/courier.go:50.3,50.18 1 0
courier-service/internal/usecase/courier.go:53.2,54.22 2 0
courier-service/internal/usecase/courier.go:57.86,60.16 2 0
courier-service/internal/usecase/courier.go:60.16,62.3 1 0
courier-service/internal/usecase/courier.go:64.2,65.31 2 0
courier-service/internal/usecase/courier.go:65.31,67.3 1 0
courier-service/internal/usecase/courier.go:69.2,69.22 1 0
courier-service/internal/usecase/courier.go:72.108,73.86 1 0
courier-service/internal/usecase/courier.go:73.86,75.3 1 0
courier-service/internal/usecase/courier.go:77.2,77.64 1 0
courier-service/internal/usecase/courier.go:77.64,79.3 1 0
courier-service/internal/usecase/courier.go:81.2,81.34 1 0
courier-service/internal/usecase/courier.go:81.34,83.3 1 0
courier-service/internal/usecase/courier.go:85.2,85.88 1 0
courier-service/internal/usecase/courier.go:85.88,87.3 1 0
courier-service/internal/usecase/courier.go:87.8,87.23 1 0
courier-service/internal/usecase/courier.go:87.23,89.3 1 0
courier-service/internal/usecase/courier.go:91.2,92.52 2 0
courier-service/internal/usecase/courier.go:95.99,96.90 1 0
courier-service/internal/usecase/courier.go:96.90,98.3 1 0
courier-service/internal/usecase/courier.go:99.2,99.30 1 0
courier-service/internal/usecase/courier.go:99.30,100.66 1 0
courier-service/internal/usecase/courier.go:100.66,102.4 1 0
courier-service/internal/usecase/courier.go:104.2,104.22 1 0
courier-service/internal/usecase/courier.go:104.22,105.36 1 0
courier-service/internal/usecase/courier.go:105.36,107.4 1 0
courier-service/internal/usecase/courier.go:108.3,108.89 1 0
courier-service/internal/usecase/courier.go:108.89,110.4 1 0
courier-service/internal/usecase/courier.go:110.9,110.25 1 0
courier-service/internal/usecase/courier.go:110.25,112.4 1 0
courier-service/internal/usecase/courier.go:115.2,116.65 2 0
courier-service/internal/usecase/courier.go:116.65,117.52 1 0
courier-service/internal/usecase/courier.go:117.52,119.4 1 0
courier-service/internal/usecase/courier.go:120.3,120.13 1 0
courier-service/internal/usecase/courier.go:122.2,122.12 1 0
courier-service/internal/usecase/courier.go:125.42,127.2 1 0
courier-service/internal/usecase/delivery.go:21.21,27.2 1 0
courier-service/internal/usecase/delivery.go:29.61,30.15 1 0
courier-service/internal/usecase/delivery.go:31.13,32.31 1 0
courier-service/internal/usecase/delivery.go:33.17,34.31 1 0
courier-service/internal/usecase/delivery.go:35.17,36.31 1 0
courier-service/internal/usecase/delivery.go:37.10,38.36 1 0
courier-service/internal/usecase/delivery.go:45.41,46.23 1 0
courier-service/internal/usecase/delivery.go:46.23,48.3 1 0
courier-service/internal/usecase/delivery.go:50.2,52.63 2 0
courier-service/internal/usecase/delivery.go:52.63,54.17 2 0
courier-service/internal/usecase/delivery.go:54.17,55.50 1 0
courier-service/internal/usecase/delivery.go:55.50,57.5 1 0
courier-service/internal/usecase/delivery.go:58.4,58.14 1 0
courier-service/internal/usecase/delivery.go:61.3,62.17 2 0
courier-service/internal/usecase/delivery.go:62.17,64.4 1 0
courier-service/internal/usecase/delivery.go:66.3,67.17 2 0
courier-service/internal/usecase/delivery.go:67.17,68.51 1 0
courier-service/internal/usecase/delivery.go:68.51,70.5 1 0
courier-service/internal/usecase/delivery.go:71.4,71.14 1 0
courier-service/internal/usecase/delivery.go:74.3,75.77 2 0
courier-service/internal/usecase/delivery.go:75.77,77.4 1 0
courier-service/internal/usecase/delivery.go:79.3,81.13 3 0
courier-service/internal/usecase/delivery.go:84.2,84.16 1 0
courier-service/internal/usecase/delivery.go:84.16,86.3 1 0
courier-service/internal/usecase/delivery.go:87.2,87.18 1 0
courier-service/internal/usecase/delivery.go:93.43,94.23 1 0
courier-service/internal/usecase/delivery.go:94.23,96.3 1 0
courier-service/internal/usecase/delivery.go:98.2,100.63 2 0
courier-service/internal/usecase/delivery.go:100.63,102.17 2 0
courier-service/internal/usecase/delivery.go:102.17,103.53 1 0
courier-service/internal/usecase/delivery.go:103.53,105.5 1 0
courier-service/internal/usecase/delivery.go:106.4,106.14 1 0
courier-service/internal/usecase/delivery.go:109.3,109.81 1 0
courier-service/internal/usecase/delivery.go:109.81,110.53 1 0
courier-service/internal/usecase/delivery.go:110.53,112.5 1 0
courier-service/internal/usecase/delivery.go:113.4,113.14 1 0
courier-service/internal/usecase/delivery.go:116.3,117.17 2 0
courier-service/internal/usecase/delivery.go:117.17,119.4 1 0
courier-service/internal/usecase/delivery.go:121.3,122.77 2 0
courier-service/internal/usecase/delivery.go:122.77,124.4 1 0
courier-service/internal/usecase/delivery.go:126.3,130.13 4 0
courier-service/internal/usecase/delivery.go:132.2,132.16 1 0
courier-service/internal/usecase/delivery.go:132.16,134.3 1 0
courier-service/internal/usecase/delivery.go:136.2,136.18 1 0
courier-service/internal/usecase/dto.go:8.86,10.21 2 0
courier-service/internal/usecase/dto.go:10.21,12.3 1 0
courier-service/internal/usecase/dto.go:13.2,13.22 1 0
courier-service/internal/usecase/dto.go:13.22,15.3 1 0
courier-service/internal/usecase/dto.go:16.2,16.23 1 0
courier-service/internal/usecase/dto.go:16.23,18.3 1 0
courier-service/internal/usecase/dto.go:19.2,19.30 1 0
courier-service/internal/usecase/dto.go:19.30,21.3 1 0
courier-service/internal/usecase/dto.go:22.2,22.12 1 0
courier-service/internal/usecase/dto.go:25.86,32.2 1 0
courier-service/internal/usecase/dto.go:34.109,36.16 2 0
courier-service/internal/usecase/dto.go:36.16,38.3 1 0
courier-service/internal/usecase/dto.go:39.2,44.8 1 0
courier-service/internal/usecase/dto.go:47.107,54.2 1 0
courier-service/internal/usecase/dto.go:56.111,62.2 1 0
courier-service/internal/usecase/mocks/repository_mock.go:27.81,31.2 3 0
courier-service/internal/usecase/mocks/repository_mock.go:34.79,36.2 1 0
courier-service/internal/usecase/mocks/repository_mock.go:39.110,45.2 5 0
courier-service/internal/usecase/mocks/repository_mock.go:48.100,51.2 2 0
courier-service/internal/usecase/mocks/repository_mock.go:54.104,60.2 5 0
courier-service/internal/usecase/mocks/repository_mock.go:63.105,66.2 2 0
courier-service/internal/usecase/mocks/repository_mock.go:69.102,75.2 5 0
courier-service/internal/usecase/mocks/repository_mock.go:78.98,81.2 2 0
courier-service/internal/usecase/mocks/repository_mock.go:84.86,89.2 4 0
courier-service/internal/usecase/mocks/repository_mock.go:92.102,95.2 2 0
courier-service/internal/usecase/mocks/repository_mock.go:98.97,104.2 5 0
courier-service/internal/usecase/mocks/repository_mock.go:107.92,110.2 2 0
courier-service/internal/usecase/mocks/repository_mock.go:113.106,119.2 5 0
courier-service/internal/usecase/mocks/repository_mock.go:122.96,125.2 2 0
courier-service/internal/usecase/mocks/repository_mock.go:128.101,133.2 4 0
courier-service/internal/usecase/mocks/repository_mock.go:136.100,139.2 2 0
courier-service/internal/usecase/mocks/repository_mock.go:153.81,157.2 3 0
courier-service/internal/usecase/mocks/repository_mock.go:160.79,162.2 1 0
courier-service/internal/usecase/mocks/repository_mock.go:165.115,171.2 5 0
courier-service/internal/usecase/mocks/repository_mock.go:174.103,177.2 2 0
courier-service/internal/usecase/mocks/repository_mock.go:180.123,186.2 5 0
courier-service/internal/usecase/mocks/repository_mock.go:189.102,192.2 2 0
courier-service/internal/usecase/mocks/repository_mock.go:195.92,200.2 4 0
courier-service/internal/usecase/mocks/repository_mock.go:203.101,206.2 2 0
courier-service/internal/usecase/mocks/repository_mock.go:220.61,224.2 3 0
courier-service/internal/usecase/mocks/repository_mock.go:227.59,229.2 1 0
courier-service/internal/usecase/mocks/repository_mock.go:232.87,237.2 4 0
courier-service/internal/usecase/mocks/repository_mock.go:240.75,243.2 2 0
courier-service/internal/core/config.go:29.36,34.71 3 0
courier-service/internal/core/config.go:34.71,36.3 1 0
courier-service/internal/core/config.go:37.2,46.17 8 0
courier-service/internal/core/config.go:49.39,61.61 1 0
courier-service/internal/core/config.go:61.61,61.75 1 0
courier-service/internal/core/config.go:65.40,67.15 2 0
courier-service/internal/core/config.go:67.15,69.3 1 0
courier-service/internal/core/config.go:70.2,78.3 1 0
courier-service/internal/core/config.go:81.35,87.2 2 0
courier-service/internal/core/config.go:89.32,111.2 10 0
courier-service/internal/core/config.go:113.55,114.42 1 0
courier-service/internal/core/config.go:114.42,116.3 1 0
courier-service/internal/core/config.go:117.2,117.21 1 0
courier-service/internal/core/database.go:11.35,14.16 3 0
courier-service/internal/core/database.go:14.16,16.3 1 0
courier-service/internal/core/database.go:18.2,27.16 8 0
courier-service/internal/core/database.go:27.16,29.3 1 0
courier-service/internal/core/database.go:31.2,33.40 3 0
courier-service/internal/core/database.go:33.40,37.21 4 0
courier-service/internal/core/database.go:37.21,38.9 1 0
courier-service/internal/core/database.go:40.3,41.27 2 0
courier-service/internal/core/database.go:41.27,43.4 1 0
courier-service/internal/core/database.go:46.2,46.20 1 0
courier-service/internal/core/database.go:46.20,48.3 1 0
courier-service/internal/core/database.go:49.2,51.13 2 0
courier-service/internal/core/server.go:17.73,25.12 4 0
courier-service/internal/core/server.go:25.12,26.86 1 0
courier-service/internal/core/server.go:26.86,29.4 2 0
courier-service/internal/core/server.go:32.2,34.33 2 0
courier-service/internal/core/server.go:37.91,43.9 4 0
courier-service/internal/core/server.go:44.20,45.40 1 0
courier-service/internal/core/server.go:46.26,47.48 1 0
courier-service/internal/core/server.go:50.2,55.50 4 0
courier-service/internal/core/server.go:55.50,57.3 1 0
courier-service/internal/core/server.go:57.8,59.3 1 0
courier-service/internal/core/server.go:60.2,62.33 3 0
courier-service/internal/handlers/common.go:9.51,12.2 2 0
courier-service/internal/handlers/common.go:14.58,16.2 1 0
courier-service/internal/handlers/courier.go:19.71,21.2 1 0
courier-service/internal/handlers/courier.go:23.84,26.16 3 0
courier-service/internal/handlers/courier.go:26.16,29.3 2 0
courier-service/internal/handlers/courier.go:31.2,32.16 2 0
courier-service/internal/handlers/courier.go:32.16,33.49 1 0
courier-service/internal/handlers/courier.go:33.49,36.4 2 0
courier-service/internal/handlers/courier.go:37.3,38.9 2 0
courier-service/internal/handlers/courier.go:40.2,40.44 1 0
courier-service/internal/handlers/courier.go:43.84,46.16 3 0
courier-service/internal/handlers/courier.go:46.16,49.3 2 0
courier-service/internal/handlers/courier.go:50.2,50.45 1 0
courier-service/internal/handlers/courier.go:53.83,56.61 3 0
courier-service/internal/handlers/courier.go:56.61,59.3 2 0
courier-service/internal/handlers/courier.go:61.2,62.16 2 0
courier-service/internal/handlers/courier.go:62.16,65.3 2 0
courier-service/internal/handlers/courier.go:67.2,70.4 1 0
courier-service/internal/handlers/courier.go:73.83,76.61 3 0
courier-service/internal/handlers/courier.go:76.61,79.3 2 0
courier-service/internal/handlers/courier.go:81.2,81.17 1 0
courier-service/internal/handlers/courier.go:81.17,84.3 2 0
courier-service/internal/handlers/courier.go:86.2,87.16 2 0
courier-service/internal/handlers/courier.go:87.16,90.3 2 0
courier-service/internal/handlers/courier.go:92.2,94.4 1 0
courier-service/internal/handlers/delivery.go:13.73,15.2 1 0
courier-service/internal/handlers/delivery.go:17.85,20.61 3 0
courier-service/internal/handlers/delivery.go:20.61,23.3 2 0
courier-service/internal/handlers/delivery.go:25.2,26.16 2 0
courier-service/internal/handlers/delivery.go:26.16,29.3 2 0
courier-service/internal/handlers/delivery.go:30.2,30.45 1 0
courier-service/internal/handlers/delivery.go:33.87,36.61 3 0
courier-service/internal/handlers/delivery.go:36.61,39.3 2 0
courier-service/internal/handlers/delivery.go:41.2,42.16 2 0
courier-service/internal/handlers/delivery.go:42.16,45.3 2 0
courier-service/internal/handlers/delivery.go:46.2,46.45 1 0
courier-service/internal/handlers/errors.go:25.67,28.2 2 0
courier-service/internal/handlers/errors.go:30.58,31.13 1 0
courier-service/internal/handlers/errors.go:32.32,33.71 1 0
courier-service/internal/handlers/errors.go:34.37,35.68 1 0
courier-service/internal/handlers/errors.go:36.39,37.70 1 0
courier-service/internal/handlers/errors.go:38.36,39.66 1 0
courier-service/internal/handlers/errors.go:40.10,41.37 1 0
courier-service/internal/handlers/errors.go:45.58,46.13 1 0
courier-service/internal/handlers/errors.go:47.32,48.71 1 0
courier-service/internal/handlers/errors.go:49.37,50.68 1 0
courier-service/internal/handlers/errors.go:51.39,52.70 1 0
courier-service/internal/handlers/errors.go:53.36,54.66 1 0
courier-service/internal/handlers/errors.go:55.34,56.63 1 0
courier-service/internal/handlers/errors.go:57.10,58.37 1 0
courier-service/internal/handlers/errors.go:62.66,63.13 1 0
courier-service/internal/handlers/errors.go:64.31,65.60 1 0
courier-service/internal/handlers/errors.go:66.28,67.71 1 0
courier-service/internal/handlers/errors.go:68.32,69.61 1 0
courier-service/internal/handlers/errors.go:70.10,71.37 1 0
courier-service/internal/handlers/errors.go:75.68,76.13 1 0
courier-service/internal/handlers/errors.go:77.28,78.71 1 0
courier-service/internal/handlers/errors.go:79.34,80.63 1 0
courier-service/internal/handlers/errors.go:81.10,82.37 1 0
courier-service/internal/handlers/utils.go:8.79,12.2 3 0
courier-service/internal/handlers/utils.go:14.78,16.2 1 0
courier-service/internal/handlers/mocks/usecase_mock.go:27.75,31.2 3 0
courier-service/internal/handlers/mocks/usecase_mock.go:34.73,36.2 1 0
courier-service/internal/handlers/mocks/usecase_mock.go:39.114,45.2 5 0
courier-service/internal/handlers/mocks/usecase_mock.go:48.93,51.2 2 0
courier-service/internal/handlers/mocks/usecase_mock.go:54.92,60.2 5 0
courier-service/internal/handlers/mocks/usecase_mock.go:63.89,66.2 2 0
courier-service/internal/handlers/mocks/usecase_mock.go:69.101,75.2 5 0
courier-service/internal/handlers/mocks/usecase_mock.go:78.93,81.2 2 0
courier-service/internal/handlers/mocks/usecase_mock.go:84.105,89.2 4 0
courier-service/internal/handlers/mocks/usecase_mock.go:92.93,95.2 2 0
courier-service/internal/handlers/mocks/usecase_mock.go:109.75,113.2 3 0
courier-service/internal/handlers/mocks/usecase_mock.go:116.73,118.2 1 0
courier-service/internal/handlers/mocks/usecase_mock.go:121.139,127.2 5 0
courier-service/internal/handlers/mocks/usecase_mock.go:130.94,133.2 2 0
courier-service/internal/handlers/mocks/usecase_mock.go:136.145,142.2 5 0
courier-service/internal/handlers/mocks/usecase_mock.go:145.96,148.2 2 0
courier-service/internal/repository/courier.go:22.66,24.2 1 0
courier-service/internal/repository/courier.go:26.101,35.16 3 0
courier-service/internal/repository/courier.go:35.16,37.3 1 0
courier-service/internal/repository/courier.go:39.2,45.35 3 0
courier-service/internal/repository/courier.go:45.35,47.3 1 0
courier-service/internal/repository/courier.go:48.2,48.16 1 0
courier-service/internal/repository/courier.go:48.16,50.3 1 0
courier-service/internal/repository/courier.go:52.2,52.16 1 0
courier-service/internal/repository/courier.go:55.92,62.16 3 0
courier-service/internal/repository/courier.go:62.16,64.3 1 0
courier-service/internal/repository/courier.go:66.2,67.16 2 0
courier-service/internal/repository/courier.go:67.16,69.3 1 0
courier-service/internal/repository/courier.go:71.2,74.18 3 0
courier-service/internal/repository/courier.go:74.18,77.17 3 0
courier-service/internal/repository/courier.go:77.17,79.4 1 0
courier-service/internal/repository/courier.go:80.3,80.33 1 0
courier-service/internal/repository/courier.go:82.2,82.22 1 0
courier-service/internal/repository/courier.go:85.105,95.16 4 0
courier-service/internal/repository/courier.go:95.16,97.3 1 0
courier-service/internal/repository/courier.go:99.2,100.16 2 0
courier-service/internal/repository/courier.go:100.16,101.59 1 0
courier-service/internal/repository/courier.go:101.59,103.4 1 0
courier-service/internal/repository/courier.go:104.3,104.50 1 0
courier-service/internal/repository/courier.go:107.2,107.16 1 0
courier-service/internal/repository/courier.go:110.96,112.24 2 0
courier-service/internal/repository/courier.go:112.24,114.3 1 0
courier-service/internal/repository/courier.go:115.2,115.25 1 0
courier-service/internal/repository/courier.go:115.25,117.3 1 0
courier-service/internal/repository/courier.go:118.2,118.26 1 0
courier-service/internal/repository/courier.go:118.26,120.3 1 0
courier-service/internal/repository/courier.go:121.2,121.33 1 0
courier-service/internal/repository/courier.go:121.33,123.3 1 0
courier-service/internal/repository/courier.go:124.2,124.20 1 0
courier-service/internal/repository/courier.go:124.20,126.3 1 0
courier-service/internal/repository/courier.go:127.2,135.16 3 0
courier-service/internal/repository/courier.go:135.16,137.3 1 0
courier-service/internal/repository/courier.go:139.2,140.16 2 0
courier-service/internal/repository/courier.go:140.16,142.3 1 0
courier-service/internal/repository/courier.go:144.2,144.32 1 0
courier-service/internal/repository/courier.go:144.32,146.3 1 0
courier-service/internal/repository/courier.go:148.2,148.12 1 0
courier-service/internal/repository/courier.go:151.97,163.16 3 0
courier-service/internal/repository/courier.go:163.16,165.3 1 0
courier-service/internal/repository/courier.go:167.2,170.16 3 0
courier-service/internal/repository/courier.go:170.16,171.36 1 0
courier-service/internal/repository/courier.go:171.36,173.4 1 0
courier-service/internal/repository/courier.go:174.3,174.18 1 0
courier-service/internal/repository/courier.go:177.2,177.16 1 0
courier-service/internal/repository/courier.go:180.81,206.16 4 0
courier-service/internal/repository/courier.go:206.16,208.3 1 0
courier-service/internal/repository/courier.go:210.2,211.16 2 0
courier-service/internal/repository/courier.go:211.16,213.3 1 0
courier-service/internal/repository/courier.go:215.2,216.12 2 0
courier-service/internal/repository/courier.go:219.99,227.16 3 0
courier-service/internal/repository/courier.go:227.16,229.3 1 0
courier-service/internal/repository/courier.go:231.2,233.16 3 0
courier-service/internal/repository/courier.go:233.16,235.3 1 0
courier-service/internal/repository/courier.go:236.2,236.23 1 0
courier-service/internal/repository/delivery.go:18.68,20.2 1 0
courier-service/internal/repository/delivery.go:22.119,31.16 3 0
courier-service/internal/repository/delivery.go:31.16,33.3 1 0
courier-service/internal/repository/delivery.go:35.2,39.16 2 0
courier-service/internal/repository/delivery.go:39.16,40.59 1 0
courier-service/internal/repository/delivery.go:40.59,42.4 1 0
courier-service/internal/repository/delivery.go:43.3,43.18 1 0
courier-service/internal/repository/delivery.go:46.2,47.18 2 0
courier-service/internal/repository/delivery.go:50.111,59.16 3 0
courier-service/internal/repository/delivery.go:59.16,61.3 1 0
courier-service/internal/repository/delivery.go:63.2,65.16 3 0
courier-service/internal/repository/delivery.go:65.16,66.36 1 0
courier-service/internal/repository/delivery.go:66.36,68.4 1 0
courier-service/internal/repository/delivery.go:69.3,69.18 1 0
courier-service/internal/repository/delivery.go:72.2,72.23 1 0
courier-service/internal/repository/delivery.go:75.88,82.16 3 0
courier-service/internal/repository/delivery.go:82.16,84.3 1 0
courier-service/internal/repository/delivery.go:86.2,87.16 2 0
courier-service/internal/repository/delivery.go:87.16,89.3 1 0
courier-service/internal/repository/delivery.go:91.2,91.32 1 0
courier-service/internal/repository/delivery.go:91.32,93.3 1 0
courier-service/internal/repository/delivery.go:95.2,95.12 1 0
courier-service/internal/repository/repository_test_suite.go:27.44,40.16 3 0
courier-service/internal/repository/repository_test_suite.go:40.16,42.3 1 0
courier-service/internal/repository/repository_test_suite.go:43.2,46.16 3 0
courier-service/internal/repository/repository_test_suite.go:46.16,48.3 1 0
courier-service/internal/repository/repository_test_suite.go:50.2,51.16 2 0
courier-service/internal/repository/repository_test_suite.go:51.16,53.3 1 0
courier-service/internal/repository/repository_test_suite.go:54.2,56.45 2 0
courier-service/internal/repository/repository_test_suite.go:56.45,58.3 1 0
courier-service/internal/repository/repository_test_suite.go:60.2,61.46 2 0
courier-service/internal/repository/repository_test_suite.go:64.47,67.19 2 0
courier-service/internal/repository/repository_test_suite.go:67.19,69.3 1 0
courier-service/internal/repository/repository_test_suite.go:71.2,71.26 1 0
courier-service/internal/repository/repository_test_suite.go:71.26,72.54 1 0
courier-service/internal/repository/repository_test_suite.go:72.54,74.4 1 0
courier-service/internal/repository/repository_test_suite.go:78.46,81.16 2 0
courier-service/internal/repository/repository_test_suite.go:81.16,83.3 1 0
courier-service/internal/repository/repository_test_suite.go:86.90,94.16 3 0
courier-service/internal/repository/repository_test_suite.go:94.16,96.3 1 0
courier-service/internal/repository/repository_test_suite.go:97.2,97.11 1 0
courier-service/internal/repository/repository_test_suite.go:100.72,104.16 3 0
courier-service/internal/repository/repository_test_suite.go:104.16,106.3 1 0
courier-service/internal/repository/repository_test_suite.go:108.2,108.39 1 0
courier-service/internal/repository/repository_test_suite.go:108.39,110.17 2 0
courier-service/internal/repository/repository_test_suite.go:110.17,112.4 1 0
courier-service/internal/repository/repository_test_suite.go:114.3,115.18 2 0
courier-service/internal/repository/repository_test_suite.go:115.18,116.12 1 0
courier-service/internal/repository/repository_test_suite.go:119.3,120.52 2 0
courier-service/internal/repository/repository_test_suite.go:120.52,122.4 1 0
courier-service/internal/repository/repository_test_suite.go:125.2,125.12 1 0
courier-service/internal/repository/repository_test_suite.go:128.48,134.29 5 0
courier-service/internal/repository/repository_test_suite.go:134.29,135.45 1 0
courier-service/internal/repository/repository_test_suite.go:135.45,137.12 2 0
courier-service/internal/repository/repository_test_suite.go:139.3,139.47 1 0
courier-service/internal/repository/repository_test_suite.go:139.47,140.9 1 0
courier-service/internal/repository/repository_test_suite.go:142.3,142.57 1 0
courier-service/internal/repository/repository_test_suite.go:142.57,144.12 2 0
courier-service/internal/repository/repository_test_suite.go:146.3,146.55 1 0
courier-service/internal/repository/repository_test_suite.go:146.55,148.12 2 0
courier-service/internal/repository/repository_test_suite.go:150.3,150.26 1 0
courier-service/internal/repository/repository_test_suite.go:150.26,152.4 1 0
courier-service/internal/repository/repository_test_suite.go:155.2,155.53 1 0
courier-service/internal/repository/txrunner.go:12.51,14.2 1 0
courier-service/internal/repository/txrunner.go:16.90,18.19 2 0
courier-service/internal/repository/txrunner.go:18.19,20.6 1 0
courier-service/internal/repository/txrunner.go:22.5,24.37 2 0
courier-service/internal/repository/txrunner.go:24.37,27.6 2 0
courier-service/internal/repository/txrunner.go:28.5,28.26 1 0
courier-service/internal/routing/courier.go:9.73,11.41 2 0
courier-service/internal/routing/courier.go:11.41,15.3 3 0
courier-service/internal/routing/delivery.go:8.75,9.42 1 0
courier-service/internal/routing/delivery.go:9.42,12.3 2 0
courier-service/internal/routing/root.go:12.12,18.2 5 0
courier-service/internal/usecase/courier.go:18.71,20.2 1 1
courier-service/internal/usecase/courier.go:22.64,24.2 1 0
courier-service/internal/usecase/courier.go:26.100,30.6 3 1
courier-service/internal/usecase/courier.go:30.6,31.10 1 1
courier-service/internal/usecase/courier.go:32.21,33.10 1 1
courier-service/internal/usecase/courier.go:34.24,35.69 1 1
courier-service/internal/usecase/courier.go:35.69,37.5 1 1
courier-service/internal/usecase/courier.go:38.4,38.69 1 1
courier-service/internal/usecase/courier.go:43.95,46.16 2 1
courier-service/internal/usecase/courier.go:46.16,47.52 1 1
courier-service/internal/usecase/courier.go:47.52,49.4 1 1
courier-service/internal/usecase/courier.go:50.3,50.18 1 0
courier-service/internal/usecase/courier.go:53.2,54.22 2 1
courier-service/internal/usecase/courier.go:57.86,60.16 2 1
courier-service/internal/usecase/courier.go:60.16,62.3 1 0
courier-service/internal/usecase/courier.go:64.2,65.31 2 1
courier-service/internal/usecase/courier.go:65.31,67.3 1 1
courier-service/internal/usecase/courier.go:69.2,69.22 1 1
courier-service/internal/usecase/courier.go:72.108,73.86 1 1
courier-service/internal/usecase/courier.go:73.86,75.3 1 1
courier-service/internal/usecase/courier.go:77.2,77.64 1 1
courier-service/internal/usecase/courier.go:77.64,79.3 1 1
courier-service/internal/usecase/courier.go:81.2,81.34 1 1
courier-service/internal/usecase/courier.go:81.34,83.3 1 1
courier-service/internal/usecase/courier.go:85.2,85.88 1 1
courier-service/internal/usecase/courier.go:85.88,87.3 1 1
courier-service/internal/usecase/courier.go:87.8,87.23 1 1
courier-service/internal/usecase/courier.go:87.23,89.3 1 0
courier-service/internal/usecase/courier.go:91.2,92.52 2 1
courier-service/internal/usecase/courier.go:95.99,96.90 1 1
courier-service/internal/usecase/courier.go:96.90,98.3 1 1
courier-service/internal/usecase/courier.go:99.2,99.30 1 1
courier-service/internal/usecase/courier.go:99.30,100.66 1 1
courier-service/internal/usecase/courier.go:100.66,102.4 1 1
courier-service/internal/usecase/courier.go:104.2,104.22 1 1
courier-service/internal/usecase/courier.go:104.22,105.36 1 1
courier-service/internal/usecase/courier.go:105.36,107.4 1 1
courier-service/internal/usecase/courier.go:108.3,108.89 1 1
courier-service/internal/usecase/courier.go:108.89,110.4 1 0
courier-service/internal/usecase/courier.go:110.9,110.25 1 1
courier-service/internal/usecase/courier.go:110.25,112.4 1 1
courier-service/internal/usecase/courier.go:115.2,116.65 2 1
courier-service/internal/usecase/courier.go:116.65,117.52 1 1
courier-service/internal/usecase/courier.go:117.52,119.4 1 1
courier-service/internal/usecase/courier.go:120.3,120.13 1 1
courier-service/internal/usecase/courier.go:122.2,122.12 1 1
courier-service/internal/usecase/courier.go:125.42,127.2 1 1
courier-service/internal/usecase/delivery.go:21.21,27.2 1 1
courier-service/internal/usecase/delivery.go:29.61,30.15 1 1
courier-service/internal/usecase/delivery.go:31.13,32.31 1 1
courier-service/internal/usecase/delivery.go:33.17,34.31 1 1
courier-service/internal/usecase/delivery.go:35.17,36.31 1 1
courier-service/internal/usecase/delivery.go:37.10,38.36 1 1
courier-service/internal/usecase/delivery.go:45.41,46.23 1 1
courier-service/internal/usecase/delivery.go:46.23,48.3 1 1
courier-service/internal/usecase/delivery.go:50.2,52.63 2 1
courier-service/internal/usecase/delivery.go:52.63,54.17 2 1
courier-service/internal/usecase/delivery.go:54.17,55.50 1 1
courier-service/internal/usecase/delivery.go:55.50,57.5 1 1
courier-service/internal/usecase/delivery.go:58.4,58.14 1 0
courier-service/internal/usecase/delivery.go:61.3,62.17 2 1
courier-service/internal/usecase/delivery.go:62.17,64.4 1 0
courier-service/internal/usecase/delivery.go:66.3,67.17 2 1
courier-service/internal/usecase/delivery.go:67.17,68.51 1 1
courier-service/internal/usecase/delivery.go:68.51,70.5 1 1
courier-service/internal/usecase/delivery.go:71.4,71.14 1 0
courier-service/internal/usecase/delivery.go:74.3,75.77 2 1
courier-service/internal/usecase/delivery.go:75.77,77.4 1 1
courier-service/internal/usecase/delivery.go:79.3,81.13 3 1
courier-service/internal/usecase/delivery.go:84.2,84.16 1 1
courier-service/internal/usecase/delivery.go:84.16,86.3 1 1
courier-service/internal/usecase/delivery.go:87.2,87.18 1 1
courier-service/internal/usecase/delivery.go:93.43,94.23 1 1
courier-service/internal/usecase/delivery.go:94.23,96.3 1 1
courier-service/internal/usecase/delivery.go:98.2,100.63 2 1
courier-service/internal/usecase/delivery.go:100.63,102.17 2 1
courier-service/internal/usecase/delivery.go:102.17,103.53 1 1
courier-service/internal/usecase/delivery.go:103.53,105.5 1 1
courier-service/internal/usecase/delivery.go:106.4,106.14 1 0
courier-service/internal/usecase/delivery.go:109.3,109.81 1 1
courier-service/internal/usecase/delivery.go:109.81,110.53 1 1
courier-service/internal/usecase/delivery.go:110.53,112.5 1 1
courier-service/internal/usecase/delivery.go:113.4,113.14 1 0
courier-service/internal/usecase/delivery.go:116.3,117.17 2 1
courier-service/internal/usecase/delivery.go:117.17,119.4 1 1
courier-service/internal/usecase/delivery.go:121.3,122.77 2 1
courier-service/internal/usecase/delivery.go:122.77,124.4 1 0
courier-service/internal/usecase/delivery.go:126.3,130.13 4 1
courier-service/internal/usecase/delivery.go:132.2,132.16 1 1
courier-service/internal/usecase/delivery.go:132.16,134.3 1 1
courier-service/internal/usecase/delivery.go:136.2,136.18 1 1
courier-service/internal/usecase/dto.go:8.86,10.21 2 1
courier-service/internal/usecase/dto.go:10.21,12.3 1 1
courier-service/internal/usecase/dto.go:13.2,13.22 1 1
courier-service/internal/usecase/dto.go:13.22,15.3 1 0
courier-service/internal/usecase/dto.go:16.2,16.23 1 1
courier-service/internal/usecase/dto.go:16.23,18.3 1 0
courier-service/internal/usecase/dto.go:19.2,19.30 1 1
courier-service/internal/usecase/dto.go:19.30,21.3 1 0
courier-service/internal/usecase/dto.go:22.2,22.12 1 1
courier-service/internal/usecase/dto.go:25.86,32.2 1 1
courier-service/internal/usecase/dto.go:34.109,36.16 2 1
courier-service/internal/usecase/dto.go:36.16,38.3 1 0
courier-service/internal/usecase/dto.go:39.2,44.8 1 1
courier-service/internal/usecase/dto.go:47.107,54.2 1 1
courier-service/internal/usecase/dto.go:56.111,62.2 1 1
courier-service/internal/usecase/mocks/repository_mock.go:27.81,31.2 3 1
courier-service/internal/usecase/mocks/repository_mock.go:34.79,36.2 1 1
courier-service/internal/usecase/mocks/repository_mock.go:39.110,45.2 5 1
courier-service/internal/usecase/mocks/repository_mock.go:48.100,51.2 2 1
courier-service/internal/usecase/mocks/repository_mock.go:54.104,60.2 5 1
courier-service/internal/usecase/mocks/repository_mock.go:63.105,66.2 2 1
courier-service/internal/usecase/mocks/repository_mock.go:69.102,75.2 5 1
courier-service/internal/usecase/mocks/repository_mock.go:78.98,81.2 2 1
courier-service/internal/usecase/mocks/repository_mock.go:84.86,89.2 4 1
courier-service/internal/usecase/mocks/repository_mock.go:92.102,95.2 2 1
courier-service/internal/usecase/mocks/repository_mock.go:98.97,104.2 5 1
courier-service/internal/usecase/mocks/repository_mock.go:107.92,110.2 2 1
courier-service/internal/usecase/mocks/repository_mock.go:113.106,119.2 5 1
courier-service/internal/usecase/mocks/repository_mock.go:122.96,125.2 2 1
courier-service/internal/usecase/mocks/repository_mock.go:128.101,133.2 4 1
courier-service/internal/usecase/mocks/repository_mock.go:136.100,139.2 2 1
courier-service/internal/usecase/mocks/repository_mock.go:153.81,157.2 3 1
courier-service/internal/usecase/mocks/repository_mock.go:160.79,162.2 1 1
courier-service/internal/usecase/mocks/repository_mock.go:165.115,171.2 5 1
courier-service/internal/usecase/mocks/repository_mock.go:174.103,177.2 2 1
courier-service/internal/usecase/mocks/repository_mock.go:180.123,186.2 5 1
courier-service/internal/usecase/mocks/repository_mock.go:189.102,192.2 2 1
courier-service/internal/usecase/mocks/repository_mock.go:195.92,200.2 4 1
courier-service/internal/usecase/mocks/repository_mock.go:203.101,206.2 2 1
courier-service/internal/usecase/mocks/repository_mock.go:220.61,224.2 3 1
courier-service/internal/usecase/mocks/repository_mock.go:227.59,229.2 1 1
courier-service/internal/usecase/mocks/repository_mock.go:232.87,237.2 4 1
courier-service/internal/usecase/mocks/repository_mock.go:240.75,243.2 2 1
courier-service/internal/core/config.go:29.36,34.71 3 0
courier-service/internal/core/config.go:34.71,36.3 1 0
courier-service/internal/core/config.go:37.2,46.17 8 0
courier-service/internal/core/config.go:49.39,61.61 1 0
courier-service/internal/core/config.go:61.61,61.75 1 0
courier-service/internal/core/config.go:65.40,67.15 2 0
courier-service/internal/core/config.go:67.15,69.3 1 0
courier-service/internal/core/config.go:70.2,78.3 1 0
courier-service/internal/core/config.go:81.35,87.2 2 0
courier-service/internal/core/config.go:89.32,111.2 10 0
courier-service/internal/core/config.go:113.55,114.42 1 0
courier-service/internal/core/config.go:114.42,116.3 1 0
courier-service/internal/core/config.go:117.2,117.21 1 0
courier-service/internal/core/database.go:11.35,14.16 3 0
courier-service/internal/core/database.go:14.16,16.3 1 0
courier-service/internal/core/database.go:18.2,27.16 8 0
courier-service/internal/core/database.go:27.16,29.3 1 0
courier-service/internal/core/database.go:31.2,33.40 3 0
courier-service/internal/core/database.go:33.40,37.21 4 0
courier-service/internal/core/database.go:37.21,38.9 1 0
courier-service/internal/core/database.go:40.3,41.27 2 0
courier-service/internal/core/database.go:41.27,43.4 1 0
courier-service/internal/core/database.go:46.2,46.20 1 0
courier-service/internal/core/database.go:46.20,48.3 1 0
courier-service/internal/core/database.go:49.2,51.13 2 0
courier-service/internal/core/server.go:17.73,25.12 4 0
courier-service/internal/core/server.go:25.12,26.86 1 0
courier-service/internal/core/server.go:26.86,29.4 2 0
courier-service/internal/core/server.go:32.2,34.33 2 0
courier-service/internal/core/server.go:37.91,43.9 4 0
courier-service/internal/core/server.go:44.20,45.40 1 0
courier-service/internal/core/server.go:46.26,47.48 1 0
courier-service/internal/core/server.go:50.2,55.50 4 0
courier-service/internal/core/server.go:55.50,57.3 1 0
courier-service/internal/core/server.go:57.8,59.3 1 0
courier-service/internal/core/server.go:60.2,62.33 3 0
courier-service/internal/handlers/common.go:9.51,12.2 2 0
courier-service/internal/handlers/common.go:14.58,16.2 1 0
courier-service/internal/handlers/courier.go:19.71,21.2 1 0
courier-service/internal/handlers/courier.go:23.84,26.16 3 0
courier-service/internal/handlers/courier.go:26.16,29.3 2 0
courier-service/internal/handlers/courier.go:31.2,32.16 2 0
courier-service/internal/handlers/courier.go:32.16,33.49 1 0
courier-service/internal/handlers/courier.go:33.49,36.4 2 0
courier-service/internal/handlers/courier.go:37.3,38.9 2 0
courier-service/internal/handlers/courier.go:40.2,40.44 1 0
courier-service/internal/handlers/courier.go:43.84,46.16 3 0
courier-service/internal/handlers/courier.go:46.16,49.3 2 0
courier-service/internal/handlers/courier.go:50.2,50.45 1 0
courier-service/internal/handlers/courier.go:53.83,56.61 3 0
courier-service/internal/handlers/courier.go:56.61,59.3 2 0
courier-service/internal/handlers/courier.go:61.2,62.16 2 0
courier-service/internal/handlers/courier.go:62.16,65.3 2 0
courier-service/internal/handlers/courier.go:67.2,70.4 1 0
courier-service/internal/handlers/courier.go:73.83,76.61 3 0
courier-service/internal/handlers/courier.go:76.61,79.3 2 0
courier-service/internal/handlers/courier.go:81.2,81.17 1 0
courier-service/internal/handlers/courier.go:81.17,84.3 2 0
courier-service/internal/handlers/courier.go:86.2,87.16 2 0
courier-service/internal/handlers/courier.go:87.16,90.3 2 0
courier-service/internal/handlers/courier.go:92.2,94.4 1 0
courier-service/internal/handlers/delivery.go:13.73,15.2 1 0
courier-service/internal/handlers/delivery.go:17.85,20.61 3 0
courier-service/internal/handlers/delivery.go:20.61,23.3 2 0
courier-service/internal/handlers/delivery.go:25.2,26.16 2 0
courier-service/internal/handlers/delivery.go:26.16,29.3 2 0
courier-service/internal/handlers/delivery.go:30.2,30.45 1 0
courier-service/internal/handlers/delivery.go:33.87,36.61 3 0
courier-service/internal/handlers/delivery.go:36.61,39.3 2 0
courier-service/internal/handlers/delivery.go:41.2,42.16 2 0
courier-service/internal/handlers/delivery.go:42.16,45.3 2 0
courier-service/internal/handlers/delivery.go:46.2,46.45 1 0
courier-service/internal/handlers/errors.go:25.67,28.2 2 0
courier-service/internal/handlers/errors.go:30.58,31.13 1 0
courier-service/internal/handlers/errors.go:32.32,33.71 1 0
courier-service/internal/handlers/errors.go:34.37,35.68 1 0
courier-service/internal/handlers/errors.go:36.39,37.70 1 0
courier-service/internal/handlers/errors.go:38.36,39.66 1 0
courier-service/internal/handlers/errors.go:40.10,41.37 1 0
courier-service/internal/handlers/errors.go:45.58,46.13 1 0
courier-service/internal/handlers/errors.go:47.32,48.71 1 0
courier-service/internal/handlers/errors.go:49.37,50.68 1 0
courier-service/internal/handlers/errors.go:51.39,52.70 1 0
courier-service/internal/handlers/errors.go:53.36,54.66 1 0
courier-service/internal/handlers/errors.go:55.34,56.63 1 0
courier-service/internal/handlers/errors.go:57.10,58.37 1 0
courier-service/internal/handlers/errors.go:62.66,63.13 1 0
courier-service/internal/handlers/errors.go:64.31,65.60 1 0
courier-service/internal/handlers/errors.go:66.28,67.71 1 0
courier-service/internal/handlers/errors.go:68.32,69.61 1 0
courier-service/internal/handlers/errors.go:70.10,71.37 1 0
courier-service/internal/handlers/errors.go:75.68,76.13 1 0
courier-service/internal/handlers/errors.go:77.28,78.71 1 0
courier-service/internal/handlers/errors.go:79.34,80.63 1 0
courier-service/internal/handlers/errors.go:81.10,82.37 1 0
courier-service/internal/handlers/utils.go:8.79,12.2 3 0
courier-service/internal/handlers/utils.go:14.78,16.2 1 0
courier-service/internal/handlers/mocks/usecase_mock.go:27.75,31.2 3 0
courier-service/internal/handlers/mocks/usecase_mock.go:34.73,36.2 1 0
courier-service/internal/handlers/mocks/usecase_mock.go:39.114,45.2 5 0
courier-service/internal/handlers/mocks/usecase_mock.go:48.93,51.2 2 0
courier-service/internal/handlers/mocks/usecase_mock.go:54.92,60.2 5 0
courier-service/internal/handlers/mocks/usecase_mock.go:63.89,66.2 2 0
courier-service/internal/handlers/mocks/usecase_mock.go:69.101,75.2 5 0
courier-service/internal/handlers/mocks/usecase_mock.go:78.93,81.2 2 0
courier-service/internal/handlers/mocks/usecase_mock.go:84.105,89.2 4 0
courier-service/internal/handlers/mocks/usecase_mock.go:92.93,95.2 2 0
courier-service/internal/handlers/mocks/usecase_mock.go:109.75,113.2 3 0
courier-service/internal/handlers/mocks/usecase_mock.go:116.73,118.2 1 0
courier-service/internal/handlers/mocks/usecase_mock.go:121.139,127.2 5 0
courier-service/internal/handlers/mocks/usecase_mock.go:130.94,133.2 2 0
courier-service/internal/handlers/mocks/usecase_mock.go:136.145,142.2 5 0
courier-service/internal/handlers/mocks/usecase_mock.go:145.96,148.2 2 0
courier-service/internal/repository/courier.go:22.66,24.2 1 1
courier-service/internal/repository/courier.go:26.101,35.16 3 1
courier-service/internal/repository/courier.go:35.16,37.3 1 0
courier-service/internal/repository/courier.go:39.2,45.35 3 1
courier-service/internal/repository/courier.go:45.35,47.3 1 1
courier-service/internal/repository/courier.go:48.2,48.16 1 1
courier-service/internal/repository/courier.go:48.16,50.3 1 0
courier-service/internal/repository/courier.go:52.2,52.16 1 1
courier-service/internal/repository/courier.go:55.92,62.16 3 1
courier-service/internal/repository/courier.go:62.16,64.3 1 0
courier-service/internal/repository/courier.go:66.2,67.16 2 1
courier-service/internal/repository/courier.go:67.16,69.3 1 0
courier-service/internal/repository/courier.go:71.2,74.18 3 1
courier-service/internal/repository/courier.go:74.18,77.17 3 1
courier-service/internal/repository/courier.go:77.17,79.4 1 0
courier-service/internal/repository/courier.go:80.3,80.33 1 1
courier-service/internal/repository/courier.go:82.2,82.22 1 1
courier-service/internal/repository/courier.go:85.105,95.16 4 1
courier-service/internal/repository/courier.go:95.16,97.3 1 0
courier-service/internal/repository/courier.go:99.2,100.16 2 1
courier-service/internal/repository/courier.go:100.16,101.59 1 1
courier-service/internal/repository/courier.go:101.59,103.4 1 1
courier-service/internal/repository/courier.go:104.3,104.50 1 0
courier-service/internal/repository/courier.go:107.2,107.16 1 1
courier-service/internal/repository/courier.go:110.96,112.24 2 1
courier-service/internal/repository/courier.go:112.24,114.3 1 1
courier-service/internal/repository/courier.go:115.2,115.25 1 1
courier-service/internal/repository/courier.go:115.25,117.3 1 0
courier-service/internal/repository/courier.go:118.2,118.26 1 1
courier-service/internal/repository/courier.go:118.26,120.3 1 1
courier-service/internal/repository/courier.go:121.2,121.33 1 1
courier-service/internal/repository/courier.go:121.33,123.3 1 1
courier-service/internal/repository/courier.go:124.2,124.20 1 1
courier-service/internal/repository/courier.go:124.20,126.3 1 1
courier-service/internal/repository/courier.go:127.2,135.16 3 1
courier-service/internal/repository/courier.go:135.16,137.3 1 0
courier-service/internal/repository/courier.go:139.2,140.16 2 1
courier-service/internal/repository/courier.go:140.16,142.3 1 0
courier-service/internal/repository/courier.go:144.2,144.32 1 1
courier-service/internal/repository/courier.go:144.32,146.3 1 1
courier-service/internal/repository/courier.go:148.2,148.12 1 1
courier-service/internal/repository/courier.go:151.97,163.16 3 1
courier-service/internal/repository/courier.go:163.16,165.3 1 0
courier-service/internal/repository/courier.go:167.2,170.16 3 1
courier-service/internal/repository/courier.go:170.16,171.36 1 1
courier-service/internal/repository/courier.go:171.36,173.4 1 1
courier-service/internal/repository/courier.go:174.3,174.18 1 0
courier-service/internal/repository/courier.go:177.2,177.16 1 1
courier-service/internal/repository/courier.go:180.81,206.16 4 1
courier-service/internal/repository/courier.go:206.16,208.3 1 0
courier-service/internal/repository/courier.go:210.2,211.16 2 1
courier-service/internal/repository/courier.go:211.16,213.3 1 0
courier-service/internal/repository/courier.go:215.2,216.12 2 1
courier-service/internal/repository/courier.go:219.99,227.16 3 1
courier-service/internal/repository/courier.go:227.16,229.3 1 0
courier-service/internal/repository/courier.go:231.2,233.16 3 1
courier-service/internal/repository/courier.go:233.16,235.3 1 0
courier-service/internal/repository/courier.go:236.2,236.23 1 1
courier-service/internal/repository/delivery.go:18.68,20.2 1 1
courier-service/internal/repository/delivery.go:22.119,31.16 3 1
courier-service/internal/repository/delivery.go:31.16,33.3 1 0
courier-service/internal/repository/delivery.go:35.2,39.16 2 1
courier-service/internal/repository/delivery.go:39.16,40.59 1 1
courier-service/internal/repository/delivery.go:40.59,42.4 1 1
courier-service/internal/repository/delivery.go:43.3,43.18 1 1
courier-service/internal/repository/delivery.go:46.2,47.18 2 1
courier-service/internal/repository/delivery.go:50.111,59.16 3 1
courier-service/internal/repository/delivery.go:59.16,61.3 1 0
courier-service/internal/repository/delivery.go:63.2,65.16 3 1
courier-service/internal/repository/delivery.go:65.16,66.36 1 1
courier-service/internal/repository/delivery.go:66.36,68.4 1 1
courier-service/internal/repository/delivery.go:69.3,69.18 1 0
courier-service/internal/repository/delivery.go:72.2,72.23 1 1
courier-service/internal/repository/delivery.go:75.88,82.16 3 1
courier-service/internal/repository/delivery.go:82.16,84.3 1 0
courier-service/internal/repository/delivery.go:86.2,87.16 2 1
courier-service/internal/repository/delivery.go:87.16,89.3 1 0
courier-service/internal/repository/delivery.go:91.2,91.32 1 1
courier-service/internal/repository/delivery.go:91.32,93.3 1 1
courier-service/internal/repository/delivery.go:95.2,95.12 1 1
courier-service/internal/repository/repository_test_suite.go:27.44,40.16 3 1
courier-service/internal/repository/repository_test_suite.go:40.16,42.3 1 0
courier-service/internal/repository/repository_test_suite.go:43.2,46.16 3 1
courier-service/internal/repository/repository_test_suite.go:46.16,48.3 1 0
courier-service/internal/repository/repository_test_suite.go:50.2,51.16 2 1
courier-service/internal/repository/repository_test_suite.go:51.16,53.3 1 0
courier-service/internal/repository/repository_test_suite.go:54.2,56.45 2 1
courier-service/internal/repository/repository_test_suite.go:56.45,58.3 1 0
courier-service/internal/repository/repository_test_suite.go:60.2,61.46 2 1
courier-service/internal/repository/repository_test_suite.go:64.47,67.19 2 1
courier-service/internal/repository/repository_test_suite.go:67.19,69.3 1 1
courier-service/internal/repository/repository_test_suite.go:71.2,71.26 1 1
courier-service/internal/repository/repository_test_suite.go:71.26,72.54 1 1
courier-service/internal/repository/repository_test_suite.go:72.54,74.4 1 0
courier-service/internal/repository/repository_test_suite.go:78.46,81.16 2 1
courier-service/internal/repository/repository_test_suite.go:81.16,83.3 1 0
courier-service/internal/repository/repository_test_suite.go:86.90,94.16 3 1
courier-service/internal/repository/repository_test_suite.go:94.16,96.3 1 0
courier-service/internal/repository/repository_test_suite.go:97.2,97.11 1 1
courier-service/internal/repository/repository_test_suite.go:100.72,104.16 3 1
courier-service/internal/repository/repository_test_suite.go:104.16,106.3 1 0
courier-service/internal/repository/repository_test_suite.go:108.2,108.39 1 1
courier-service/internal/repository/repository_test_suite.go:108.39,110.17 2 1
courier-service/internal/repository/repository_test_suite.go:110.17,112.4 1 0
courier-service/internal/repository/repository_test_suite.go:114.3,115.18 2 1
courier-service/internal/repository/repository_test_suite.go:115.18,116.12 1 0
courier-service/internal/repository/repository_test_suite.go:119.3,120.52 2 1
courier-service/internal/repository/repository_test_suite.go:120.52,122.4 1 0
courier-service/internal/repository/repository_test_suite.go:125.2,125.12 1 1
courier-service/internal/repository/repository_test_suite.go:128.48,134.29 5 1
courier-service/internal/repository/repository_test_suite.go:134.29,135.45 1 1
courier-service/internal/repository/repository_test_suite.go:135.45,137.12 2 1
courier-service/internal/repository/repository_test_suite.go:139.3,139.47 1 1
courier-service/internal/repository/repository_test_suite.go:139.47,140.9 1 1
courier-service/internal/repository/repository_test_suite.go:142.3,142.57 1 1
courier-service/internal/repository/repository_test_suite.go:142.57,144.12 2 1
courier-service/internal/repository/repository_test_suite.go:146.3,146.55 1 1
courier-service/internal/repository/repository_test_suite.go:146.55,148.12 2 1
courier-service/internal/repository/repository_test_suite.go:150.3,150.26 1 1
courier-service/internal/repository/repository_test_suite.go:150.26,152.4 1 1
courier-service/internal/repository/repository_test_suite.go:155.2,155.53 1 1
courier-service/internal/repository/txrunner.go:12.51,14.2 1 1
courier-service/internal/repository/txrunner.go:16.90,18.19 2 1
courier-service/internal/repository/txrunner.go:18.19,20.6 1 0
courier-service/internal/repository/txrunner.go:22.5,24.37 2 1
courier-service/internal/repository/txrunner.go:24.37,27.6 2 1
courier-service/internal/repository/txrunner.go:28.5,28.26 1 1
courier-service/internal/routing/courier.go:9.73,11.41 2 0
courier-service/internal/routing/courier.go:11.41,15.3 3 0
courier-service/internal/routing/delivery.go:8.75,9.42 1 0
courier-service/internal/routing/delivery.go:9.42,12.3 2 0
courier-service/internal/routing/root.go:12.12,18.2 5 0
courier-service/internal/usecase/courier.go:18.71,20.2 1 0
courier-service/internal/usecase/courier.go:22.64,24.2 1 0
courier-service/internal/usecase/courier.go:26.100,30.6 3 0
courier-service/internal/usecase/courier.go:30.6,31.10 1 0
courier-service/internal/usecase/courier.go:32.21,33.10 1 0
courier-service/internal/usecase/courier.go:34.24,35.69 1 0
courier-service/internal/usecase/courier.go:35.69,37.5 1 0
courier-service/internal/usecase/courier.go:38.4,38.69 1 0
courier-service/internal/usecase/courier.go:43.95,46.16 2 0
courier-service/internal/usecase/courier.go:46.16,47.52 1 0
courier-service/internal/usecase/courier.go:47.52,49.4 1 0
courier-service/internal/usecase/courier.go:50.3,50.18 1 0
courier-service/internal/usecase/courier.go:53.2,54.22 2 0
courier-service/internal/usecase/courier.go:57.86,60.16 2 0
courier-service/internal/usecase/courier.go:60.16,62.3 1 0
courier-service/internal/usecase/courier.go:64.2,65.31 2 0
courier-service/internal/usecase/courier.go:65.31,67.3 1 0
courier-service/internal/usecase/courier.go:69.2,69.22 1 0
courier-service/internal/usecase/courier.go:72.108,73.86 1 0
courier-service/internal/usecase/courier.go:73.86,75.3 1 0
courier-service/internal/usecase/courier.go:77.2,77.64 1 0
courier-service/internal/usecase/courier.go:77.64,79.3 1 0
courier-service/internal/usecase/courier.go:81.2,81.34 1 0
courier-service/internal/usecase/courier.go:81.34,83.3 1 0
courier-service/internal/usecase/courier.go:85.2,85.88 1 0
courier-service/internal/usecase/courier.go:85.88,87.3 1 0
courier-service/internal/usecase/courier.go:87.8,87.23 1 0
courier-service/internal/usecase/courier.go:87.23,89.3 1 0
courier-service/internal/usecase/courier.go:91.2,92.52 2 0
courier-service/internal/usecase/courier.go:95.99,96.90 1 0
courier-service/internal/usecase/courier.go:96.90,98.3 1 0
courier-service/internal/usecase/courier.go:99.2,99.30 1 0
courier-service/internal/usecase/courier.go:99.30,100.66 1 0
courier-service/internal/usecase/courier.go:100.66,102.4 1 0
courier-service/internal/usecase/courier.go:104.2,104.22 1 0
courier-service/internal/usecase/courier.go:104.22,105.36 1 0
courier-service/internal/usecase/courier.go:105.36,107.4 1 0
courier-service/internal/usecase/courier.go:108.3,108.89 1 0
courier-service/internal/usecase/courier.go:108.89,110.4 1 0
courier-service/internal/usecase/courier.go:110.9,110.25 1 0
courier-service/internal/usecase/courier.go:110.25,112.4 1 0
courier-service/internal/usecase/courier.go:115.2,116.65 2 0
courier-service/internal/usecase/courier.go:116.65,117.52 1 0
courier-service/internal/usecase/courier.go:117.52,119.4 1 0
courier-service/internal/usecase/courier.go:120.3,120.13 1 0
courier-service/internal/usecase/courier.go:122.2,122.12 1 0
courier-service/internal/usecase/courier.go:125.42,127.2 1 0
courier-service/internal/usecase/delivery.go:21.21,27.2 1 0
courier-service/internal/usecase/delivery.go:29.61,30.15 1 0
courier-service/internal/usecase/delivery.go:31.13,32.31 1 0
courier-service/internal/usecase/delivery.go:33.17,34.31 1 0
courier-service/internal/usecase/delivery.go:35.17,36.31 1 0
courier-service/internal/usecase/delivery.go:37.10,38.36 1 0
courier-service/internal/usecase/delivery.go:45.41,46.23 1 0
courier-service/internal/usecase/delivery.go:46.23,48.3 1 0
courier-service/internal/usecase/delivery.go:50.2,52.63 2 0
courier-service/internal/usecase/delivery.go:52.63,54.17 2 0
courier-service/internal/usecase/delivery.go:54.17,55.50 1 0
courier-service/internal/usecase/delivery.go:55.50,57.5 1 0
courier-service/internal/usecase/delivery.go:58.4,58.14 1 0
courier-service/internal/usecase/delivery.go:61.3,62.17 2 0
courier-service/internal/usecase/delivery.go:62.17,64.4 1 0
courier-service/internal/usecase/delivery.go:66.3,67.17 2 0
courier-service/internal/usecase/delivery.go:67.17,68.51 1 0
courier-service/internal/usecase/delivery.go:68.51,70.5 1 0
courier-service/internal/usecase/delivery.go:71.4,71.14 1 0
courier-service/internal/usecase/delivery.go:74.3,75.77 2 0
courier-service/internal/usecase/delivery.go:75.77,77.4 1 0
courier-service/internal/usecase/delivery.go:79.3,81.13 3 0
courier-service/internal/usecase/delivery.go:84.2,84.16 1 0
courier-service/internal/usecase/delivery.go:84.16,86.3 1 0
courier-service/internal/usecase/delivery.go:87.2,87.18 1 0
courier-service/internal/usecase/delivery.go:93.43,94.23 1 0
courier-service/internal/usecase/delivery.go:94.23,96.3 1 0
courier-service/internal/usecase/delivery.go:98.2,100.63 2 0
courier-service/internal/usecase/delivery.go:100.63,102.17 2 0
courier-service/internal/usecase/delivery.go:102.17,103.53 1 0
courier-service/internal/usecase/delivery.go:103.53,105.5 1 0
courier-service/internal/usecase/delivery.go:106.4,106.14 1 0
courier-service/internal/usecase/delivery.go:109.3,109.81 1 0
courier-service/internal/usecase/delivery.go:109.81,110.53 1 0
courier-service/internal/usecase/delivery.go:110.53,112.5 1 0
courier-service/internal/usecase/delivery.go:113.4,113.14 1 0
courier-service/internal/usecase/delivery.go:116.3,117.17 2 0
courier-service/internal/usecase/delivery.go:117.17,119.4 1 0
courier-service/internal/usecase/delivery.go:121.3,122.77 2 0
courier-service/internal/usecase/delivery.go:122.77,124.4 1 0
courier-service/internal/usecase/delivery.go:126.3,130.13 4 0
courier-service/internal/usecase/delivery.go:132.2,132.16 1 0
courier-service/internal/usecase/delivery.go:132.16,134.3 1 0
courier-service/internal/usecase/delivery.go:136.2,136.18 1 0
courier-service/internal/usecase/dto.go:8.86,10.21 2 0
courier-service/internal/usecase/dto.go:10.21,12.3 1 0
courier-service/internal/usecase/dto.go:13.2,13.22 1 0
courier-service/internal/usecase/dto.go:13.22,15.3 1 0
courier-service/internal/usecase/dto.go:16.2,16.23 1 0
courier-service/internal/usecase/dto.go:16.23,18.3 1 0
courier-service/internal/usecase/dto.go:19.2,19.30 1 0
courier-service/internal/usecase/dto.go:19.30,21.3 1 0
courier-service/internal/usecase/dto.go:22.2,22.12 1 0
courier-service/internal/usecase/dto.go:25.86,32.2 1 0
courier-service/internal/usecase/dto.go:34.109,36.16 2 0
courier-service/internal/usecase/dto.go:36.16,38.3 1 0
courier-service/internal/usecase/dto.go:39.2,44.8 1 0
courier-service/internal/usecase/dto.go:47.107,54.2 1 0
courier-service/internal/usecase/dto.go:56.111,62.2 1 0
courier-service/internal/usecase/mocks/repository_mock.go:27.81,31.2 3 0
courier-service/internal/usecase/mocks/repository_mock.go:34.79,36.2 1 0
courier-service/internal/usecase/mocks/repository_mock.go:39.110,45.2 5 0
courier-service/internal/usecase/mocks/repository_mock.go:48.100,51.2 2 0
courier-service/internal/usecase/mocks/repository_mock.go:54.104,60.2 5 0
courier-service/internal/usecase/mocks/repository_mock.go:63.105,66.2 2 0
courier-service/internal/usecase/mocks/repository_mock.go:69.102,75.2 5 0
courier-service/internal/usecase/mocks/repository_mock.go:78.98,81.2 2 0
courier-service/internal/usecase/mocks/repository_mock.go:84.86,89.2 4 0
courier-service/internal/usecase/mocks/repository_mock.go:92.102,95.2 2 0
courier-service/internal/usecase/mocks/repository_mock.go:98.97,104.2 5 0
courier-service/internal/usecase/mocks/repository_mock.go:107.92,110.2 2 0
courier-service/internal/usecase/mocks/repository_mock.go:113.106,119.2 5 0
courier-service/internal/usecase/mocks/repository_mock.go:122.96,125.2 2 0
courier-service/internal/usecase/mocks/repository_mock.go:128.101,133.2 4 0
courier-service/internal/usecase/mocks/repository_mock.go:136.100,139.2 2 0
courier-service/internal/usecase/mocks/repository_mock.go:153.81,157.2 3 0
courier-service/internal/usecase/mocks/repository_mock.go:160.79,162.2 1 0
courier-service/internal/usecase/mocks/repository_mock.go:165.115,171.2 5 0
courier-service/internal/usecase/mocks/repository_mock.go:174.103,177.2 2 0
courier-service/internal/usecase/mocks/repository_mock.go:180.123,186.2 5 0
courier-service/internal/usecase/mocks/repository_mock.go:189.102,192.2 2 0
courier-service/internal/usecase/mocks/repository_mock.go:195.92,200.2 4 0
courier-service/internal/usecase/mocks/repository_mock.go:203.101,206.2 2 0
courier-service/internal/usecase/mocks/repository_mock.go:220.61,224.2 3 0
courier-service/internal/usecase/mocks/repository_mock.go:227.59,229.2 1 0
courier-service/internal/usecase/mocks/repository_mock.go:232.87,237.2 4 0
courier-service/internal/usecase/mocks/repository_mock.go:240.75,243.2 2 0
