mode: set
courier-service/cmd/service/main.go:34.13,38.16 3 0
courier-service/cmd/service/main.go:38.16,40.3 1 0
courier-service/cmd/service/main.go:42.2,43.16 2 0
courier-service/cmd/service/main.go:43.16,45.3 1 0
courier-service/cmd/service/main.go:47.2,64.16 7 0
courier-service/cmd/service/main.go:64.16,67.3 2 0
courier-service/cmd/service/main.go:69.2,69.15 1 0
courier-service/cmd/service/main.go:69.15,70.44 1 0
courier-service/cmd/service/main.go:70.44,72.4 1 0
courier-service/cmd/service/main.go:75.2,120.43 17 0
courier-service/cmd/service/main.go:123.92,130.12 3 0
courier-service/cmd/service/main.go:130.12,131.87 1 0
courier-service/cmd/service/main.go:131.87,133.4 1 0
courier-service/cmd/service/main.go:134.3,134.19 1 0
courier-service/cmd/service/main.go:137.2,137.9 1 0
courier-service/cmd/service/main.go:138.20,139.42 1 0
courier-service/cmd/service/main.go:140.26,141.17 1 0
courier-service/cmd/service/main.go:141.17,143.4 1 0
courier-service/cmd/service/main.go:146.2,149.50 3 0
courier-service/cmd/service/main.go:149.50,151.3 1 0
courier-service/cmd/service/main.go:154.75,163.12 4 0
courier-service/cmd/service/main.go:163.12,165.87 2 0
courier-service/cmd/service/main.go:165.87,167.4 1 0
courier-service/cmd/service/main.go:168.3,168.19 1 0
courier-service/cmd/service/main.go:171.2,171.9 1 0
courier-service/cmd/service/main.go:172.20,173.48 1 0
courier-service/cmd/service/main.go:174.26,175.17 1 0
courier-service/cmd/service/main.go:175.17,177.4 1 0
courier-service/cmd/service/main.go:180.2,183.50 3 0
courier-service/cmd/service/main.go:183.50,185.3 1 0
courier-service/cmd/worker/main.go:39.13,43.16 3 0
courier-service/cmd/worker/main.go:43.16,45.3 1 0
courier-service/cmd/worker/main.go:47.2,48.16 2 0
courier-service/cmd/worker/main.go:48.16,50.3 1 0
courier-service/cmd/worker/main.go:52.2,73.16 11 0
courier-service/cmd/worker/main.go:73.16,75.3 1 0
courier-service/cmd/worker/main.go:76.2,76.15 1 0
courier-service/cmd/worker/main.go:76.15,77.44 1 0
courier-service/cmd/worker/main.go:77.44,79.4 1 0
courier-service/cmd/worker/main.go:82.2,123.12 20 0
courier-service/cmd/worker/main.go:123.12,124.109 1 0
courier-service/cmd/worker/main.go:124.109,126.4 1 0
courier-service/cmd/worker/main.go:129.2,130.49 2 0
courier-service/cmd/worker/main.go:133.50,138.2 4 0
courier-service/cmd/worker/main.go:148.9,150.16 2 0
courier-service/cmd/worker/main.go:150.16,152.3 1 0
courier-service/cmd/worker/main.go:153.2,153.15 1 0
courier-service/cmd/worker/main.go:153.15,154.40 1 0
courier-service/cmd/worker/main.go:154.40,156.4 1 0
courier-service/cmd/worker/main.go:159.2,159.6 1 0
courier-service/cmd/worker/main.go:159.6,160.71 1 0
courier-service/cmd/worker/main.go:160.71,163.4 2 0
courier-service/cmd/worker/main.go:165.3,165.23 1 0
courier-service/cmd/worker/main.go:165.23,168.4 2 0
courier-service/cmd/worker/main.go:172.59,179.2 2 0
courier-service/cmd/worker/main.go:181.76,191.12 4 0
courier-service/cmd/worker/main.go:191.12,194.3 2 0
courier-service/cmd/worker/main.go:196.2,196.86 1 0
courier-service/cmd/worker/main.go:196.86,198.3 1 0
courier-service/internal/core/config.go:46.36,51.71 3 0
courier-service/internal/core/config.go:51.71,53.3 1 0
courier-service/internal/core/config.go:54.2,82.17 20 0
courier-service/internal/core/config.go:85.39,97.61 1 0
courier-service/internal/core/config.go:97.61,97.75 1 0
courier-service/internal/core/config.go:101.30,103.16 2 0
courier-service/internal/core/config.go:103.16,104.72 1 0
courier-service/internal/core/config.go:106.2,106.16 1 0
courier-service/internal/core/config.go:109.58,112.2 2 0
courier-service/internal/core/config.go:114.39,116.15 2 0
courier-service/internal/core/config.go:116.15,118.3 1 0
courier-service/internal/core/config.go:119.2,120.16 2 0
courier-service/internal/core/config.go:120.16,122.3 1 0
courier-service/internal/core/config.go:123.2,124.16 2 0
courier-service/internal/core/config.go:124.16,126.3 1 0
courier-service/internal/core/config.go:128.2,134.3 4 0
courier-service/internal/gateway/interceptor/interceptor.go:13.98,21.10 1 0
courier-service/internal/gateway/interceptor/interceptor.go:21.10,33.17 5 0
courier-service/internal/gateway/interceptor/interceptor.go:33.17,40.43 3 0
courier-service/internal/gateway/interceptor/interceptor.go:40.43,42.5 1 0
courier-service/internal/gateway/interceptor/interceptor.go:43.9,46.4 1 0
courier-service/internal/gateway/interceptor/interceptor.go:48.3,48.13 1 0
courier-service/internal/gateway/interceptor/interceptor.go:53.76,61.10 1 0
courier-service/internal/gateway/interceptor/interceptor.go:61.10,65.17 2 0
courier-service/internal/gateway/interceptor/interceptor.go:65.17,68.43 2 0
courier-service/internal/gateway/interceptor/interceptor.go:68.43,70.5 1 0
courier-service/internal/gateway/interceptor/interceptor.go:73.3,73.13 1 0
courier-service/internal/gateway/interceptor/interceptor.go:78.68,86.10 1 0
courier-service/internal/gateway/interceptor/interceptor.go:86.10,99.17 5 0
courier-service/internal/gateway/interceptor/interceptor.go:99.17,103.4 2 0
courier-service/internal/gateway/interceptor/interceptor.go:103.9,106.4 1 0
courier-service/internal/gateway/interceptor/interceptor.go:108.3,108.13 1 0
courier-service/internal/gateway/interceptor/interceptor.go:113.45,114.14 1 0
courier-service/internal/gateway/interceptor/interceptor.go:119.18,120.14 1 0
courier-service/internal/gateway/interceptor/interceptor.go:121.10,122.15 1 0
courier-service/internal/gateway/order/dto.go:8.51,14.2 1 0
courier-service/internal/gateway/order/order.go:22.73,28.2 1 0
courier-service/internal/gateway/order/order.go:30.89,33.77 2 0
courier-service/internal/gateway/order/order.go:33.77,37.17 2 0
courier-service/internal/gateway/order/order.go:37.17,39.4 1 0
courier-service/internal/gateway/order/order.go:40.3,40.18 1 0
courier-service/internal/gateway/order/order.go:40.18,42.4 1 0
courier-service/internal/gateway/order/order.go:43.3,44.13 2 0
courier-service/internal/gateway/order/order.go:47.2,47.16 1 0
courier-service/internal/gateway/order/order.go:47.16,49.3 1 0
courier-service/internal/gateway/order/order.go:51.2,52.38 2 0
courier-service/internal/gateway/order/order.go:52.38,54.3 1 0
courier-service/internal/gateway/order/order.go:55.2,55.24 1 0
courier-service/internal/gateway/order/order.go:58.85,62.77 3 0
courier-service/internal/gateway/order/order.go:62.77,66.17 2 0
courier-service/internal/gateway/order/order.go:66.17,68.4 1 0
courier-service/internal/gateway/order/order.go:69.3,69.18 1 0
courier-service/internal/gateway/order/order.go:69.18,71.4 1 0
courier-service/internal/gateway/order/order.go:72.3,73.13 2 0
courier-service/internal/gateway/order/order.go:76.2,76.16 1 0
courier-service/internal/gateway/order/order.go:76.16,77.48 1 0
courier-service/internal/gateway/order/order.go:77.48,79.4 1 0
courier-service/internal/gateway/order/order.go:80.3,80.28 1 0
courier-service/internal/gateway/order/order.go:83.2,83.46 1 0
courier-service/internal/gateway/retry/retry.go:23.73,24.29 1 0
courier-service/internal/gateway/retry/retry.go:24.29,26.3 1 0
courier-service/internal/gateway/retry/retry.go:27.2,27.31 1 0
courier-service/internal/gateway/retry/retry.go:27.31,28.45 1 0
courier-service/internal/gateway/retry/retry.go:28.45,28.66 1 0
courier-service/internal/gateway/retry/retry.go:30.2,30.55 1 0
courier-service/internal/gateway/retry/retry.go:33.56,36.63 2 0
courier-service/internal/gateway/retry/retry.go:36.63,38.17 2 0
courier-service/internal/gateway/retry/retry.go:38.17,40.4 1 0
courier-service/internal/gateway/retry/retry.go:42.3,44.33 2 0
courier-service/internal/gateway/retry/retry.go:44.33,46.4 1 0
courier-service/internal/gateway/retry/retry.go:48.3,48.38 1 0
courier-service/internal/gateway/retry/retry.go:48.38,49.9 1 0
courier-service/internal/gateway/retry/retry.go:52.3,53.20 2 0
courier-service/internal/gateway/retry/retry.go:56.2,56.62 1 0
courier-service/internal/gateway/retry/retry.go:59.103,62.63 2 0
courier-service/internal/gateway/retry/retry.go:62.63,64.35 1 0
courier-service/internal/gateway/retry/retry.go:64.35,66.4 1 0
courier-service/internal/gateway/retry/retry.go:68.3,69.17 2 0
courier-service/internal/gateway/retry/retry.go:69.17,71.4 1 0
courier-service/internal/gateway/retry/retry.go:73.3,75.33 2 0
courier-service/internal/gateway/retry/retry.go:75.33,77.4 1 0
courier-service/internal/gateway/retry/retry.go:79.3,79.38 1 0
courier-service/internal/gateway/retry/retry.go:79.38,81.9 2 0
courier-service/internal/gateway/retry/retry.go:82.9,84.4 1 0
courier-service/internal/gateway/retry/retry.go:86.3,88.10 2 0
courier-service/internal/gateway/retry/retry.go:89.28,89.28 0 0
courier-service/internal/gateway/retry/retry.go:90.21,91.20 1 0
courier-service/internal/gateway/retry/retry.go:95.2,95.62 1 0
courier-service/internal/gateway/retry/retry.go:101.9,104.63 2 0
courier-service/internal/gateway/retry/retry.go:104.63,106.17 2 0
courier-service/internal/gateway/retry/retry.go:106.17,108.4 1 0
courier-service/internal/gateway/retry/retry.go:110.3,112.33 2 0
courier-service/internal/gateway/retry/retry.go:112.33,114.4 1 0
courier-service/internal/gateway/retry/retry.go:116.3,116.38 1 0
courier-service/internal/gateway/retry/retry.go:116.38,117.9 1 0
courier-service/internal/gateway/retry/retry.go:120.3,122.21 2 0
courier-service/internal/gateway/retry/retry.go:122.21,124.4 1 0
courier-service/internal/gateway/retry/retry.go:126.3,126.20 1 0
courier-service/internal/gateway/retry/retry.go:129.2,129.62 1 0
courier-service/internal/handlers/common/common.go:8.51,10.88 2 1
courier-service/internal/handlers/common/common.go:10.88,12.3 1 0
courier-service/internal/handlers/common/common.go:15.58,17.2 1 1
courier-service/internal/handlers/courier/courier.go:20.70,22.2 1 0
courier-service/internal/handlers/courier/courier.go:24.84,27.16 3 0
courier-service/internal/handlers/courier/courier.go:27.16,30.3 2 0
courier-service/internal/handlers/courier/courier.go:32.2,33.16 2 0
courier-service/internal/handlers/courier/courier.go:33.16,34.49 1 0
courier-service/internal/handlers/courier/courier.go:34.49,37.4 2 0
courier-service/internal/handlers/courier/courier.go:38.3,39.9 2 0
courier-service/internal/handlers/courier/courier.go:41.2,41.50 1 0
courier-service/internal/handlers/courier/courier.go:44.84,47.16 3 0
courier-service/internal/handlers/courier/courier.go:47.16,50.3 2 0
courier-service/internal/handlers/courier/courier.go:51.2,51.51 1 0
courier-service/internal/handlers/courier/courier.go:54.83,57.61 3 0
courier-service/internal/handlers/courier/courier.go:57.61,60.3 2 0
courier-service/internal/handlers/courier/courier.go:62.2,69.16 2 0
courier-service/internal/handlers/courier/courier.go:69.16,72.3 2 0
courier-service/internal/handlers/courier/courier.go:74.2,77.4 1 0
courier-service/internal/handlers/courier/courier.go:80.83,83.61 3 0
courier-service/internal/handlers/courier/courier.go:83.61,86.3 2 0
courier-service/internal/handlers/courier/courier.go:88.2,88.17 1 0
courier-service/internal/handlers/courier/courier.go:88.17,91.3 2 0
courier-service/internal/handlers/courier/courier.go:93.2,95.16 3 0
courier-service/internal/handlers/courier/courier.go:95.16,98.3 2 0
courier-service/internal/handlers/courier/courier.go:100.2,102.4 1 0
courier-service/internal/handlers/courier/dto.go:20.60,22.21 2 0
courier-service/internal/handlers/courier/dto.go:22.21,24.3 1 0
courier-service/internal/handlers/courier/dto.go:25.2,25.22 1 0
courier-service/internal/handlers/courier/dto.go:25.22,27.3 1 0
courier-service/internal/handlers/courier/dto.go:28.2,28.30 1 0
courier-service/internal/handlers/courier/dto.go:28.30,30.3 1 0
courier-service/internal/handlers/courier/dto.go:31.2,31.23 1 0
courier-service/internal/handlers/courier/dto.go:31.23,33.3 1 0
courier-service/internal/handlers/courier/dto.go:34.2,34.16 1 0
courier-service/internal/handlers/courier/errors.go:21.58,22.13 1 0
courier-service/internal/handlers/courier/errors.go:23.32,24.77 1 0
courier-service/internal/handlers/courier/errors.go:25.37,26.74 1 0
courier-service/internal/handlers/courier/errors.go:27.39,28.76 1 0
courier-service/internal/handlers/courier/errors.go:29.36,30.72 1 0
courier-service/internal/handlers/courier/errors.go:31.10,32.43 1 0
courier-service/internal/handlers/courier/errors.go:36.58,37.13 1 0
courier-service/internal/handlers/courier/errors.go:38.32,39.77 1 0
courier-service/internal/handlers/courier/errors.go:40.37,41.74 1 0
courier-service/internal/handlers/courier/errors.go:42.39,43.76 1 0
courier-service/internal/handlers/courier/errors.go:44.36,45.72 1 0
courier-service/internal/handlers/courier/errors.go:46.34,47.69 1 0
courier-service/internal/handlers/courier/errors.go:48.10,49.43 1 0
courier-service/internal/handlers/delivery/delivery.go:15.96,17.2 1 0
courier-service/internal/handlers/delivery/delivery.go:19.85,22.61 3 0
courier-service/internal/handlers/delivery/delivery.go:22.61,25.3 2 0
courier-service/internal/handlers/delivery/delivery.go:27.2,30.16 3 0
courier-service/internal/handlers/delivery/delivery.go:30.16,33.3 2 0
courier-service/internal/handlers/delivery/delivery.go:34.2,34.51 1 0
courier-service/internal/handlers/delivery/delivery.go:37.87,40.61 3 0
courier-service/internal/handlers/delivery/delivery.go:40.61,43.3 2 0
courier-service/internal/handlers/delivery/delivery.go:45.2,48.16 3 0
courier-service/internal/handlers/delivery/delivery.go:48.16,51.3 2 0
courier-service/internal/handlers/delivery/delivery.go:52.2,52.51 1 0
courier-service/internal/handlers/delivery/dto.go:34.93,40.2 1 0
courier-service/internal/handlers/delivery/dto.go:42.96,49.2 1 0
courier-service/internal/handlers/delivery/errors.go:26.66,27.13 1 0
courier-service/internal/handlers/delivery/errors.go:28.30,29.66 1 0
courier-service/internal/handlers/delivery/errors.go:30.27,31.77 1 0
courier-service/internal/handlers/delivery/errors.go:32.31,33.67 1 0
courier-service/internal/handlers/delivery/errors.go:34.10,35.43 1 0
courier-service/internal/handlers/delivery/errors.go:39.68,40.13 1 0
courier-service/internal/handlers/delivery/errors.go:41.29,42.77 1 0
courier-service/internal/handlers/delivery/errors.go:43.35,44.69 1 0
courier-service/internal/handlers/delivery/errors.go:45.10,46.43 1 0
courier-service/internal/handlers/middleware/logging/logging.go:13.35,14.46 1 0
courier-service/internal/handlers/middleware/logging/logging.go:14.46,15.72 1 0
courier-service/internal/handlers/middleware/logging/logging.go:15.72,26.21 6 0
courier-service/internal/handlers/middleware/logging/logging.go:26.21,29.5 2 0
courier-service/internal/handlers/middleware/logging/logging.go:30.4,42.5 5 0
courier-service/internal/handlers/middleware/logging/logging.go:52.50,55.2 2 0
courier-service/internal/handlers/middleware/ratelimit/ratelimit.go:12.35,13.46 1 0
courier-service/internal/handlers/middleware/ratelimit/ratelimit.go:13.46,14.72 1 0
courier-service/internal/handlers/middleware/ratelimit/ratelimit.go:14.72,15.24 1 0
courier-service/internal/handlers/middleware/ratelimit/ratelimit.go:15.24,22.69 7 0
courier-service/internal/handlers/middleware/ratelimit/ratelimit.go:22.69,24.6 1 0
courier-service/internal/handlers/middleware/ratelimit/ratelimit.go:25.5,25.11 1 0
courier-service/internal/handlers/middleware/ratelimit/ratelimit.go:28.4,29.24 2 0
courier-service/internal/handlers/queues/order/changed/order.go:18.106,20.2 1 0
courier-service/internal/handlers/queues/order/changed/order.go:22.78,24.2 1 0
courier-service/internal/handlers/queues/order/changed/order.go:26.80,28.2 1 0
courier-service/internal/handlers/queues/order/changed/order.go:30.126,31.40 1 0
courier-service/internal/handlers/queues/order/changed/order.go:31.40,35.61 3 0
courier-service/internal/handlers/queues/order/changed/order.go:35.61,37.12 2 0
courier-service/internal/handlers/queues/order/changed/order.go:40.3,44.86 3 0
courier-service/internal/handlers/queues/order/changed/order.go:44.86,45.54 1 0
courier-service/internal/handlers/queues/order/changed/order.go:45.54,47.13 2 0
courier-service/internal/handlers/queues/order/changed/order.go:49.4,49.78 1 0
courier-service/internal/handlers/queues/order/changed/order.go:52.3,52.35 1 0
courier-service/internal/handlers/queues/order/changed/order.go:54.2,54.12 1 0
courier-service/internal/handlers/utils/errorhandler.go:12.78,14.2 1 0
courier-service/internal/handlers/utils/errorhandler.go:16.67,19.2 2 0
courier-service/internal/handlers/utils/json.go:8.79,11.56 3 0
courier-service/internal/handlers/utils/json.go:11.56,13.3 1 0
courier-service/internal/model/courier.go:30.54,32.2 1 0
courier-service/internal/persistence/database/integration/clear.go:9.65,17.2 2 0
courier-service/internal/persistence/database/integration/container.go:22.72,26.21 3 0
courier-service/internal/persistence/database/integration/container.go:26.21,37.27 2 0
courier-service/internal/persistence/database/integration/container.go:37.27,39.4 1 0
courier-service/internal/persistence/database/integration/container.go:41.3,42.27 2 0
courier-service/internal/persistence/database/integration/container.go:42.27,44.4 1 0
courier-service/internal/persistence/database/integration/container.go:46.3,47.17 2 0
courier-service/internal/persistence/database/integration/container.go:47.17,49.4 1 0
courier-service/internal/persistence/database/integration/container.go:50.3,50.16 1 0
courier-service/internal/persistence/database/integration/container.go:50.16,51.63 1 0
courier-service/internal/persistence/database/integration/container.go:51.63,53.5 1 0
courier-service/internal/persistence/database/integration/container.go:55.3,55.61 1 0
courier-service/internal/persistence/database/integration/container.go:55.61,57.4 1 0
courier-service/internal/persistence/database/integration/container.go:60.2,60.26 1 0
courier-service/internal/persistence/database/integration/container.go:60.26,62.3 1 0
courier-service/internal/persistence/database/integration/container.go:64.2,64.32 1 0
courier-service/internal/repository/courier/courier.go:24.81,26.2 1 0
courier-service/internal/repository/courier/courier.go:28.98,37.16 3 0
courier-service/internal/repository/courier/courier.go:37.16,39.3 1 0
courier-service/internal/repository/courier/courier.go:41.2,47.35 3 0
courier-service/internal/repository/courier/courier.go:47.35,49.3 1 0
courier-service/internal/repository/courier/courier.go:50.2,50.16 1 0
courier-service/internal/repository/courier/courier.go:50.16,52.3 1 0
courier-service/internal/repository/courier/courier.go:54.2,54.25 1 0
courier-service/internal/repository/courier/courier.go:57.90,64.16 3 0
courier-service/internal/repository/courier/courier.go:64.16,66.3 1 0
courier-service/internal/repository/courier/courier.go:68.2,69.16 2 0
courier-service/internal/repository/courier/courier.go:69.16,71.3 1 0
courier-service/internal/repository/courier/courier.go:73.2,76.18 3 0
courier-service/internal/repository/courier/courier.go:76.18,79.17 3 0
courier-service/internal/repository/courier/courier.go:79.17,81.4 1 0
courier-service/internal/repository/courier/courier.go:82.3,82.43 1 0
courier-service/internal/repository/courier/courier.go:84.2,84.22 1 0
courier-service/internal/repository/courier/courier.go:87.102,97.16 4 0
courier-service/internal/repository/courier/courier.go:97.16,99.3 1 0
courier-service/internal/repository/courier/courier.go:101.2,102.16 2 0
courier-service/internal/repository/courier/courier.go:102.16,103.59 1 0
courier-service/internal/repository/courier/courier.go:103.59,105.4 1 0
courier-service/internal/repository/courier/courier.go:106.3,106.50 1 0
courier-service/internal/repository/courier/courier.go:109.2,109.16 1 0
courier-service/internal/repository/courier/courier.go:112.93,114.24 2 0
courier-service/internal/repository/courier/courier.go:114.24,116.3 1 0
courier-service/internal/repository/courier/courier.go:117.2,117.25 1 0
courier-service/internal/repository/courier/courier.go:117.25,119.3 1 0
courier-service/internal/repository/courier/courier.go:120.2,120.26 1 0
courier-service/internal/repository/courier/courier.go:120.26,122.3 1 0
courier-service/internal/repository/courier/courier.go:123.2,123.33 1 0
courier-service/internal/repository/courier/courier.go:123.33,125.3 1 0
courier-service/internal/repository/courier/courier.go:126.2,126.20 1 0
courier-service/internal/repository/courier/courier.go:126.20,128.3 1 0
courier-service/internal/repository/courier/courier.go:130.2,138.16 3 0
courier-service/internal/repository/courier/courier.go:138.16,140.3 1 0
courier-service/internal/repository/courier/courier.go:142.2,143.16 2 0
courier-service/internal/repository/courier/courier.go:143.16,145.3 1 0
courier-service/internal/repository/courier/courier.go:147.2,147.32 1 0
courier-service/internal/repository/courier/courier.go:147.32,149.3 1 0
courier-service/internal/repository/courier/courier.go:151.2,151.12 1 0
courier-service/internal/repository/courier/courier.go:154.94,167.16 3 0
courier-service/internal/repository/courier/courier.go:167.16,169.3 1 0
courier-service/internal/repository/courier/courier.go:171.2,174.16 3 0
courier-service/internal/repository/courier/courier.go:174.16,175.36 1 0
courier-service/internal/repository/courier/courier.go:175.36,177.4 1 0
courier-service/internal/repository/courier/courier.go:178.3,178.30 1 0
courier-service/internal/repository/courier/courier.go:181.2,181.25 1 0
courier-service/internal/repository/courier/courier.go:184.81,210.16 4 0
courier-service/internal/repository/courier/courier.go:210.16,212.3 1 0
courier-service/internal/repository/courier/courier.go:214.2,215.16 2 0
courier-service/internal/repository/courier/courier.go:215.16,217.3 1 0
courier-service/internal/repository/courier/courier.go:219.2,219.27 1 0
courier-service/internal/repository/courier/courier.go:219.27,221.3 1 0
courier-service/internal/repository/courier/courier.go:223.2,223.12 1 0
courier-service/internal/repository/courier/courier.go:226.99,234.16 3 0
courier-service/internal/repository/courier/courier.go:234.16,236.3 1 0
courier-service/internal/repository/courier/courier.go:238.2,240.16 3 0
courier-service/internal/repository/courier/courier.go:240.16,242.3 1 0
courier-service/internal/repository/courier/courier.go:243.2,243.23 1 0
courier-service/internal/repository/courier/courier.go:246.103,255.16 3 0
courier-service/internal/repository/courier/courier.go:255.16,257.3 1 0
courier-service/internal/repository/courier/courier.go:259.2,261.16 3 0
courier-service/internal/repository/courier/courier.go:261.16,262.36 1 0
courier-service/internal/repository/courier/courier.go:262.36,264.4 1 0
courier-service/internal/repository/courier/courier.go:265.3,265.50 1 0
courier-service/internal/repository/courier/courier.go:267.2,267.23 1 0
courier-service/internal/repository/delivery/delivery.go:21.68,23.2 1 0
courier-service/internal/repository/delivery/delivery.go:25.115,34.16 3 0
courier-service/internal/repository/delivery/delivery.go:34.16,36.3 1 0
courier-service/internal/repository/delivery/delivery.go:38.2,42.16 2 0
courier-service/internal/repository/delivery/delivery.go:42.16,43.59 1 0
courier-service/internal/repository/delivery/delivery.go:43.59,45.4 1 0
courier-service/internal/repository/delivery/delivery.go:46.3,46.31 1 0
courier-service/internal/repository/delivery/delivery.go:49.2,49.22 1 0
courier-service/internal/repository/delivery/delivery.go:52.108,61.16 3 0
courier-service/internal/repository/delivery/delivery.go:61.16,63.3 1 0
courier-service/internal/repository/delivery/delivery.go:65.2,67.16 3 0
courier-service/internal/repository/delivery/delivery.go:67.16,68.36 1 0
courier-service/internal/repository/delivery/delivery.go:68.36,70.4 1 0
courier-service/internal/repository/delivery/delivery.go:71.3,71.31 1 0
courier-service/internal/repository/delivery/delivery.go:74.2,74.22 1 0
courier-service/internal/repository/delivery/delivery.go:77.88,84.16 3 0
courier-service/internal/repository/delivery/delivery.go:84.16,86.3 1 0
courier-service/internal/repository/delivery/delivery.go:88.2,89.16 2 0
courier-service/internal/repository/delivery/delivery.go:89.16,91.3 1 0
courier-service/internal/repository/delivery/delivery.go:93.2,93.32 1 0
courier-service/internal/repository/delivery/delivery.go:93.32,95.3 1 0
courier-service/internal/repository/delivery/delivery.go:97.2,97.12 1 0
courier-service/internal/repository/entity/courier.go:19.44,29.2 1 0
courier-service/internal/repository/txrunner/txrunner.go:13.51,15.2 1 0
courier-service/internal/repository/txrunner/txrunner.go:17.90,19.16 2 0
courier-service/internal/repository/txrunner/txrunner.go:19.16,21.3 1 0
courier-service/internal/repository/txrunner/txrunner.go:23.2,25.34 2 0
courier-service/internal/repository/txrunner/txrunner.go:25.34,28.3 2 0
courier-service/internal/repository/txrunner/txrunner.go:29.2,29.23 1 0
courier-service/internal/repository/utils/database/constants.go:39.53,40.20 1 0
courier-service/internal/repository/utils/database/constants.go:40.20,42.3 1 0
courier-service/internal/repository/utils/database/constants.go:43.2,43.48 1 0
courier-service/internal/routing/common.go:9.41,12.2 2 0
courier-service/internal/routing/courier.go:7.60,12.2 4 0
courier-service/internal/routing/delivery.go:7.62,10.2 2 0
courier-service/internal/routing/normalizer.go:11.48,13.2 1 0
courier-service/internal/routing/normalizer.go:15.63,17.17 2 0
courier-service/internal/routing/normalizer.go:17.17,19.3 1 0
courier-service/internal/routing/normalizer.go:22.2,22.41 1 0
courier-service/internal/routing/normalizer.go:22.41,24.3 1 0
courier-service/internal/routing/normalizer.go:27.2,27.24 1 0
courier-service/internal/routing/normalizer.go:27.24,29.51 2 0
courier-service/internal/routing/normalizer.go:29.51,30.42 1 0
courier-service/internal/routing/normalizer.go:30.42,32.5 1 0
courier-service/internal/routing/normalizer.go:36.2,36.18 1 0
courier-service/internal/routing/root.go:18.12,24.29 3 0
courier-service/internal/routing/root.go:24.29,42.3 4 0
courier-service/internal/routing/root.go:44.2,44.10 1 0
courier-service/internal/usecase/courier/courier.go:19.120,25.2 1 0
courier-service/internal/usecase/courier/courier.go:27.101,31.6 3 0
courier-service/internal/usecase/courier/courier.go:31.6,32.10 1 0
courier-service/internal/usecase/courier/courier.go:33.21,34.10 1 0
courier-service/internal/usecase/courier/courier.go:35.24,36.69 1 0
courier-service/internal/usecase/courier/courier.go:36.69,38.5 1 0
courier-service/internal/usecase/courier/courier.go:39.4,39.74 1 0
courier-service/internal/usecase/courier/courier.go:44.95,47.16 2 0
courier-service/internal/usecase/courier/courier.go:47.16,48.53 1 0
courier-service/internal/usecase/courier/courier.go:48.53,50.4 1 0
courier-service/internal/usecase/courier/courier.go:51.3,51.30 1 0
courier-service/internal/usecase/courier/courier.go:54.2,54.21 1 0
courier-service/internal/usecase/courier/courier.go:57.87,59.16 2 0
courier-service/internal/usecase/courier/courier.go:59.16,61.3 1 0
courier-service/internal/usecase/courier/courier.go:62.2,62.22 1 0
courier-service/internal/usecase/courier/courier.go:65.99,66.102 1 0
courier-service/internal/usecase/courier/courier.go:66.102,68.3 1 0
courier-service/internal/usecase/courier/courier.go:70.2,70.67 1 0
courier-service/internal/usecase/courier/courier.go:70.67,72.3 1 0
courier-service/internal/usecase/courier/courier.go:74.2,74.38 1 0
courier-service/internal/usecase/courier/courier.go:74.38,76.3 1 0
courier-service/internal/usecase/courier/courier.go:78.2,78.92 1 0
courier-service/internal/usecase/courier/courier.go:78.92,80.3 1 0
courier-service/internal/usecase/courier/courier.go:80.8,80.23 1 0
courier-service/internal/usecase/courier/courier.go:80.23,82.3 1 0
courier-service/internal/usecase/courier/courier.go:84.2,84.49 1 0
courier-service/internal/usecase/courier/courier.go:87.90,88.102 1 0
courier-service/internal/usecase/courier/courier.go:88.102,90.3 1 0
courier-service/internal/usecase/courier/courier.go:91.2,91.33 1 0
courier-service/internal/usecase/courier/courier.go:91.33,92.68 1 0
courier-service/internal/usecase/courier/courier.go:92.68,94.4 1 0
courier-service/internal/usecase/courier/courier.go:96.2,96.25 1 0
courier-service/internal/usecase/courier/courier.go:96.25,97.39 1 0
courier-service/internal/usecase/courier/courier.go:97.39,99.4 1 0
courier-service/internal/usecase/courier/courier.go:100.3,100.92 1 0
courier-service/internal/usecase/courier/courier.go:100.92,102.4 1 0
courier-service/internal/usecase/courier/courier.go:102.9,102.25 1 0
courier-service/internal/usecase/courier/courier.go:102.25,104.4 1 0
courier-service/internal/usecase/courier/courier.go:107.2,107.65 1 0
courier-service/internal/usecase/courier/courier.go:107.65,108.53 1 0
courier-service/internal/usecase/courier/courier.go:108.53,110.4 1 0
courier-service/internal/usecase/courier/courier.go:111.3,111.13 1 0
courier-service/internal/usecase/courier/courier.go:113.2,113.12 1 0
courier-service/internal/usecase/courier/courier.go:116.42,119.2 2 0
courier-service/internal/usecase/delivery/assign/assign.go:25.27,32.2 1 0
courier-service/internal/usecase/delivery/assign/assign.go:34.110,35.19 1 0
courier-service/internal/usecase/delivery/assign/assign.go:35.19,37.3 1 0
courier-service/internal/usecase/delivery/assign/assign.go:38.2,41.63 4 0
courier-service/internal/usecase/delivery/assign/assign.go:41.63,43.17 2 0
courier-service/internal/usecase/delivery/assign/assign.go:43.17,44.57 1 0
courier-service/internal/usecase/delivery/assign/assign.go:44.57,46.5 1 0
courier-service/internal/usecase/delivery/assign/assign.go:47.4,47.14 1 0
courier-service/internal/usecase/delivery/assign/assign.go:50.3,51.16 2 0
courier-service/internal/usecase/delivery/assign/assign.go:51.16,53.4 1 0
courier-service/internal/usecase/delivery/assign/assign.go:54.3,62.17 3 0
courier-service/internal/usecase/delivery/assign/assign.go:62.17,63.59 1 0
courier-service/internal/usecase/delivery/assign/assign.go:63.59,65.5 1 0
courier-service/internal/usecase/delivery/assign/assign.go:66.4,66.14 1 0
courier-service/internal/usecase/delivery/assign/assign.go:69.3,70.69 2 0
courier-service/internal/usecase/delivery/assign/assign.go:70.69,72.4 1 0
courier-service/internal/usecase/delivery/assign/assign.go:74.3,76.13 3 0
courier-service/internal/usecase/delivery/assign/assign.go:78.2,78.16 1 0
courier-service/internal/usecase/delivery/assign/assign.go:78.16,80.3 1 0
courier-service/internal/usecase/delivery/assign/assign.go:81.2,82.18 2 0
courier-service/internal/usecase/delivery/assign/dto.go:16.100,23.2 1 0
courier-service/internal/usecase/delivery/complete/complete.go:16.95,18.2 1 0
courier-service/internal/usecase/delivery/complete/complete.go:20.87,22.16 2 0
courier-service/internal/usecase/delivery/complete/complete.go:22.16,23.51 1 0
courier-service/internal/usecase/delivery/complete/complete.go:23.51,25.4 1 0
courier-service/internal/usecase/delivery/complete/complete.go:26.3,26.47 1 0
courier-service/internal/usecase/delivery/complete/complete.go:29.2,32.16 2 0
courier-service/internal/usecase/delivery/complete/complete.go:32.16,34.3 1 0
courier-service/internal/usecase/delivery/complete/complete.go:36.2,36.12 1 0
courier-service/internal/usecase/delivery/unassign/unassign.go:21.29,27.2 1 0
courier-service/internal/usecase/delivery/unassign/unassign.go:29.97,30.19 1 0
courier-service/internal/usecase/delivery/unassign/unassign.go:30.19,32.3 1 0
courier-service/internal/usecase/delivery/unassign/unassign.go:34.2,35.63 2 0
courier-service/internal/usecase/delivery/unassign/unassign.go:35.63,37.17 2 0
courier-service/internal/usecase/delivery/unassign/unassign.go:37.17,38.55 1 0
courier-service/internal/usecase/delivery/unassign/unassign.go:38.55,40.5 1 0
courier-service/internal/usecase/delivery/unassign/unassign.go:41.4,41.14 1 0
courier-service/internal/usecase/delivery/unassign/unassign.go:44.3,44.77 1 0
courier-service/internal/usecase/delivery/unassign/unassign.go:44.77,45.55 1 0
courier-service/internal/usecase/delivery/unassign/unassign.go:45.55,47.5 1 0
courier-service/internal/usecase/delivery/unassign/unassign.go:48.4,48.14 1 0
courier-service/internal/usecase/delivery/unassign/unassign.go:51.3,52.17 2 0
courier-service/internal/usecase/delivery/unassign/unassign.go:52.17,54.4 1 0
courier-service/internal/usecase/delivery/unassign/unassign.go:56.3,57.75 2 0
courier-service/internal/usecase/delivery/unassign/unassign.go:57.75,59.4 1 0
courier-service/internal/usecase/delivery/unassign/unassign.go:61.3,63.13 2 0
courier-service/internal/usecase/delivery/unassign/unassign.go:65.2,65.16 1 0
courier-service/internal/usecase/delivery/unassign/unassign.go:65.16,67.3 1 0
courier-service/internal/usecase/delivery/unassign/unassign.go:69.2,69.23 1 0
courier-service/internal/usecase/order/changed/changed.go:15.113,21.2 1 0
courier-service/internal/usecase/order/changed/changed.go:23.126,24.42 1 0
courier-service/internal/usecase/order/changed/changed.go:24.42,27.17 3 0
courier-service/internal/usecase/order/changed/changed.go:27.17,29.4 1 0
courier-service/internal/usecase/order/changed/changed.go:31.3,31.29 1 0
courier-service/internal/usecase/order/changed/changed.go:31.29,34.4 2 0
courier-service/internal/usecase/order/changed/changed.go:37.2,38.9 2 0
courier-service/internal/usecase/order/changed/changed.go:38.9,40.3 1 0
courier-service/internal/usecase/order/changed/changed.go:41.2,41.65 1 0
courier-service/internal/usecase/order/changed/factory.go:9.70,11.2 1 0
courier-service/internal/usecase/order/changed/factory.go:13.67,16.2 2 0
courier-service/internal/usecase/order/changed/processor/cancelled.go:13.76,15.2 1 0
courier-service/internal/usecase/order/changed/processor/cancelled.go:17.124,20.2 2 0
courier-service/internal/usecase/order/changed/processor/completed.go:17.76,19.2 1 0
courier-service/internal/usecase/order/changed/processor/completed.go:21.124,23.16 2 0
courier-service/internal/usecase/order/changed/processor/completed.go:23.16,24.48 1 0
courier-service/internal/usecase/order/changed/processor/completed.go:24.48,26.4 1 0
courier-service/internal/usecase/order/changed/processor/completed.go:27.3,27.47 1 0
courier-service/internal/usecase/order/changed/processor/completed.go:29.2,29.12 1 0
courier-service/internal/usecase/order/changed/processor/created.go:13.68,15.2 1 0
courier-service/internal/usecase/order/changed/processor/created.go:17.122,20.2 2 0
courier-service/internal/usecase/order/monitoring/monitoring.go:25.27,34.2 1 0
courier-service/internal/usecase/order/monitoring/monitoring.go:36.93,40.6 3 0
courier-service/internal/usecase/order/monitoring/monitoring.go:40.6,41.10 1 0
courier-service/internal/usecase/order/monitoring/monitoring.go:42.21,43.10 1 0
courier-service/internal/usecase/order/monitoring/monitoring.go:44.19,48.18 4 0
courier-service/internal/usecase/order/monitoring/monitoring.go:48.18,50.13 2 0
courier-service/internal/usecase/order/monitoring/monitoring.go:52.4,52.33 1 0
courier-service/internal/usecase/order/monitoring/monitoring.go:52.33,54.19 2 0
courier-service/internal/usecase/order/monitoring/monitoring.go:54.19,56.14 2 0
courier-service/internal/usecase/order/monitoring/monitoring.go:58.5,58.81 1 0
courier-service/internal/usecase/utils/timecalculator.go:15.56,17.2 1 0
courier-service/internal/usecase/utils/timecalculator.go:23.58,25.2 1 0
courier-service/internal/usecase/utils/timecalculator.go:27.59,29.2 1 0
courier-service/internal/usecase/utils/timecalculator.go:31.55,33.2 1 0
courier-service/internal/usecase/utils/timecalculator.go:35.113,36.21 1 0
courier-service/internal/usecase/utils/timecalculator.go:37.33,38.29 1 0
courier-service/internal/usecase/utils/timecalculator.go:39.34,40.30 1 0
courier-service/internal/usecase/utils/timecalculator.go:41.30,42.26 1 0
courier-service/internal/usecase/utils/timecalculator.go:43.10,44.13 1 0
courier-service/pkg/database/postgres/database.go:11.62,13.16 2 0
courier-service/pkg/database/postgres/database.go:13.16,15.3 1 0
courier-service/pkg/database/postgres/database.go:17.2,26.16 8 0
courier-service/pkg/database/postgres/database.go:26.16,28.3 1 0
courier-service/pkg/database/postgres/database.go:30.2,32.40 3 0
courier-service/pkg/database/postgres/database.go:32.40,36.21 4 0
courier-service/pkg/database/postgres/database.go:36.21,37.9 1 0
courier-service/pkg/database/postgres/database.go:39.3,40.27 2 0
courier-service/pkg/database/postgres/database.go:40.27,42.4 1 0
courier-service/pkg/database/postgres/database.go:45.2,45.20 1 0
courier-service/pkg/database/postgres/database.go:45.20,47.3 1 0
courier-service/pkg/database/postgres/database.go:48.2,50.13 2 0
courier-service/pkg/delay/fulljitter/fulljitter.go:18.97,20.24 2 0
courier-service/pkg/delay/fulljitter/fulljitter.go:20.24,22.3 1 0
courier-service/pkg/delay/fulljitter/fulljitter.go:22.8,24.3 1 0
courier-service/pkg/delay/fulljitter/fulljitter.go:25.2,30.3 1 0
courier-service/pkg/delay/fulljitter/fulljitter.go:33.59,35.36 2 0
courier-service/pkg/delay/fulljitter/fulljitter.go:35.36,37.3 1 0
courier-service/pkg/delay/fulljitter/fulljitter.go:39.2,39.50 1 0
courier-service/pkg/logger/zap/logger.go:32.47,33.15 1 0
courier-service/pkg/logger/zap/logger.go:34.20,35.27 1 0
courier-service/pkg/logger/zap/logger.go:36.21,37.28 1 0
courier-service/pkg/logger/zap/logger.go:38.20,39.27 1 0
courier-service/pkg/logger/zap/logger.go:40.21,41.28 1 0
courier-service/pkg/logger/zap/logger.go:42.10,43.27 1 0
courier-service/pkg/logger/zap/logger.go:47.40,48.11 1 0
courier-service/pkg/logger/zap/logger.go:49.25,50.25 1 0
courier-service/pkg/logger/zap/logger.go:51.26,52.24 1 0
courier-service/pkg/logger/zap/logger.go:53.25,54.26 1 0
courier-service/pkg/logger/zap/logger.go:55.87,56.23 1 0
courier-service/pkg/logger/zap/logger.go:57.10,58.25 1 0
courier-service/pkg/logger/zap/logger.go:62.71,65.2 2 0
courier-service/pkg/logger/zap/logger.go:71.41,92.2 5 0
courier-service/pkg/logger/zap/logger.go:94.66,96.2 1 0
courier-service/pkg/logger/zap/logger.go:98.45,100.2 1 0
courier-service/pkg/logger/zap/logger.go:102.61,104.2 1 0
courier-service/pkg/logger/zap/logger.go:106.67,108.2 1 0
courier-service/pkg/logger/zap/logger.go:110.44,112.2 1 0
courier-service/pkg/logger/zap/logger.go:114.60,116.2 1 0
courier-service/pkg/logger/zap/logger.go:118.66,120.2 1 0
courier-service/pkg/logger/zap/logger.go:122.44,124.2 1 0
courier-service/pkg/logger/zap/logger.go:126.60,128.2 1 0
courier-service/pkg/logger/zap/logger.go:130.66,132.2 1 0
courier-service/pkg/logger/zap/logger.go:134.45,136.2 1 0
courier-service/pkg/logger/zap/logger.go:138.61,140.2 1 0
courier-service/pkg/logger/zap/logger.go:142.67,144.2 1 0
courier-service/pkg/logger/zap/logger.go:146.45,148.2 1 0
courier-service/pkg/logger/zap/logger.go:150.61,152.2 1 0
courier-service/pkg/metrics/prometheus/handler.go:13.42,17.2 1 0
courier-service/pkg/metrics/prometheus/handler.go:19.76,21.2 1 0
courier-service/pkg/metrics/prometheus/metrics.go:14.61,53.2 3 0
courier-service/pkg/metrics/prometheus/metrics.go:59.60,63.2 1 0
courier-service/pkg/metrics/prometheus/metrics.go:65.68,67.2 1 0
courier-service/pkg/metrics/prometheus/metrics.go:69.87,71.2 1 0
courier-service/pkg/metrics/prometheus/metrics.go:73.58,75.2 1 0
courier-service/pkg/metrics/prometheus/metrics.go:77.70,79.2 1 0
courier-service/pkg/ratelimiter/tokenbucket/tokenbucket.go:18.84,19.18 1 0
courier-service/pkg/ratelimiter/tokenbucket/tokenbucket.go:19.18,21.3 1 0
courier-service/pkg/ratelimiter/tokenbucket/tokenbucket.go:22.2,29.11 3 0
courier-service/pkg/ratelimiter/tokenbucket/tokenbucket.go:32.37,38.19 4 0
courier-service/pkg/ratelimiter/tokenbucket/tokenbucket.go:38.19,41.3 2 0
courier-service/pkg/ratelimiter/tokenbucket/tokenbucket.go:43.2,43.14 1 0
courier-service/pkg/ratelimiter/tokenbucket/tokenbucket.go:46.33,51.21 4 0
courier-service/pkg/ratelimiter/tokenbucket/tokenbucket.go:51.21,53.30 2 0
courier-service/pkg/ratelimiter/tokenbucket/tokenbucket.go:53.30,55.4 1 0
courier-service/pkg/ratelimiter/tokenbucket/tokenbucket.go:56.3,56.22 1 0
courier-service/pkg/ratelimiter/tokenbucket/tokenbucket.go:60.37,64.2 3 0
courier-service/pkg/shutdown/shutdown.go:10.40,16.12 4 0
courier-service/pkg/shutdown/shutdown.go:16.12,19.3 2 0
courier-service/pkg/shutdown/shutdown.go:21.2,21.12 1 0
courier-service/proto/order/order.pb.go:39.24,44.2 4 0
courier-service/proto/order/order.pb.go:46.32,48.2 1 0
courier-service/proto/order/order.pb.go:50.30,50.31 0 0
courier-service/proto/order/order.pb.go:52.52,54.14 2 0
courier-service/proto/order/order.pb.go:54.14,56.34 2 0
courier-service/proto/order/order.pb.go:56.34,58.4 1 0
courier-service/proto/order/order.pb.go:59.3,59.12 1 0
courier-service/proto/order/order.pb.go:61.2,61.24 1 0
courier-service/proto/order/order.pb.go:65.43,67.2 1 0
courier-service/proto/order/order.pb.go:69.33,70.14 1 0
courier-service/proto/order/order.pb.go:70.14,72.3 1 0
courier-service/proto/order/order.pb.go:73.2,73.11 1 0
courier-service/proto/order/order.pb.go:76.33,77.14 1 0
courier-service/proto/order/order.pb.go:77.14,79.3 1 0
courier-service/proto/order/order.pb.go:80.2,80.10 1 0
courier-service/proto/order/order.pb.go:83.36,84.14 1 0
courier-service/proto/order/order.pb.go:84.14,86.3 1 0
courier-service/proto/order/order.pb.go:87.2,87.10 1 0
courier-service/proto/order/order.pb.go:102.35,107.2 4 0
courier-service/proto/order/order.pb.go:109.43,111.2 1 0
courier-service/proto/order/order.pb.go:113.41,113.42 0 0
courier-service/proto/order/order.pb.go:115.63,117.14 2 0
courier-service/proto/order/order.pb.go:117.14,119.34 2 0
courier-service/proto/order/order.pb.go:119.34,121.4 1 0
courier-service/proto/order/order.pb.go:122.3,122.12 1 0
courier-service/proto/order/order.pb.go:124.2,124.24 1 0
courier-service/proto/order/order.pb.go:128.54,130.2 1 0
courier-service/proto/order/order.pb.go:132.46,133.14 1 0
courier-service/proto/order/order.pb.go:133.14,135.3 1 0
courier-service/proto/order/order.pb.go:136.2,136.11 1 0
courier-service/proto/order/order.pb.go:139.45,140.14 1 0
courier-service/proto/order/order.pb.go:140.14,142.3 1 0
courier-service/proto/order/order.pb.go:143.2,143.11 1 0
courier-service/proto/order/order.pb.go:146.49,147.14 1 0
courier-service/proto/order/order.pb.go:147.14,149.3 1 0
courier-service/proto/order/order.pb.go:150.2,150.11 1 0
courier-service/proto/order/order.pb.go:153.45,154.14 1 0
courier-service/proto/order/order.pb.go:154.14,156.3 1 0
courier-service/proto/order/order.pb.go:157.2,157.11 1 0
courier-service/proto/order/order.pb.go:160.47,161.14 1 0
courier-service/proto/order/order.pb.go:161.14,163.3 1 0
courier-service/proto/order/order.pb.go:164.2,164.11 1 0
courier-service/proto/order/order.pb.go:186.25,191.2 4 0
courier-service/proto/order/order.pb.go:193.33,195.2 1 0
courier-service/proto/order/order.pb.go:197.31,197.32 0 0
courier-service/proto/order/order.pb.go:199.53,201.14 2 0
courier-service/proto/order/order.pb.go:201.14,203.34 2 0
courier-service/proto/order/order.pb.go:203.34,205.4 1 0
courier-service/proto/order/order.pb.go:206.3,206.12 1 0
courier-service/proto/order/order.pb.go:208.2,208.24 1 0
courier-service/proto/order/order.pb.go:212.44,214.2 1 0
courier-service/proto/order/order.pb.go:216.32,217.14 1 0
courier-service/proto/order/order.pb.go:217.14,219.3 1 0
courier-service/proto/order/order.pb.go:220.2,220.11 1 0
courier-service/proto/order/order.pb.go:223.36,224.14 1 0
courier-service/proto/order/order.pb.go:224.14,226.3 1 0
courier-service/proto/order/order.pb.go:227.2,227.11 1 0
courier-service/proto/order/order.pb.go:230.41,231.14 1 0
courier-service/proto/order/order.pb.go:231.14,233.3 1 0
courier-service/proto/order/order.pb.go:234.2,234.11 1 0
courier-service/proto/order/order.pb.go:237.33,238.14 1 0
courier-service/proto/order/order.pb.go:238.14,240.3 1 0
courier-service/proto/order/order.pb.go:241.2,241.11 1 0
courier-service/proto/order/order.pb.go:244.42,245.14 1 0
courier-service/proto/order/order.pb.go:245.14,247.3 1 0
courier-service/proto/order/order.pb.go:248.2,248.11 1 0
courier-service/proto/order/order.pb.go:251.36,252.14 1 0
courier-service/proto/order/order.pb.go:252.14,254.3 1 0
courier-service/proto/order/order.pb.go:255.2,255.12 1 0
courier-service/proto/order/order.pb.go:258.39,259.14 1 0
courier-service/proto/order/order.pb.go:259.14,261.3 1 0
courier-service/proto/order/order.pb.go:262.2,262.10 1 0
courier-service/proto/order/order.pb.go:265.47,266.14 1 0
courier-service/proto/order/order.pb.go:266.14,268.3 1 0
courier-service/proto/order/order.pb.go:269.2,269.12 1 0
courier-service/proto/order/order.pb.go:272.36,273.14 1 0
courier-service/proto/order/order.pb.go:273.14,275.3 1 0
courier-service/proto/order/order.pb.go:276.2,276.11 1 0
courier-service/proto/order/order.pb.go:279.55,280.14 1 0
courier-service/proto/order/order.pb.go:280.14,282.3 1 0
courier-service/proto/order/order.pb.go:283.2,283.12 1 0
courier-service/proto/order/order.pb.go:286.55,287.14 1 0
courier-service/proto/order/order.pb.go:287.14,289.3 1 0
courier-service/proto/order/order.pb.go:290.2,290.12 1 0
courier-service/proto/order/order.pb.go:293.63,294.14 1 0
courier-service/proto/order/order.pb.go:294.14,296.3 1 0
courier-service/proto/order/order.pb.go:297.2,297.12 1 0
courier-service/proto/order/order.pb.go:308.36,313.2 4 0
courier-service/proto/order/order.pb.go:315.44,317.2 1 0
courier-service/proto/order/order.pb.go:319.42,319.43 0 0
courier-service/proto/order/order.pb.go:321.64,323.14 2 0
courier-service/proto/order/order.pb.go:323.14,325.34 2 0
courier-service/proto/order/order.pb.go:325.34,327.4 1 0
courier-service/proto/order/order.pb.go:328.3,328.12 1 0
courier-service/proto/order/order.pb.go:330.2,330.24 1 0
courier-service/proto/order/order.pb.go:334.55,336.2 1 0
courier-service/proto/order/order.pb.go:338.61,339.14 1 0
courier-service/proto/order/order.pb.go:339.14,341.3 1 0
courier-service/proto/order/order.pb.go:342.2,342.12 1 0
courier-service/proto/order/order.pb.go:353.39,358.2 4 0
courier-service/proto/order/order.pb.go:360.47,362.2 1 0
courier-service/proto/order/order.pb.go:364.45,364.46 0 0
courier-service/proto/order/order.pb.go:366.67,368.14 2 0
courier-service/proto/order/order.pb.go:368.14,370.34 2 0
courier-service/proto/order/order.pb.go:370.34,372.4 1 0
courier-service/proto/order/order.pb.go:373.3,373.12 1 0
courier-service/proto/order/order.pb.go:375.2,375.24 1 0
courier-service/proto/order/order.pb.go:379.58,381.2 1 0
courier-service/proto/order/order.pb.go:383.46,384.14 1 0
courier-service/proto/order/order.pb.go:384.14,386.3 1 0
courier-service/proto/order/order.pb.go:387.2,387.11 1 0
courier-service/proto/order/order.pb.go:398.37,403.2 4 0
courier-service/proto/order/order.pb.go:405.45,407.2 1 0
courier-service/proto/order/order.pb.go:409.43,409.44 0 0
courier-service/proto/order/order.pb.go:411.65,413.14 2 0
courier-service/proto/order/order.pb.go:413.14,415.34 2 0
courier-service/proto/order/order.pb.go:415.34,417.4 1 0
courier-service/proto/order/order.pb.go:418.3,418.12 1 0
courier-service/proto/order/order.pb.go:420.2,420.24 1 0
courier-service/proto/order/order.pb.go:424.56,426.2 1 0
courier-service/proto/order/order.pb.go:428.50,429.14 1 0
courier-service/proto/order/order.pb.go:429.14,431.3 1 0
courier-service/proto/order/order.pb.go:432.2,432.12 1 0
courier-service/proto/order/order.pb.go:443.40,448.2 4 0
courier-service/proto/order/order.pb.go:450.48,452.2 1 0
courier-service/proto/order/order.pb.go:454.46,454.47 0 0
courier-service/proto/order/order.pb.go:456.68,458.14 2 0
courier-service/proto/order/order.pb.go:458.14,460.34 2 0
courier-service/proto/order/order.pb.go:460.34,462.4 1 0
courier-service/proto/order/order.pb.go:463.3,463.12 1 0
courier-service/proto/order/order.pb.go:465.2,465.24 1 0
courier-service/proto/order/order.pb.go:469.59,471.2 1 0
courier-service/proto/order/order.pb.go:473.50,474.14 1 0
courier-service/proto/order/order.pb.go:474.14,476.3 1 0
courier-service/proto/order/order.pb.go:477.2,477.12 1 0
courier-service/proto/order/order.pb.go:529.56,530.53 1 0
courier-service/proto/order/order.pb.go:530.53,532.3 1 0
courier-service/proto/order/order.pb.go:533.2,533.49 1 0
courier-service/proto/order/order.pb.go:567.13,567.52 1 0
courier-service/proto/order/order.pb.go:568.42,569.41 1 0
courier-service/proto/order/order.pb.go:569.41,571.3 1 0
courier-service/proto/order/order.pb.go:572.2,588.44 5 0
courier-service/proto/order/order_grpc.pb.go:44.78,46.2 1 0
courier-service/proto/order/order_grpc.pb.go:48.137,52.16 4 0
courier-service/proto/order/order_grpc.pb.go:52.16,54.3 1 0
courier-service/proto/order/order_grpc.pb.go:55.2,55.17 1 0
courier-service/proto/order/order_grpc.pb.go:58.146,62.16 4 0
courier-service/proto/order/order_grpc.pb.go:62.16,64.3 1 0
courier-service/proto/order/order_grpc.pb.go:65.2,65.17 1 0
courier-service/proto/order/order_grpc.pb.go:86.115,88.2 1 0
courier-service/proto/order/order_grpc.pb.go:89.124,91.2 1 0
courier-service/proto/order/order_grpc.pb.go:92.86,92.87 0 0
courier-service/proto/order/order_grpc.pb.go:93.86,93.87 0 0
courier-service/proto/order/order_grpc.pb.go:102.84,107.59 1 0
courier-service/proto/order/order_grpc.pb.go:107.59,109.3 1 0
courier-service/proto/order/order_grpc.pb.go:110.2,110.52 1 0
courier-service/proto/order/order_grpc.pb.go:113.168,115.32 2 0
courier-service/proto/order/order_grpc.pb.go:115.32,117.3 1 0
courier-service/proto/order/order_grpc.pb.go:118.2,118.24 1 0
courier-service/proto/order/order_grpc.pb.go:118.24,120.3 1 0
courier-service/proto/order/order_grpc.pb.go:121.2,125.77 2 0
courier-service/proto/order/order_grpc.pb.go:125.77,127.3 1 0
courier-service/proto/order/order_grpc.pb.go:128.2,128.44 1 0
courier-service/proto/order/order_grpc.pb.go:131.171,133.32 2 0
courier-service/proto/order/order_grpc.pb.go:133.32,135.3 1 0
courier-service/proto/order/order_grpc.pb.go:136.2,136.24 1 0
courier-service/proto/order/order_grpc.pb.go:136.24,138.3 1 0
courier-service/proto/order/order_grpc.pb.go:139.2,143.77 2 0
courier-service/proto/order/order_grpc.pb.go:143.77,145.3 1 0
courier-service/proto/order/order_grpc.pb.go:146.2,146.44 1 0
courier-service/cmd/service/main.go:34.13,38.16 3 0
courier-service/cmd/service/main.go:38.16,40.3 1 0
courier-service/cmd/service/main.go:42.2,43.16 2 0
courier-service/cmd/service/main.go:43.16,45.3 1 0
courier-service/cmd/service/main.go:47.2,64.16 7 0
courier-service/cmd/service/main.go:64.16,67.3 2 0
courier-service/cmd/service/main.go:69.2,69.15 1 0
courier-service/cmd/service/main.go:69.15,70.44 1 0
courier-service/cmd/service/main.go:70.44,72.4 1 0
courier-service/cmd/service/main.go:75.2,120.43 17 0
courier-service/cmd/service/main.go:123.92,130.12 3 0
courier-service/cmd/service/main.go:130.12,131.87 1 0
courier-service/cmd/service/main.go:131.87,133.4 1 0
courier-service/cmd/service/main.go:134.3,134.19 1 0
courier-service/cmd/service/main.go:137.2,137.9 1 0
courier-service/cmd/service/main.go:138.20,139.42 1 0
courier-service/cmd/service/main.go:140.26,141.17 1 0
courier-service/cmd/service/main.go:141.17,143.4 1 0
courier-service/cmd/service/main.go:146.2,149.50 3 0
courier-service/cmd/service/main.go:149.50,151.3 1 0
courier-service/cmd/service/main.go:154.75,163.12 4 0
courier-service/cmd/service/main.go:163.12,165.87 2 0
courier-service/cmd/service/main.go:165.87,167.4 1 0
courier-service/cmd/service/main.go:168.3,168.19 1 0
courier-service/cmd/service/main.go:171.2,171.9 1 0
courier-service/cmd/service/main.go:172.20,173.48 1 0
courier-service/cmd/service/main.go:174.26,175.17 1 0
courier-service/cmd/service/main.go:175.17,177.4 1 0
courier-service/cmd/service/main.go:180.2,183.50 3 0
courier-service/cmd/service/main.go:183.50,185.3 1 0
courier-service/cmd/worker/main.go:39.13,43.16 3 0
courier-service/cmd/worker/main.go:43.16,45.3 1 0
courier-service/cmd/worker/main.go:47.2,48.16 2 0
courier-service/cmd/worker/main.go:48.16,50.3 1 0
courier-service/cmd/worker/main.go:52.2,73.16 11 0
courier-service/cmd/worker/main.go:73.16,75.3 1 0
courier-service/cmd/worker/main.go:76.2,76.15 1 0
courier-service/cmd/worker/main.go:76.15,77.44 1 0
courier-service/cmd/worker/main.go:77.44,79.4 1 0
courier-service/cmd/worker/main.go:82.2,123.12 20 0
courier-service/cmd/worker/main.go:123.12,124.109 1 0
courier-service/cmd/worker/main.go:124.109,126.4 1 0
courier-service/cmd/worker/main.go:129.2,130.49 2 0
courier-service/cmd/worker/main.go:133.50,138.2 4 0
courier-service/cmd/worker/main.go:148.9,150.16 2 0
courier-service/cmd/worker/main.go:150.16,152.3 1 0
courier-service/cmd/worker/main.go:153.2,153.15 1 0
courier-service/cmd/worker/main.go:153.15,154.40 1 0
courier-service/cmd/worker/main.go:154.40,156.4 1 0
courier-service/cmd/worker/main.go:159.2,159.6 1 0
courier-service/cmd/worker/main.go:159.6,160.71 1 0
courier-service/cmd/worker/main.go:160.71,163.4 2 0
courier-service/cmd/worker/main.go:165.3,165.23 1 0
courier-service/cmd/worker/main.go:165.23,168.4 2 0
courier-service/cmd/worker/main.go:172.59,179.2 2 0
courier-service/cmd/worker/main.go:181.76,191.12 4 0
courier-service/cmd/worker/main.go:191.12,194.3 2 0
courier-service/cmd/worker/main.go:196.2,196.86 1 0
courier-service/cmd/worker/main.go:196.86,198.3 1 0
courier-service/internal/core/config.go:46.36,51.71 3 0
courier-service/internal/core/config.go:51.71,53.3 1 0
courier-service/internal/core/config.go:54.2,82.17 20 0
courier-service/internal/core/config.go:85.39,97.61 1 0
courier-service/internal/core/config.go:97.61,97.75 1 0
courier-service/internal/core/config.go:101.30,103.16 2 0
courier-service/internal/core/config.go:103.16,104.72 1 0
courier-service/internal/core/config.go:106.2,106.16 1 0
courier-service/internal/core/config.go:109.58,112.2 2 0
courier-service/internal/core/config.go:114.39,116.15 2 0
courier-service/internal/core/config.go:116.15,118.3 1 0
courier-service/internal/core/config.go:119.2,120.16 2 0
courier-service/internal/core/config.go:120.16,122.3 1 0
courier-service/internal/core/config.go:123.2,124.16 2 0
courier-service/internal/core/config.go:124.16,126.3 1 0
courier-service/internal/core/config.go:128.2,134.3 4 0
courier-service/internal/gateway/interceptor/interceptor.go:13.98,21.10 1 0
courier-service/internal/gateway/interceptor/interceptor.go:21.10,33.17 5 0
courier-service/internal/gateway/interceptor/interceptor.go:33.17,40.43 3 0
courier-service/internal/gateway/interceptor/interceptor.go:40.43,42.5 1 0
courier-service/internal/gateway/interceptor/interceptor.go:43.9,46.4 1 0
courier-service/internal/gateway/interceptor/interceptor.go:48.3,48.13 1 0
courier-service/internal/gateway/interceptor/interceptor.go:53.76,61.10 1 0
courier-service/internal/gateway/interceptor/interceptor.go:61.10,65.17 2 0
courier-service/internal/gateway/interceptor/interceptor.go:65.17,68.43 2 0
courier-service/internal/gateway/interceptor/interceptor.go:68.43,70.5 1 0
courier-service/internal/gateway/interceptor/interceptor.go:73.3,73.13 1 0
courier-service/internal/gateway/interceptor/interceptor.go:78.68,86.10 1 0
courier-service/internal/gateway/interceptor/interceptor.go:86.10,99.17 5 0
courier-service/internal/gateway/interceptor/interceptor.go:99.17,103.4 2 0
courier-service/internal/gateway/interceptor/interceptor.go:103.9,106.4 1 0
courier-service/internal/gateway/interceptor/interceptor.go:108.3,108.13 1 0
courier-service/internal/gateway/interceptor/interceptor.go:113.45,114.14 1 0
courier-service/internal/gateway/interceptor/interceptor.go:119.18,120.14 1 0
courier-service/internal/gateway/interceptor/interceptor.go:121.10,122.15 1 0
courier-service/internal/gateway/order/dto.go:8.51,14.2 1 0
courier-service/internal/gateway/order/order.go:22.73,28.2 1 0
courier-service/internal/gateway/order/order.go:30.89,33.77 2 0
courier-service/internal/gateway/order/order.go:33.77,37.17 2 0
courier-service/internal/gateway/order/order.go:37.17,39.4 1 0
courier-service/internal/gateway/order/order.go:40.3,40.18 1 0
courier-service/internal/gateway/order/order.go:40.18,42.4 1 0
courier-service/internal/gateway/order/order.go:43.3,44.13 2 0
courier-service/internal/gateway/order/order.go:47.2,47.16 1 0
courier-service/internal/gateway/order/order.go:47.16,49.3 1 0
courier-service/internal/gateway/order/order.go:51.2,52.38 2 0
courier-service/internal/gateway/order/order.go:52.38,54.3 1 0
courier-service/internal/gateway/order/order.go:55.2,55.24 1 0
courier-service/internal/gateway/order/order.go:58.85,62.77 3 0
courier-service/internal/gateway/order/order.go:62.77,66.17 2 0
courier-service/internal/gateway/order/order.go:66.17,68.4 1 0
courier-service/internal/gateway/order/order.go:69.3,69.18 1 0
courier-service/internal/gateway/order/order.go:69.18,71.4 1 0
courier-service/internal/gateway/order/order.go:72.3,73.13 2 0
courier-service/internal/gateway/order/order.go:76.2,76.16 1 0
courier-service/internal/gateway/order/order.go:76.16,77.48 1 0
courier-service/internal/gateway/order/order.go:77.48,79.4 1 0
courier-service/internal/gateway/order/order.go:80.3,80.28 1 0
courier-service/internal/gateway/order/order.go:83.2,83.46 1 0
courier-service/internal/gateway/retry/retry.go:23.73,24.29 1 0
courier-service/internal/gateway/retry/retry.go:24.29,26.3 1 0
courier-service/internal/gateway/retry/retry.go:27.2,27.31 1 0
courier-service/internal/gateway/retry/retry.go:27.31,28.45 1 0
courier-service/internal/gateway/retry/retry.go:28.45,28.66 1 0
courier-service/internal/gateway/retry/retry.go:30.2,30.55 1 0
courier-service/internal/gateway/retry/retry.go:33.56,36.63 2 0
courier-service/internal/gateway/retry/retry.go:36.63,38.17 2 0
courier-service/internal/gateway/retry/retry.go:38.17,40.4 1 0
courier-service/internal/gateway/retry/retry.go:42.3,44.33 2 0
courier-service/internal/gateway/retry/retry.go:44.33,46.4 1 0
courier-service/internal/gateway/retry/retry.go:48.3,48.38 1 0
courier-service/internal/gateway/retry/retry.go:48.38,49.9 1 0
courier-service/internal/gateway/retry/retry.go:52.3,53.20 2 0
courier-service/internal/gateway/retry/retry.go:56.2,56.62 1 0
courier-service/internal/gateway/retry/retry.go:59.103,62.63 2 0
courier-service/internal/gateway/retry/retry.go:62.63,64.35 1 0
courier-service/internal/gateway/retry/retry.go:64.35,66.4 1 0
courier-service/internal/gateway/retry/retry.go:68.3,69.17 2 0
courier-service/internal/gateway/retry/retry.go:69.17,71.4 1 0
courier-service/internal/gateway/retry/retry.go:73.3,75.33 2 0
courier-service/internal/gateway/retry/retry.go:75.33,77.4 1 0
courier-service/internal/gateway/retry/retry.go:79.3,79.38 1 0
courier-service/internal/gateway/retry/retry.go:79.38,81.9 2 0
courier-service/internal/gateway/retry/retry.go:82.9,84.4 1 0
courier-service/internal/gateway/retry/retry.go:86.3,88.10 2 0
courier-service/internal/gateway/retry/retry.go:89.28,89.28 0 0
courier-service/internal/gateway/retry/retry.go:90.21,91.20 1 0
courier-service/internal/gateway/retry/retry.go:95.2,95.62 1 0
courier-service/internal/gateway/retry/retry.go:101.9,104.63 2 0
courier-service/internal/gateway/retry/retry.go:104.63,106.17 2 0
courier-service/internal/gateway/retry/retry.go:106.17,108.4 1 0
courier-service/internal/gateway/retry/retry.go:110.3,112.33 2 0
courier-service/internal/gateway/retry/retry.go:112.33,114.4 1 0
courier-service/internal/gateway/retry/retry.go:116.3,116.38 1 0
courier-service/internal/gateway/retry/retry.go:116.38,117.9 1 0
courier-service/internal/gateway/retry/retry.go:120.3,122.21 2 0
courier-service/internal/gateway/retry/retry.go:122.21,124.4 1 0
courier-service/internal/gateway/retry/retry.go:126.3,126.20 1 0
courier-service/internal/gateway/retry/retry.go:129.2,129.62 1 0
courier-service/internal/handlers/common/common.go:8.51,10.88 2 0
courier-service/internal/handlers/common/common.go:10.88,12.3 1 0
courier-service/internal/handlers/common/common.go:15.58,17.2 1 0
courier-service/internal/handlers/courier/courier.go:20.70,22.2 1 0
courier-service/internal/handlers/courier/courier.go:24.84,27.16 3 0
courier-service/internal/handlers/courier/courier.go:27.16,30.3 2 0
courier-service/internal/handlers/courier/courier.go:32.2,33.16 2 0
courier-service/internal/handlers/courier/courier.go:33.16,34.49 1 0
courier-service/internal/handlers/courier/courier.go:34.49,37.4 2 0
courier-service/internal/handlers/courier/courier.go:38.3,39.9 2 0
courier-service/internal/handlers/courier/courier.go:41.2,41.50 1 0
courier-service/internal/handlers/courier/courier.go:44.84,47.16 3 0
courier-service/internal/handlers/courier/courier.go:47.16,50.3 2 0
courier-service/internal/handlers/courier/courier.go:51.2,51.51 1 0
courier-service/internal/handlers/courier/courier.go:54.83,57.61 3 0
courier-service/internal/handlers/courier/courier.go:57.61,60.3 2 0
courier-service/internal/handlers/courier/courier.go:62.2,69.16 2 0
courier-service/internal/handlers/courier/courier.go:69.16,72.3 2 0
courier-service/internal/handlers/courier/courier.go:74.2,77.4 1 0
courier-service/internal/handlers/courier/courier.go:80.83,83.61 3 0
courier-service/internal/handlers/courier/courier.go:83.61,86.3 2 0
courier-service/internal/handlers/courier/courier.go:88.2,88.17 1 0
courier-service/internal/handlers/courier/courier.go:88.17,91.3 2 0
courier-service/internal/handlers/courier/courier.go:93.2,95.16 3 0
courier-service/internal/handlers/courier/courier.go:95.16,98.3 2 0
courier-service/internal/handlers/courier/courier.go:100.2,102.4 1 0
courier-service/internal/handlers/courier/dto.go:20.60,22.21 2 0
courier-service/internal/handlers/courier/dto.go:22.21,24.3 1 0
courier-service/internal/handlers/courier/dto.go:25.2,25.22 1 0
courier-service/internal/handlers/courier/dto.go:25.22,27.3 1 0
courier-service/internal/handlers/courier/dto.go:28.2,28.30 1 0
courier-service/internal/handlers/courier/dto.go:28.30,30.3 1 0
courier-service/internal/handlers/courier/dto.go:31.2,31.23 1 0
courier-service/internal/handlers/courier/dto.go:31.23,33.3 1 0
courier-service/internal/handlers/courier/dto.go:34.2,34.16 1 0
courier-service/internal/handlers/courier/errors.go:21.58,22.13 1 0
courier-service/internal/handlers/courier/errors.go:23.32,24.77 1 0
courier-service/internal/handlers/courier/errors.go:25.37,26.74 1 0
courier-service/internal/handlers/courier/errors.go:27.39,28.76 1 0
courier-service/internal/handlers/courier/errors.go:29.36,30.72 1 0
courier-service/internal/handlers/courier/errors.go:31.10,32.43 1 0
courier-service/internal/handlers/courier/errors.go:36.58,37.13 1 0
courier-service/internal/handlers/courier/errors.go:38.32,39.77 1 0
courier-service/internal/handlers/courier/errors.go:40.37,41.74 1 0
courier-service/internal/handlers/courier/errors.go:42.39,43.76 1 0
courier-service/internal/handlers/courier/errors.go:44.36,45.72 1 0
courier-service/internal/handlers/courier/errors.go:46.34,47.69 1 0
courier-service/internal/handlers/courier/errors.go:48.10,49.43 1 0
courier-service/internal/handlers/delivery/delivery.go:15.96,17.2 1 0
courier-service/internal/handlers/delivery/delivery.go:19.85,22.61 3 0
courier-service/internal/handlers/delivery/delivery.go:22.61,25.3 2 0
courier-service/internal/handlers/delivery/delivery.go:27.2,30.16 3 0
courier-service/internal/handlers/delivery/delivery.go:30.16,33.3 2 0
courier-service/internal/handlers/delivery/delivery.go:34.2,34.51 1 0
courier-service/internal/handlers/delivery/delivery.go:37.87,40.61 3 0
courier-service/internal/handlers/delivery/delivery.go:40.61,43.3 2 0
courier-service/internal/handlers/delivery/delivery.go:45.2,48.16 3 0
courier-service/internal/handlers/delivery/delivery.go:48.16,51.3 2 0
courier-service/internal/handlers/delivery/delivery.go:52.2,52.51 1 0
courier-service/internal/handlers/delivery/dto.go:34.93,40.2 1 0
courier-service/internal/handlers/delivery/dto.go:42.96,49.2 1 0
courier-service/internal/handlers/delivery/errors.go:26.66,27.13 1 0
courier-service/internal/handlers/delivery/errors.go:28.30,29.66 1 0
courier-service/internal/handlers/delivery/errors.go:30.27,31.77 1 0
courier-service/internal/handlers/delivery/errors.go:32.31,33.67 1 0
courier-service/internal/handlers/delivery/errors.go:34.10,35.43 1 0
courier-service/internal/handlers/delivery/errors.go:39.68,40.13 1 0
courier-service/internal/handlers/delivery/errors.go:41.29,42.77 1 0
courier-service/internal/handlers/delivery/errors.go:43.35,44.69 1 0
courier-service/internal/handlers/delivery/errors.go:45.10,46.43 1 0
courier-service/internal/handlers/middleware/logging/logging.go:13.35,14.46 1 0
courier-service/internal/handlers/middleware/logging/logging.go:14.46,15.72 1 0
courier-service/internal/handlers/middleware/logging/logging.go:15.72,26.21 6 0
courier-service/internal/handlers/middleware/logging/logging.go:26.21,29.5 2 0
courier-service/internal/handlers/middleware/logging/logging.go:30.4,42.5 5 0
courier-service/internal/handlers/middleware/logging/logging.go:52.50,55.2 2 0
courier-service/internal/handlers/middleware/ratelimit/ratelimit.go:12.35,13.46 1 0
courier-service/internal/handlers/middleware/ratelimit/ratelimit.go:13.46,14.72 1 0
courier-service/internal/handlers/middleware/ratelimit/ratelimit.go:14.72,15.24 1 0
courier-service/internal/handlers/middleware/ratelimit/ratelimit.go:15.24,22.69 7 0
courier-service/internal/handlers/middleware/ratelimit/ratelimit.go:22.69,24.6 1 0
courier-service/internal/handlers/middleware/ratelimit/ratelimit.go:25.5,25.11 1 0
courier-service/internal/handlers/middleware/ratelimit/ratelimit.go:28.4,29.24 2 0
courier-service/internal/handlers/queues/order/changed/order.go:18.106,20.2 1 0
courier-service/internal/handlers/queues/order/changed/order.go:22.78,24.2 1 0
courier-service/internal/handlers/queues/order/changed/order.go:26.80,28.2 1 0
courier-service/internal/handlers/queues/order/changed/order.go:30.126,31.40 1 0
courier-service/internal/handlers/queues/order/changed/order.go:31.40,35.61 3 0
courier-service/internal/handlers/queues/order/changed/order.go:35.61,37.12 2 0
courier-service/internal/handlers/queues/order/changed/order.go:40.3,44.86 3 0
courier-service/internal/handlers/queues/order/changed/order.go:44.86,45.54 1 0
courier-service/internal/handlers/queues/order/changed/order.go:45.54,47.13 2 0
courier-service/internal/handlers/queues/order/changed/order.go:49.4,49.78 1 0
courier-service/internal/handlers/queues/order/changed/order.go:52.3,52.35 1 0
courier-service/internal/handlers/queues/order/changed/order.go:54.2,54.12 1 0
courier-service/internal/handlers/utils/errorhandler.go:12.78,14.2 1 0
courier-service/internal/handlers/utils/errorhandler.go:16.67,19.2 2 0
courier-service/internal/handlers/utils/json.go:8.79,11.56 3 0
courier-service/internal/handlers/utils/json.go:11.56,13.3 1 0
courier-service/internal/model/courier.go:30.54,32.2 1 0
courier-service/internal/persistence/database/integration/clear.go:9.65,17.2 2 0
courier-service/internal/persistence/database/integration/container.go:22.72,26.21 3 0
courier-service/internal/persistence/database/integration/container.go:26.21,37.27 2 0
courier-service/internal/persistence/database/integration/container.go:37.27,39.4 1 0
courier-service/internal/persistence/database/integration/container.go:41.3,42.27 2 0
courier-service/internal/persistence/database/integration/container.go:42.27,44.4 1 0
courier-service/internal/persistence/database/integration/container.go:46.3,47.17 2 0
courier-service/internal/persistence/database/integration/container.go:47.17,49.4 1 0
courier-service/internal/persistence/database/integration/container.go:50.3,50.16 1 0
courier-service/internal/persistence/database/integration/container.go:50.16,51.63 1 0
courier-service/internal/persistence/database/integration/container.go:51.63,53.5 1 0
courier-service/internal/persistence/database/integration/container.go:55.3,55.61 1 0
courier-service/internal/persistence/database/integration/container.go:55.61,57.4 1 0
courier-service/internal/persistence/database/integration/container.go:60.2,60.26 1 0
courier-service/internal/persistence/database/integration/container.go:60.26,62.3 1 0
courier-service/internal/persistence/database/integration/container.go:64.2,64.32 1 0
courier-service/internal/repository/courier/courier.go:24.81,26.2 1 0
courier-service/internal/repository/courier/courier.go:28.98,37.16 3 0
courier-service/internal/repository/courier/courier.go:37.16,39.3 1 0
courier-service/internal/repository/courier/courier.go:41.2,47.35 3 0
courier-service/internal/repository/courier/courier.go:47.35,49.3 1 0
courier-service/internal/repository/courier/courier.go:50.2,50.16 1 0
courier-service/internal/repository/courier/courier.go:50.16,52.3 1 0
courier-service/internal/repository/courier/courier.go:54.2,54.25 1 0
courier-service/internal/repository/courier/courier.go:57.90,64.16 3 0
courier-service/internal/repository/courier/courier.go:64.16,66.3 1 0
courier-service/internal/repository/courier/courier.go:68.2,69.16 2 0
courier-service/internal/repository/courier/courier.go:69.16,71.3 1 0
courier-service/internal/repository/courier/courier.go:73.2,76.18 3 0
courier-service/internal/repository/courier/courier.go:76.18,79.17 3 0
courier-service/internal/repository/courier/courier.go:79.17,81.4 1 0
courier-service/internal/repository/courier/courier.go:82.3,82.43 1 0
courier-service/internal/repository/courier/courier.go:84.2,84.22 1 0
courier-service/internal/repository/courier/courier.go:87.102,97.16 4 0
courier-service/internal/repository/courier/courier.go:97.16,99.3 1 0
courier-service/internal/repository/courier/courier.go:101.2,102.16 2 0
courier-service/internal/repository/courier/courier.go:102.16,103.59 1 0
courier-service/internal/repository/courier/courier.go:103.59,105.4 1 0
courier-service/internal/repository/courier/courier.go:106.3,106.50 1 0
courier-service/internal/repository/courier/courier.go:109.2,109.16 1 0
courier-service/internal/repository/courier/courier.go:112.93,114.24 2 0
courier-service/internal/repository/courier/courier.go:114.24,116.3 1 0
courier-service/internal/repository/courier/courier.go:117.2,117.25 1 0
courier-service/internal/repository/courier/courier.go:117.25,119.3 1 0
courier-service/internal/repository/courier/courier.go:120.2,120.26 1 0
courier-service/internal/repository/courier/courier.go:120.26,122.3 1 0
courier-service/internal/repository/courier/courier.go:123.2,123.33 1 0
courier-service/internal/repository/courier/courier.go:123.33,125.3 1 0
courier-service/internal/repository/courier/courier.go:126.2,126.20 1 0
courier-service/internal/repository/courier/courier.go:126.20,128.3 1 0
courier-service/internal/repository/courier/courier.go:130.2,138.16 3 0
courier-service/internal/repository/courier/courier.go:138.16,140.3 1 0
courier-service/internal/repository/courier/courier.go:142.2,143.16 2 0
courier-service/internal/repository/courier/courier.go:143.16,145.3 1 0
courier-service/internal/repository/courier/courier.go:147.2,147.32 1 0
courier-service/internal/repository/courier/courier.go:147.32,149.3 1 0
courier-service/internal/repository/courier/courier.go:151.2,151.12 1 0
courier-service/internal/repository/courier/courier.go:154.94,167.16 3 0
courier-service/internal/repository/courier/courier.go:167.16,169.3 1 0
courier-service/internal/repository/courier/courier.go:171.2,174.16 3 0
courier-service/internal/repository/courier/courier.go:174.16,175.36 1 0
courier-service/internal/repository/courier/courier.go:175.36,177.4 1 0
courier-service/internal/repository/courier/courier.go:178.3,178.30 1 0
courier-service/internal/repository/courier/courier.go:181.2,181.25 1 0
courier-service/internal/repository/courier/courier.go:184.81,210.16 4 0
courier-service/internal/repository/courier/courier.go:210.16,212.3 1 0
courier-service/internal/repository/courier/courier.go:214.2,215.16 2 0
courier-service/internal/repository/courier/courier.go:215.16,217.3 1 0
courier-service/internal/repository/courier/courier.go:219.2,219.27 1 0
courier-service/internal/repository/courier/courier.go:219.27,221.3 1 0
courier-service/internal/repository/courier/courier.go:223.2,223.12 1 0
courier-service/internal/repository/courier/courier.go:226.99,234.16 3 0
courier-service/internal/repository/courier/courier.go:234.16,236.3 1 0
courier-service/internal/repository/courier/courier.go:238.2,240.16 3 0
courier-service/internal/repository/courier/courier.go:240.16,242.3 1 0
courier-service/internal/repository/courier/courier.go:243.2,243.23 1 0
courier-service/internal/repository/courier/courier.go:246.103,255.16 3 0
courier-service/internal/repository/courier/courier.go:255.16,257.3 1 0
courier-service/internal/repository/courier/courier.go:259.2,261.16 3 0
courier-service/internal/repository/courier/courier.go:261.16,262.36 1 0
courier-service/internal/repository/courier/courier.go:262.36,264.4 1 0
courier-service/internal/repository/courier/courier.go:265.3,265.50 1 0
courier-service/internal/repository/courier/courier.go:267.2,267.23 1 0
courier-service/internal/repository/delivery/delivery.go:21.68,23.2 1 0
courier-service/internal/repository/delivery/delivery.go:25.115,34.16 3 0
courier-service/internal/repository/delivery/delivery.go:34.16,36.3 1 0
courier-service/internal/repository/delivery/delivery.go:38.2,42.16 2 0
courier-service/internal/repository/delivery/delivery.go:42.16,43.59 1 0
courier-service/internal/repository/delivery/delivery.go:43.59,45.4 1 0
courier-service/internal/repository/delivery/delivery.go:46.3,46.31 1 0
courier-service/internal/repository/delivery/delivery.go:49.2,49.22 1 0
courier-service/internal/repository/delivery/delivery.go:52.108,61.16 3 0
courier-service/internal/repository/delivery/delivery.go:61.16,63.3 1 0
courier-service/internal/repository/delivery/delivery.go:65.2,67.16 3 0
courier-service/internal/repository/delivery/delivery.go:67.16,68.36 1 0
courier-service/internal/repository/delivery/delivery.go:68.36,70.4 1 0
courier-service/internal/repository/delivery/delivery.go:71.3,71.31 1 0
courier-service/internal/repository/delivery/delivery.go:74.2,74.22 1 0
courier-service/internal/repository/delivery/delivery.go:77.88,84.16 3 0
courier-service/internal/repository/delivery/delivery.go:84.16,86.3 1 0
courier-service/internal/repository/delivery/delivery.go:88.2,89.16 2 0
courier-service/internal/repository/delivery/delivery.go:89.16,91.3 1 0
courier-service/internal/repository/delivery/delivery.go:93.2,93.32 1 0
courier-service/internal/repository/delivery/delivery.go:93.32,95.3 1 0
courier-service/internal/repository/delivery/delivery.go:97.2,97.12 1 0
courier-service/internal/repository/entity/courier.go:19.44,29.2 1 0
courier-service/internal/repository/txrunner/txrunner.go:13.51,15.2 1 0
courier-service/internal/repository/txrunner/txrunner.go:17.90,19.16 2 0
courier-service/internal/repository/txrunner/txrunner.go:19.16,21.3 1 0
courier-service/internal/repository/txrunner/txrunner.go:23.2,25.34 2 0
courier-service/internal/repository/txrunner/txrunner.go:25.34,28.3 2 0
courier-service/internal/repository/txrunner/txrunner.go:29.2,29.23 1 0
courier-service/internal/repository/utils/database/constants.go:39.53,40.20 1 0
courier-service/internal/repository/utils/database/constants.go:40.20,42.3 1 0
courier-service/internal/repository/utils/database/constants.go:43.2,43.48 1 0
courier-service/internal/routing/common.go:9.41,12.2 2 0
courier-service/internal/routing/courier.go:7.60,12.2 4 0
courier-service/internal/routing/delivery.go:7.62,10.2 2 0
courier-service/internal/routing/normalizer.go:11.48,13.2 1 0
courier-service/internal/routing/normalizer.go:15.63,17.17 2 0
courier-service/internal/routing/normalizer.go:17.17,19.3 1 0
courier-service/internal/routing/normalizer.go:22.2,22.41 1 0
courier-service/internal/routing/normalizer.go:22.41,24.3 1 0
courier-service/internal/routing/normalizer.go:27.2,27.24 1 0
courier-service/internal/routing/normalizer.go:27.24,29.51 2 0
courier-service/internal/routing/normalizer.go:29.51,30.42 1 0
courier-service/internal/routing/normalizer.go:30.42,32.5 1 0
courier-service/internal/routing/normalizer.go:36.2,36.18 1 0
courier-service/internal/routing/root.go:18.12,24.29 3 0
courier-service/internal/routing/root.go:24.29,42.3 4 0
courier-service/internal/routing/root.go:44.2,44.10 1 0
courier-service/internal/usecase/courier/courier.go:19.120,25.2 1 0
courier-service/internal/usecase/courier/courier.go:27.101,31.6 3 0
courier-service/internal/usecase/courier/courier.go:31.6,32.10 1 0
courier-service/internal/usecase/courier/courier.go:33.21,34.10 1 0
courier-service/internal/usecase/courier/courier.go:35.24,36.69 1 0
courier-service/internal/usecase/courier/courier.go:36.69,38.5 1 0
courier-service/internal/usecase/courier/courier.go:39.4,39.74 1 0
courier-service/internal/usecase/courier/courier.go:44.95,47.16 2 0
courier-service/internal/usecase/courier/courier.go:47.16,48.53 1 0
courier-service/internal/usecase/courier/courier.go:48.53,50.4 1 0
courier-service/internal/usecase/courier/courier.go:51.3,51.30 1 0
courier-service/internal/usecase/courier/courier.go:54.2,54.21 1 0
courier-service/internal/usecase/courier/courier.go:57.87,59.16 2 0
courier-service/internal/usecase/courier/courier.go:59.16,61.3 1 0
courier-service/internal/usecase/courier/courier.go:62.2,62.22 1 0
courier-service/internal/usecase/courier/courier.go:65.99,66.102 1 0
courier-service/internal/usecase/courier/courier.go:66.102,68.3 1 0
courier-service/internal/usecase/courier/courier.go:70.2,70.67 1 0
courier-service/internal/usecase/courier/courier.go:70.67,72.3 1 0
courier-service/internal/usecase/courier/courier.go:74.2,74.38 1 0
courier-service/internal/usecase/courier/courier.go:74.38,76.3 1 0
courier-service/internal/usecase/courier/courier.go:78.2,78.92 1 0
courier-service/internal/usecase/courier/courier.go:78.92,80.3 1 0
courier-service/internal/usecase/courier/courier.go:80.8,80.23 1 0
courier-service/internal/usecase/courier/courier.go:80.23,82.3 1 0
courier-service/internal/usecase/courier/courier.go:84.2,84.49 1 0
courier-service/internal/usecase/courier/courier.go:87.90,88.102 1 0
courier-service/internal/usecase/courier/courier.go:88.102,90.3 1 0
courier-service/internal/usecase/courier/courier.go:91.2,91.33 1 0
courier-service/internal/usecase/courier/courier.go:91.33,92.68 1 0
courier-service/internal/usecase/courier/courier.go:92.68,94.4 1 0
courier-service/internal/usecase/courier/courier.go:96.2,96.25 1 0
courier-service/internal/usecase/courier/courier.go:96.25,97.39 1 0
courier-service/internal/usecase/courier/courier.go:97.39,99.4 1 0
courier-service/internal/usecase/courier/courier.go:100.3,100.92 1 0
courier-service/internal/usecase/courier/courier.go:100.92,102.4 1 0
courier-service/internal/usecase/courier/courier.go:102.9,102.25 1 0
courier-service/internal/usecase/courier/courier.go:102.25,104.4 1 0
courier-service/internal/usecase/courier/courier.go:107.2,107.65 1 0
courier-service/internal/usecase/courier/courier.go:107.65,108.53 1 0
courier-service/internal/usecase/courier/courier.go:108.53,110.4 1 0
courier-service/internal/usecase/courier/courier.go:111.3,111.13 1 0
courier-service/internal/usecase/courier/courier.go:113.2,113.12 1 0
courier-service/internal/usecase/courier/courier.go:116.42,119.2 2 0
courier-service/internal/usecase/delivery/assign/assign.go:25.27,32.2 1 0
courier-service/internal/usecase/delivery/assign/assign.go:34.110,35.19 1 0
courier-service/internal/usecase/delivery/assign/assign.go:35.19,37.3 1 0
courier-service/internal/usecase/delivery/assign/assign.go:38.2,41.63 4 0
courier-service/internal/usecase/delivery/assign/assign.go:41.63,43.17 2 0
courier-service/internal/usecase/delivery/assign/assign.go:43.17,44.57 1 0
courier-service/internal/usecase/delivery/assign/assign.go:44.57,46.5 1 0
courier-service/internal/usecase/delivery/assign/assign.go:47.4,47.14 1 0
courier-service/internal/usecase/delivery/assign/assign.go:50.3,51.16 2 0
courier-service/internal/usecase/delivery/assign/assign.go:51.16,53.4 1 0
[...]
courier-service/internal/usecase/delivery/assign/assign.go:70.69,72.4 1 0
courier-service/internal/usecase/delivery/assign/assign.go:74.3,76.13 3 0
courier-service/internal/usecase/delivery/assign/assign.go:78.2,78.16 1 0
courier-service/internal/usecase/delivery/assign/assign.go:78.16,80.3 1 0
courier-service/internal/usecase/delivery/assign/assign.go:81.2,82.18 2 0
courier-service/internal/usecase/delivery/assign/dto.go:16.100,23.2 1 0
courier-service/internal/usecase/delivery/complete/complete.go:16.95,18.2 1 0
courier-service/internal/usecase/delivery/complete/complete.go:20.87,22.16 2 0
courier-service/internal/usecase/delivery/complete/complete.go:22.16,23.51 1 0
courier-service/internal/usecase/delivery/complete/complete.go:23.51,25.4 1 0
courier-service/internal/usecase/delivery/complete/complete.go:26.3,26.47 1 0
courier-service/internal/usecase/delivery/complete/complete.go:29.2,32.16 2 0
courier-service/internal/usecase/delivery/complete/complete.go:32.16,34.3 1 0
courier-service/internal/usecase/delivery/complete/complete.go:36.2,36.12 1 0
courier-service/internal/usecase/delivery/unassign/unassign.go:21.29,27.2 1 0
courier-service/internal/usecase/delivery/unassign/unassign.go:29.97,30.19 1 0
courier-service/internal/usecase/delivery/unassign/unassign.go:30.19,32.3 1 0
courier-service/internal/usecase/delivery/unassign/unassign.go:34.2,35.63 2 0
courier-service/internal/usecase/delivery/unassign/unassign.go:35.63,37.17 2 0
courier-service/internal/usecase/delivery/unassign/unassign.go:37.17,38.55 1 0
courier-service/internal/usecase/delivery/unassign/unassign.go:38.55,40.5 1 0
courier-service/internal/usecase/delivery/unassign/unassign.go:41.4,41.14 1 0
courier-service/internal/usecase/delivery/unassign/unassign.go:44.3,44.77 1 0
courier-service/internal/usecase/delivery/unassign/unassign.go:44.77,45.55 1 0
courier-service/internal/usecase/delivery/unassign/unassign.go:45.55,47.5 1 0
courier-service/internal/usecase/delivery/unassign/unassign.go:48.4,48.14 1 0
courier-service/internal/usecase/delivery/unassign/unassign.go:51.3,52.17 2 0
courier-service/internal/usecase/delivery/unassign/unassign.go:52.17,54.4 1 0
courier-service/internal/usecase/delivery/unassign/unassign.go:56.3,57.75 2 0
courier-service/internal/usecase/delivery/unassign/unassign.go:57.75,59.4 1 0
courier-service/internal/usecase/delivery/unassign/unassign.go:61.3,63.13 2 0
courier-service/internal/usecase/delivery/unassign/unassign.go:65.2,65.16 1 0
courier-service/internal/usecase/delivery/unassign/unassign.go:65.16,67.3 1 0
courier-service/internal/usecase/delivery/unassign/unassign.go:69.2,69.23 1 0
courier-service/internal/usecase/order/changed/changed.go:15.113,21.2 1 0
courier-service/internal/usecase/order/changed/changed.go:23.126,24.42 1 0
courier-service/internal/usecase/order/changed/changed.go:24.42,27.17 3 0
courier-service/internal/usecase/order/changed/changed.go:27.17,29.4 1 0
courier-service/internal/usecase/order/changed/changed.go:31.3,31.29 1 0
courier-service/internal/usecase/order/changed/changed.go:31.29,34.4 2 0
courier-service/internal/usecase/order/changed/changed.go:37.2,38.9 2 0
courier-service/internal/usecase/order/changed/changed.go:38.9,40.3 1 0
courier-service/internal/usecase/order/changed/changed.go:41.2,41.65 1 0
courier-service/internal/usecase/order/changed/factory.go:9.70,11.2 1 0
courier-service/internal/usecase/order/changed/factory.go:13.67,16.2 2 0
courier-service/internal/usecase/order/changed/processor/cancelled.go:13.76,15.2 1 0
courier-service/internal/usecase/order/changed/processor/cancelled.go:17.124,20.2 2 0
courier-service/internal/usecase/order/changed/processor/completed.go:17.76,19.2 1 0
courier-service/internal/usecase/order/changed/processor/completed.go:21.124,23.16 2 0
courier-service/internal/usecase/order/changed/processor/completed.go:23.16,24.48 1 0
courier-service/internal/usecase/order/changed/processor/completed.go:24.48,26.4 1 0
courier-service/internal/usecase/order/changed/processor/completed.go:27.3,27.47 1 0
courier-service/internal/usecase/order/changed/processor/completed.go:29.2,29.12 1 0
courier-service/internal/usecase/order/changed/processor/created.go:13.68,15.2 1 0
courier-service/internal/usecase/order/changed/processor/created.go:17.122,20.2 2 0
courier-service/internal/usecase/order/monitoring/monitoring.go:25.27,34.2 1 1
courier-service/internal/usecase/order/monitoring/monitoring.go:36.93,40.6 3 1
courier-service/internal/usecase/order/monitoring/monitoring.go:40.6,41.10 1 1
courier-service/internal/usecase/order/monitoring/monitoring.go:42.21,43.10 1 1
courier-service/internal/usecase/order/monitoring/monitoring.go:44.19,48.18 4 1
courier-service/internal/usecase/order/monitoring/monitoring.go:48.18,50.13 2 1
courier-service/internal/usecase/order/monitoring/monitoring.go:52.4,52.33 1 1
courier-service/internal/usecase/order/monitoring/monitoring.go:52.33,54.19 2 1
courier-service/internal/usecase/order/monitoring/monitoring.go:54.19,56.14 2 1
courier-service/internal/usecase/order/monitoring/monitoring.go:58.5,58.81 1 1
courier-service/internal/usecase/utils/timecalculator.go:15.56,17.2 1 0
courier-service/internal/usecase/utils/timecalculator.go:23.58,25.2 1 0
courier-service/internal/usecase/utils/timecalculator.go:27.59,29.2 1 0
courier-service/internal/usecase/utils/timecalculator.go:31.55,33.2 1 0
courier-service/internal/usecase/utils/timecalculator.go:35.113,36.21 1 0
courier-service/internal/usecase/utils/timecalculator.go:37.33,38.29 1 0
courier-service/internal/usecase/utils/timecalculator.go:39.34,40.30 1 0
courier-service/internal/usecase/utils/timecalculator.go:41.30,42.26 1 0
courier-service/internal/usecase/utils/timecalculator.go:43.10,44.13 1 0
courier-service/pkg/database/postgres/database.go:11.62,13.16 2 0
courier-service/pkg/database/postgres/database.go:13.16,15.3 1 0
courier-service/pkg/database/postgres/database.go:17.2,26.16 8 0
courier-service/pkg/database/postgres/database.go:26.16,28.3 1 0
courier-service/pkg/database/postgres/database.go:30.2,32.40 3 0
courier-service/pkg/database/postgres/database.go:32.40,36.21 4 0
courier-service/pkg/database/postgres/database.go:36.21,37.9 1 0
courier-service/pkg/database/postgres/database.go:39.3,40.27 2 0
courier-service/pkg/database/postgres/database.go:40.27,42.4 1 0
courier-service/pkg/database/postgres/database.go:45.2,45.20 1 0
courier-service/pkg/database/postgres/database.go:45.20,47.3 1 0
courier-service/pkg/database/postgres/database.go:48.2,50.13 2 0
courier-service/pkg/delay/fulljitter/fulljitter.go:18.97,20.24 2 0
courier-service/pkg/delay/fulljitter/fulljitter.go:20.24,22.3 1 0
courier-service/pkg/delay/fulljitter/fulljitter.go:22.8,24.3 1 0
courier-service/pkg/delay/fulljitter/fulljitter.go:25.2,30.3 1 0
courier-service/pkg/delay/fulljitter/fulljitter.go:33.59,35.36 2 0
courier-service/pkg/delay/fulljitter/fulljitter.go:35.36,37.3 1 0
courier-service/pkg/delay/fulljitter/fulljitter.go:39.2,39.50 1 0
courier-service/pkg/logger/zap/logger.go:32.47,33.15 1 0
courier-service/pkg/logger/zap/logger.go:34.20,35.27 1 0
courier-service/pkg/logger/zap/logger.go:36.21,37.28 1 0
courier-service/pkg/logger/zap/logger.go:38.20,39.27 1 0
courier-service/pkg/logger/zap/logger.go:40.21,41.28 1 0
courier-service/pkg/logger/zap/logger.go:42.10,43.27 1 0
courier-service/pkg/logger/zap/logger.go:47.40,48.11 1 0
courier-service/pkg/logger/zap/logger.go:49.25,50.25 1 0
courier-service/pkg/logger/zap/logger.go:51.26,52.24 1 0
courier-service/pkg/logger/zap/logger.go:53.25,54.26 1 0
courier-service/pkg/logger/zap/logger.go:55.87,56.23 1 0
courier-service/pkg/logger/zap/logger.go:57.10,58.25 1 0
courier-service/pkg/logger/zap/logger.go:62.71,65.2 2 0
courier-service/pkg/logger/zap/logger.go:71.41,92.2 5 0
courier-service/pkg/logger/zap/logger.go:94.66,96.2 1 0
courier-service/pkg/logger/zap/logger.go:98.45,100.2 1 0
courier-service/pkg/logger/zap/logger.go:102.61,104.2 1 0
courier-service/pkg/logger/zap/logger.go:106.67,108.2 1 0
courier-service/pkg/logger/zap/logger.go:110.44,112.2 1 0
courier-service/pkg/logger/zap/logger.go:114.60,116.2 1 0
courier-service/pkg/logger/zap/logger.go:118.66,120.2 1 0
courier-service/pkg/logger/zap/logger.go:122.44,124.2 1 0
courier-service/pkg/logger/zap/logger.go:126.60,128.2 1 0
courier-service/pkg/logger/zap/logger.go:130.66,132.2 1 0
courier-service/pkg/logger/zap/logger.go:134.45,136.2 1 0
courier-service/pkg/logger/zap/logger.go:138.61,140.2 1 0
courier-service/pkg/logger/zap/logger.go:142.67,144.2 1 0
courier-service/pkg/logger/zap/logger.go:146.45,148.2 1 0
courier-service/pkg/logger/zap/logger.go:150.61,152.2 1 0
courier-service/pkg/metrics/prometheus/handler.go:13.42,17.2 1 0
courier-service/pkg/metrics/prometheus/handler.go:19.76,21.2 1 0
courier-service/pkg/metrics/prometheus/metrics.go:14.61,53.2 3 0
courier-service/pkg/metrics/prometheus/metrics.go:59.60,63.2 1 0
courier-service/pkg/metrics/prometheus/metrics.go:65.68,67.2 1 0
courier-service/pkg/metrics/prometheus/metrics.go:69.87,71.2 1 0
courier-service/pkg/metrics/prometheus/metrics.go:73.58,75.2 1 0
courier-service/pkg/metrics/prometheus/metrics.go:77.70,79.2 1 0
courier-service/pkg/ratelimiter/tokenbucket/tokenbucket.go:18.84,19.18 1 0
courier-service/pkg/ratelimiter/tokenbucket/tokenbucket.go:19.18,21.3 1 0
courier-service/pkg/ratelimiter/tokenbucket/tokenbucket.go:22.2,29.11 3 0
courier-service/pkg/ratelimiter/tokenbucket/tokenbucket.go:32.37,38.19 4 0
courier-service/pkg/ratelimiter/tokenbucket/tokenbucket.go:38.19,41.3 2 0
courier-service/pkg/ratelimiter/tokenbucket/tokenbucket.go:43.2,43.14 1 0
courier-service/pkg/ratelimiter/tokenbucket/tokenbucket.go:46.33,51.21 4 0
courier-service/pkg/ratelimiter/tokenbucket/tokenbucket.go:51.21,53.30 2 0
courier-service/pkg/ratelimiter/tokenbucket/tokenbucket.go:53.30,55.4 1 0
courier-service/pkg/ratelimiter/tokenbucket/tokenbucket.go:56.3,56.22 1 0
courier-service/pkg/ratelimiter/tokenbucket/tokenbucket.go:60.37,64.2 3 0
courier-service/pkg/shutdown/shutdown.go:10.40,16.12 4 0
courier-service/pkg/shutdown/shutdown.go:16.12,19.3 2 0
courier-service/pkg/shutdown/shutdown.go:21.2,21.12 1 0
courier-service/proto/order/order.pb.go:39.24,44.2 4 0
courier-service/proto/order/order.pb.go:46.32,48.2 1 0
courier-service/proto/order/order.pb.go:50.30,50.31 0 0
courier-service/proto/order/order.pb.go:52.52,54.14 2 0
courier-service/proto/order/order.pb.go:54.14,56.34 2 0
courier-service/proto/order/order.pb.go:56.34,58.4 1 0
courier-service/proto/order/order.pb.go:59.3,59.12 1 0
courier-service/proto/order/order.pb.go:61.2,61.24 1 0
courier-service/proto/order/order.pb.go:65.43,67.2 1 0
courier-service/proto/order/order.pb.go:69.33,70.14 1 0
courier-service/proto/order/order.pb.go:70.14,72.3 1 0
courier-service/proto/order/order.pb.go:73.2,73.11 1 0
courier-service/proto/order/order.pb.go:76.33,77.14 1 0
courier-service/proto/order/order.pb.go:77.14,79.3 1 0
courier-service/proto/order/order.pb.go:80.2,80.10 1 0
courier-service/proto/order/order.pb.go:83.36,84.14 1 0
courier-service/proto/order/order.pb.go:84.14,86.3 1 0
courier-service/proto/order/order.pb.go:87.2,87.10 1 0
courier-service/proto/order/order.pb.go:102.35,107.2 4 0
courier-service/proto/order/order.pb.go:109.43,111.2 1 0
courier-service/proto/order/order.pb.go:113.41,113.42 0 0
courier-service/proto/order/order.pb.go:115.63,117.14 2 0
courier-service/proto/order/order.pb.go:117.14,119.34 2 0
courier-service/proto/order/order.pb.go:119.34,121.4 1 0
courier-service/proto/order/order.pb.go:122.3,122.12 1 0
courier-service/proto/order/order.pb.go:124.2,124.24 1 0
courier-service/proto/order/order.pb.go:128.54,130.2 1 0
courier-service/proto/order/order.pb.go:132.46,133.14 1 0
courier-service/proto/order/order.pb.go:133.14,135.3 1 0
courier-service/proto/order/order.pb.go:136.2,136.11 1 0
courier-service/proto/order/order.pb.go:139.45,140.14 1 0
courier-service/proto/order/order.pb.go:140.14,142.3 1 0
courier-service/proto/order/order.pb.go:143.2,143.11 1 0
courier-service/proto/order/order.pb.go:146.49,147.14 1 0
courier-service/proto/order/order.pb.go:147.14,149.3 1 0
courier-service/proto/order/order.pb.go:150.2,150.11 1 0
courier-service/proto/order/order.pb.go:153.45,154.14 1 0
courier-service/proto/order/order.pb.go:154.14,156.3 1 0
courier-service/proto/order/order.pb.go:157.2,157.11 1 0
courier-service/proto/order/order.pb.go:160.47,161.14 1 0
courier-service/proto/order/order.pb.go:161.14,163.3 1 0
courier-service/proto/order/order.pb.go:164.2,164.11 1 0
courier-service/proto/order/order.pb.go:186.25,191.2 4 0
courier-service/proto/order/order.pb.go:193.33,195.2 1 0
courier-service/proto/order/order.pb.go:197.31,197.32 0 0
courier-service/proto/order/order.pb.go:199.53,201.14 2 0
courier-service/proto/order/order.pb.go:201.14,203.34 2 0
courier-service/proto/order/order.pb.go:203.34,205.4 1 0
courier-service/proto/order/order.pb.go:206.3,206.12 1 0
courier-service/proto/order/order.pb.go:208.2,208.24 1 0
courier-service/proto/order/order.pb.go:212.44,214.2 1 0
courier-service/proto/order/order.pb.go:216.32,217.14 1 0
courier-service/proto/order/order.pb.go:217.14,219.3 1 0
courier-service/proto/order/order.pb.go:220.2,220.11 1 0
courier-service/proto/order/order.pb.go:223.36,224.14 1 0
courier-service/proto/order/order.pb.go:224.14,226.3 1 0
courier-service/proto/order/order.pb.go:227.2,227.11 1 0
courier-service/proto/order/order.pb.go:230.41,231.14 1 0
courier-service/proto/order/order.pb.go:231.14,233.3 1 0
courier-service/proto/order/order.pb.go:234.2,234.11 1 0
courier-service/proto/order/order.pb.go:237.33,238.14 1 0
courier-service/proto/order/order.pb.go:238.14,240.3 1 0
courier-service/proto/order/order.pb.go:241.2,241.11 1 0
courier-service/proto/order/order.pb.go:244.42,245.14 1 0
courier-service/proto/order/order.pb.go:245.14,247.3 1 0
courier-service/proto/order/order.pb.go:248.2,248.11 1 0
courier-service/proto/order/order.pb.go:251.36,252.14 1 0
courier-service/proto/order/order.pb.go:252.14,254.3 1 0
courier-service/proto/order/order.pb.go:255.2,255.12 1 0
courier-service/proto/order/order.pb.go:258.39,259.14 1 0
courier-service/proto/order/order.pb.go:259.14,261.3 1 0
courier-service/proto/order/order.pb.go:262.2,262.10 1 0
courier-service/proto/order/order.pb.go:265.47,266.14 1 0
courier-service/proto/order/order.pb.go:266.14,268.3 1 0
courier-service/proto/order/order.pb.go:269.2,269.12 1 0
courier-service/proto/order/order.pb.go:272.36,273.14 1 0
courier-service/proto/order/order.pb.go:273.14,275.3 1 0
courier-service/proto/order/order.pb.go:276.2,276.11 1 0
courier-service/proto/order/order.pb.go:279.55,280.14 1 0
courier-service/proto/order/order.pb.go:280.14,282.3 1 0
courier-service/proto/order/order.pb.go:283.2,283.12 1 0
courier-service/proto/order/order.pb.go:286.55,287.14 1 0
courier-service/proto/order/order.pb.go:287.14,289.3 1 0
courier-service/proto/order/order.pb.go:290.2,290.12 1 0
courier-service/proto/order/order.pb.go:293.63,294.14 1 0
courier-service/proto/order/order.pb.go:294.14,296.3 1 0
courier-service/proto/order/order.pb.go:297.2,297.12 1 0
courier-service/proto/order/order.pb.go:308.36,313.2 4 0
courier-service/proto/order/order.pb.go:315.44,317.2 1 0
courier-service/proto/order/order.pb.go:319.42,319.43 0 0
courier-service/proto/order/order.pb.go:321.64,323.14 2 0
courier-service/proto/order/order.pb.go:323.14,325.34 2 0
courier-service/proto/order/order.pb.go:325.34,327.4 1 0
courier-service/proto/order/order.pb.go:328.3,328.12 1 0
courier-service/proto/order/order.pb.go:330.2,330.24 1 0
courier-service/proto/order/order.pb.go:334.55,336.2 1 0
courier-service/proto/order/order.pb.go:338.61,339.14 1 0
courier-service/proto/order/order.pb.go:339.14,341.3 1 0
courier-service/proto/order/order.pb.go:342.2,342.12 1 0
courier-service/proto/order/order.pb.go:353.39,358.2 4 0
courier-service/proto/order/order.pb.go:360.47,362.2 1 0
courier-service/proto/order/order.pb.go:364.45,364.46 0 0
courier-service/proto/order/order.pb.go:366.67,368.14 2 0
courier-service/proto/order/order.pb.go:368.14,370.34 2 0
courier-service/proto/order/order.pb.go:370.34,372.4 1 0
courier-service/proto/order/order.pb.go:373.3,373.12 1 0
courier-service/proto/order/order.pb.go:375.2,375.24 1 0
courier-service/proto/order/order.pb.go:379.58,381.2 1 0
courier-service/proto/order/order.pb.go:383.46,384.14 1 0
courier-service/proto/order/order.pb.go:384.14,386.3 1 0
courier-service/proto/order/order.pb.go:387.2,387.11 1 0
courier-service/proto/order/order.pb.go:398.37,403.2 4 0
courier-service/proto/order/order.pb.go:405.45,407.2 1 0
courier-service/proto/order/order.pb.go:409.43,409.44 0 0
courier-service/proto/order/order.pb.go:411.65,413.14 2 0
courier-service/proto/order/order.pb.go:413.14,415.34 2 0
courier-service/proto/order/order.pb.go:415.34,417.4 1 0
courier-service/proto/order/order.pb.go:418.3,418.12 1 0
courier-service/proto/order/order.pb.go:420.2,420.24 1 0
courier-service/proto/order/order.pb.go:424.56,426.2 1 0
courier-service/proto/order/order.pb.go:428.50,429.14 1 0
courier-service/proto/order/order.pb.go:429.14,431.3 1 0
courier-service/proto/order/order.pb.go:432.2,432.12 1 0
courier-service/proto/order/order.pb.go:443.40,448.2 4 0
courier-service/proto/order/order.pb.go:450.48,452.2 1 0
courier-service/proto/order/order.pb.go:454.46,454.47 0 0
courier-service/proto/order/order.pb.go:456.68,458.14 2 0
courier-service/proto/order/order.pb.go:458.14,460.34 2 0
courier-service/proto/order/order.pb.go:460.34,462.4 1 0
courier-service/proto/order/order.pb.go:463.3,463.12 1 0
courier-service/proto/order/order.pb.go:465.2,465.24 1 0
courier-service/proto/order/order.pb.go:469.59,471.2 1 0
courier-service/proto/order/order.pb.go:473.50,474.14 1 0
courier-service/proto/order/order.pb.go:474.14,476.3 1 0
courier-service/proto/order/order.pb.go:477.2,477.12 1 0
courier-service/proto/order/order.pb.go:529.56,530.53 1 0
courier-service/proto/order/order.pb.go:530.53,532.3 1 0
courier-service/proto/order/order.pb.go:533.2,533.49 1 0
courier-service/proto/order/order.pb.go:567.13,567.52 1 0
courier-service/proto/order/order.pb.go:568.42,569.41 1 0
courier-service/proto/order/order.pb.go:569.41,571.3 1 0
courier-service/proto/order/order.pb.go:572.2,588.44 5 0
courier-service/proto/order/order_grpc.pb.go:44.78,46.2 1 0
courier-service/proto/order/order_grpc.pb.go:48.137,52.16 4 0
courier-service/proto/order/order_grpc.pb.go:52.16,54.3 1 0
courier-service/proto/order/order_grpc.pb.go:55.2,55.17 1 0
courier-service/proto/order/order_grpc.pb.go:58.146,62.16 4 0
courier-service/proto/order/order_grpc.pb.go:62.16,64.3 1 0
courier-service/proto/order/order_grpc.pb.go:65.2,65.17 1 0
courier-service/proto/order/order_grpc.pb.go:86.115,88.2 1 0
courier-service/proto/order/order_grpc.pb.go:89.124,91.2 1 0
courier-service/proto/order/order_grpc.pb.go:92.86,92.87 0 0
courier-service/proto/order/order_grpc.pb.go:93.86,93.87 0 0
courier-service/proto/order/order_grpc.pb.go:102.84,107.59 1 0
courier-service/proto/order/order_grpc.pb.go:107.59,109.3 1 0
courier-service/proto/order/order_grpc.pb.go:110.2,110.52 1 0
courier-service/proto/order/order_grpc.pb.go:113.168,115.32 2 0
courier-service/proto/order/order_grpc.pb.go:115.32,117.3 1 0
courier-service/proto/order/order_grpc.pb.go:118.2,118.24 1 0
courier-service/proto/order/order_grpc.pb.go:118.24,120.3 1 0
courier-service/proto/order/order_grpc.pb.go:121.2,125.77 2 0
courier-service/proto/order/order_grpc.pb.go:125.77,127.3 1 0
courier-service/proto/order/order_grpc.pb.go:128.2,128.44 1 0
courier-service/proto/order/order_grpc.pb.go:131.171,133.32 2 0
courier-service/proto/order/order_grpc.pb.go:133.32,135.3 1 0
courier-service/proto/order/order_grpc.pb.go:136.2,136.24 1 0
courier-service/proto/order/order_grpc.pb.go:136.24,138.3 1 0
courier-service/proto/order/order_grpc.pb.go:139.2,143.77 2 0
courier-service/proto/order/order_grpc.pb.go:143.77,145.3 1 0
courier-service/proto/order/order_grpc.pb.go:146.2,146.44 1 0
